<?xml version="1.0" encoding="UTF-8"?>
<testsuite xmlns:xsi="http://www.w3.org/2001/XMLSchema-instance" xsi:noNamespaceSchemaLocation="https://maven.apache.org/surefire/maven-surefire-plugin/xsd/surefire-test-report.xsd" version="3.0.2" name="Usermenu dropdown all testcases" time="838.593" tests="40" errors="4" skipped="0" failures="0">
  <properties>
[...]
</properties>
  <testcase name="TC10 Create New Account" classname="Accounts all testcases" time="24.903">
    <system-out><![CDATA[
@Smoke @Accounts
&amp#27;[1mScenario:&amp#27;[22m TC10 Create New Account                                                &amp#27;[90m# features/Accounts.feature:8&amp#27;[39m
  &amp#27;[32m✔&amp#27;[39m &amp#27;[32m&amp#27;[1mGiven &amp#27;[22mUser secure launch the application&amp#27;[39m                                     &amp#27;[90m# training.steps.Steps.user_secure_launch_the_application()&amp#27;[39m
  &amp#27;[32m✔&amp#27;[39m &amp#27;[32m&amp#27;[1mGiven &amp#27;[22mUser is on &amp#27;[1m"HomePage"&amp#27;[22m&amp#27;[39m                                                  &amp#27;[90m# training.steps.Steps.user_is_on(java.lang.String)&amp#27;[39m
  &amp#27;[32m✔&amp#27;[39m &amp#27;[32m&amp#27;[1mWhen &amp#27;[22mUser click on link &amp#27;[1m"accounts"&amp#27;[22m&amp#27;[39m                                           &amp#27;[90m# training.steps.Steps.user_click_on_link(java.lang.String)&amp#27;[39m
  &amp#27;[32m✔&amp#27;[39m &amp#27;[32m&amp#27;[1mAnd &amp#27;[22mUser is on &amp#27;[1m"AccountsHomePage"&amp#27;[22m&amp#27;[39m                                            &amp#27;[90m# training.steps.Steps.user_is_on(java.lang.String)&amp#27;[39m
  &amp#27;[32m✔&amp#27;[39m &amp#27;[32m&amp#27;[1mThen &amp#27;[22mUser verify the text &amp#27;[1m"pagetype"&amp#27;[22m &amp#27;[1m"Accounts"&amp#27;[22m&amp#27;[39m                              &amp#27;[90m# training.steps.Steps.user_verify_the_text(java.lang.String,java.lang.String)&amp#27;[39m
  &amp#27;[32m✔&amp#27;[39m &amp#27;[32m&amp#27;[1mWhen &amp#27;[22mUser click on button &amp#27;[1m"new"&amp#27;[22m&amp#27;[39m                                              &amp#27;[90m# training.steps.Steps.user_click_on_button(java.lang.String)&amp#27;[39m
  &amp#27;[32m✔&amp#27;[39m &amp#27;[32m&amp#27;[1mAnd &amp#27;[22mUser is on &amp#27;[1m"AccountsEditPage"&amp#27;[22m&amp#27;[39m                                            &amp#27;[90m# training.steps.Steps.user_is_on(java.lang.String)&amp#27;[39m
  &amp#27;[32m✔&amp#27;[39m &amp#27;[32m&amp#27;[1mThen &amp#27;[22mUser verify the text &amp#27;[1m"pagedescription"&amp#27;[22m &amp#27;[1m"New Account"&amp#27;[22m&amp#27;[39m                    &amp#27;[90m# training.steps.Steps.user_verify_the_text(java.lang.String,java.lang.String)&amp#27;[39m
  &amp#27;[32m✔&amp#27;[39m &amp#27;[32m&amp#27;[1mWhen &amp#27;[22mUser read and enter into textbox &amp#27;[1m"accountname"&amp#27;[22m&amp#27;[39m                          &amp#27;[90m# training.steps.Steps.user_read_and_enter_into_textbox(java.lang.String)&amp#27;[39m
  &amp#27;[32m✔&amp#27;[39m &amp#27;[32m&amp#27;[1mAnd &amp#27;[22mUser read and select from dropdown &amp#27;[1m"accounttypedropdown"&amp#27;[22m &amp#27;[1m"accounttype"&amp#27;[22m&amp#27;[39m   &amp#27;[90m# training.steps.Steps.user_read_and_select_from_dropdown(java.lang.String,java.lang.String)&amp#27;[39m
  &amp#27;[32m✔&amp#27;[39m &amp#27;[32m&amp#27;[1mAnd &amp#27;[22mUser read and select from dropdown &amp#27;[1m"custprioritydropdown"&amp#27;[22m &amp#27;[1m"custpriority"&amp#27;[22m&amp#27;[39m &amp#27;[90m# training.steps.Steps.user_read_and_select_from_dropdown(java.lang.String,java.lang.String)&amp#27;[39m
  &amp#27;[32m✔&amp#27;[39m &amp#27;[32m&amp#27;[1mAnd &amp#27;[22mUser click on button &amp#27;[1m"save"&amp#27;[22m&amp#27;[39m                                              &amp#27;[90m# training.steps.Steps.user_click_on_button(java.lang.String)&amp#27;[39m
  &amp#27;[32m✔&amp#27;[39m &amp#27;[32m&amp#27;[1mAnd &amp#27;[22mUser is on &amp#27;[1m"AccountsDetailsPage"&amp#27;[22m&amp#27;[39m                                         &amp#27;[90m# training.steps.Steps.user_is_on(java.lang.String)&amp#27;[39m
  &amp#27;[32m✔&amp#27;[39m &amp#27;[32m&amp#27;[1mThen &amp#27;[22mUser verify the data contains &amp#27;[1m"updatedaccountname"&amp#27;[22m &amp#27;[1m"accountname"&amp#27;[22m&amp#27;[39m        &amp#27;[90m# training.steps.Steps.user_verify_the_data_contains(java.lang.String,java.lang.String)&amp#27;[39m
  &amp#27;[32m✔&amp#27;[39m &amp#27;[32m&amp#27;[1mAnd &amp#27;[22mUser verify the data &amp#27;[1m"updatedaccounttype"&amp#27;[22m &amp#27;[1m"accounttype"&amp#27;[22m&amp#27;[39m                  &amp#27;[90m# training.steps.Steps.user_verify_the_data(java.lang.String,java.lang.String)&amp#27;[39m
  &amp#27;[32m✔&amp#27;[39m &amp#27;[32m&amp#27;[1mAnd &amp#27;[22mUser verify the data &amp#27;[1m"updatedcustpriority"&amp#27;[22m &amp#27;[1m"custpriority"&amp#27;[22m&amp#27;[39m                &amp#27;[90m# training.steps.Steps.user_verify_the_data(java.lang.String,java.lang.String)&amp#27;[39m
]]></system-out>
    <system-err><![CDATA[SLF4J(W): No SLF4J providers were found.
SLF4J(W): Defaulting to no-operation (NOP) logger implementation
SLF4J(W): See https://www.slf4j.org/codes.html#noProviders for further details.
Starting ChromeDriver 142.0.7444.175 (302067f14a4ea3f42001580e6101fa25ed343445-refs/branch-heads/7444@{#2749}) on port 15034
Only local connections are allowed.
Please see https://chromedriver.chromium.org/security-considerations for suggestions on keeping ChromeDriver safe.
ChromeDriver was started successfully on port 15034.
Dec 06, 2025 5:43:10 PM org.openqa.selenium.remote.ProtocolHandshake createSession
INFO: Detected dialect: W3C
]]></system-err>
  </testcase>
  <testcase name="TC11 Create New Accounts View" classname="Accounts all testcases" time="21.984">
    <system-out><![CDATA[
@Accounts
&amp#27;[1mScenario:&amp#27;[22m TC11 Create New Accounts View                                                       &amp#27;[90m# features/Accounts.feature:27&amp#27;[39m
  &amp#27;[32m✔&amp#27;[39m &amp#27;[32m&amp#27;[1mGiven &amp#27;[22mUser secure launch the application&amp#27;[39m                                                  &amp#27;[90m# training.steps.Steps.user_secure_launch_the_application()&amp#27;[39m
  &amp#27;[32m✔&amp#27;[39m &amp#27;[32m&amp#27;[1mGiven &amp#27;[22mUser is on &amp#27;[1m"HomePage"&amp#27;[22m&amp#27;[39m                                                               &amp#27;[90m# training.steps.Steps.user_is_on(java.lang.String)&amp#27;[39m
  &amp#27;[32m✔&amp#27;[39m &amp#27;[32m&amp#27;[1mWhen &amp#27;[22mUser click on link &amp#27;[1m"accounts"&amp#27;[22m&amp#27;[39m                                                        &amp#27;[90m# training.steps.Steps.user_click_on_link(java.lang.String)&amp#27;[39m
  &amp#27;[32m✔&amp#27;[39m &amp#27;[32m&amp#27;[1mAnd &amp#27;[22mUser is on &amp#27;[1m"AccountsHomePage"&amp#27;[22m&amp#27;[39m                                                         &amp#27;[90m# training.steps.Steps.user_is_on(java.lang.String)&amp#27;[39m
  &amp#27;[32m✔&amp#27;[39m &amp#27;[32m&amp#27;[1mAnd &amp#27;[22mUser click on button &amp#27;[1m"createnewview"&amp#27;[22m&amp#27;[39m                                                  &amp#27;[90m# training.steps.Steps.user_click_on_button(java.lang.String)&amp#27;[39m
  &amp#27;[32m✔&amp#27;[39m &amp#27;[32m&amp#27;[1mAnd &amp#27;[22mUser is on &amp#27;[1m"AccountsCreateOrEditViewPage"&amp#27;[22m&amp#27;[39m                                             &amp#27;[90m# training.steps.Steps.user_is_on(java.lang.String)&amp#27;[39m
  &amp#27;[32m✔&amp#27;[39m &amp#27;[32m&amp#27;[1mThen &amp#27;[22mUser verify the text &amp#27;[1m"pagedescription"&amp#27;[22m &amp#27;[1m"Create New View"&amp#27;[22m&amp#27;[39m                             &amp#27;[90m# training.steps.Steps.user_verify_the_text(java.lang.String,java.lang.String)&amp#27;[39m
  &amp#27;[32m✔&amp#27;[39m &amp#27;[32m&amp#27;[1mWhen &amp#27;[22mUser read and enter into textbox &amp#27;[1m"accountsviewname"&amp#27;[22m&amp#27;[39m                                  &amp#27;[90m# training.steps.Steps.user_read_and_enter_into_textbox(java.lang.String)&amp#27;[39m
  &amp#27;[32m✔&amp#27;[39m &amp#27;[32m&amp#27;[1mAnd &amp#27;[22mUser clear the textbox &amp#27;[1m"accountsviewuniqname"&amp#27;[22m&amp#27;[39m                                         &amp#27;[90m# training.steps.Steps.user_clear_the_textbox(java.lang.String)&amp#27;[39m
  &amp#27;[32m✔&amp#27;[39m &amp#27;[32m&amp#27;[1mAnd &amp#27;[22mUser read and enter into textbox &amp#27;[1m"accountsviewuniqname"&amp#27;[22m&amp#27;[39m                               &amp#27;[90m# training.steps.Steps.user_read_and_enter_into_textbox(java.lang.String)&amp#27;[39m
  &amp#27;[32m✔&amp#27;[39m &amp#27;[32m&amp#27;[1mAnd &amp#27;[22mUser click on button &amp#27;[1m"save"&amp#27;[22m&amp#27;[39m                                                           &amp#27;[90m# training.steps.Steps.user_click_on_button(java.lang.String)&amp#27;[39m
  &amp#27;[32m✔&amp#27;[39m &amp#27;[32m&amp#27;[1mAnd &amp#27;[22mUser is on &amp#27;[1m"AccountsViewPage"&amp#27;[22m&amp#27;[39m                                                         &amp#27;[90m# training.steps.Steps.user_is_on(java.lang.String)&amp#27;[39m
  &amp#27;[32m✔&amp#27;[39m &amp#27;[32m&amp#27;[1mThen &amp#27;[22mUser verify first selected item in dropdown &amp#27;[1m"accountviewdropdown"&amp#27;[22m &amp#27;[1m"accountsviewname"&amp#27;[22m&amp#27;[39m &amp#27;[90m# training.steps.Steps.user_verify_first_selected_item_in_dropdown(java.lang.String,java.lang.String)&amp#27;[39m
]]></system-out>
    <system-err><![CDATA[Starting ChromeDriver 142.0.7444.175 (302067f14a4ea3f42001580e6101fa25ed343445-refs/branch-heads/7444@{#2749}) on port 43742
Only local connections are allowed.
Please see https://chromedriver.chromium.org/security-considerations for suggestions on keeping ChromeDriver safe.
ChromeDriver was started successfully on port 43742.
Dec 06, 2025 5:43:33 PM org.openqa.selenium.remote.ProtocolHandshake createSession
INFO: Detected dialect: W3C
]]></system-err>
  </testcase>
  <testcase name="TC12 Edit Accounts View" classname="Accounts all testcases" time="23.197">
    <system-out><![CDATA[
@Accounts
&amp#27;[1mScenario:&amp#27;[22m TC12 Edit Accounts View                                                                &amp#27;[90m# features/Accounts.feature:43&amp#27;[39m
  &amp#27;[32m✔&amp#27;[39m &amp#27;[32m&amp#27;[1mGiven &amp#27;[22mUser secure launch the application&amp#27;[39m                                                     &amp#27;[90m# training.steps.Steps.user_secure_launch_the_application()&amp#27;[39m
  &amp#27;[32m✔&amp#27;[39m &amp#27;[32m&amp#27;[1mGiven &amp#27;[22mUser is on &amp#27;[1m"HomePage"&amp#27;[22m&amp#27;[39m                                                                  &amp#27;[90m# training.steps.Steps.user_is_on(java.lang.String)&amp#27;[39m
  &amp#27;[32m✔&amp#27;[39m &amp#27;[32m&amp#27;[1mWhen &amp#27;[22mUser click on link &amp#27;[1m"accounts"&amp#27;[22m&amp#27;[39m                                                           &amp#27;[90m# training.steps.Steps.user_click_on_link(java.lang.String)&amp#27;[39m
  &amp#27;[32m✔&amp#27;[39m &amp#27;[32m&amp#27;[1mAnd &amp#27;[22mUser is on &amp#27;[1m"AccountsHomePage"&amp#27;[22m&amp#27;[39m                                                            &amp#27;[90m# training.steps.Steps.user_is_on(java.lang.String)&amp#27;[39m
  &amp#27;[32m✔&amp#27;[39m &amp#27;[32m&amp#27;[1mAnd &amp#27;[22mUser click on button &amp#27;[1m"edit"&amp#27;[22m&amp#27;[39m                                                              &amp#27;[90m# training.steps.Steps.user_click_on_button(java.lang.String)&amp#27;[39m
  &amp#27;[32m✔&amp#27;[39m &amp#27;[32m&amp#27;[1mAnd &amp#27;[22mUser is on &amp#27;[1m"AccountsCreateOrEditViewPage"&amp#27;[22m&amp#27;[39m                                                &amp#27;[90m# training.steps.Steps.user_is_on(java.lang.String)&amp#27;[39m
  &amp#27;[32m✔&amp#27;[39m &amp#27;[32m&amp#27;[1mThen &amp#27;[22mUser verify the text &amp#27;[1m"pagedescription"&amp#27;[22m &amp#27;[1m"Edit View"&amp#27;[22m&amp#27;[39m                                      &amp#27;[90m# training.steps.Steps.user_verify_the_text(java.lang.String,java.lang.String)&amp#27;[39m
  &amp#27;[32m✔&amp#27;[39m &amp#27;[32m&amp#27;[1mWhen &amp#27;[22mUser read and enter into textbox &amp#27;[1m"accountsviewname"&amp#27;[22m &amp#27;[1m"editaccountviewname"&amp#27;[22m&amp#27;[39m               &amp#27;[90m# training.steps.Steps.user_read_and_enter_into_textbox(java.lang.String,java.lang.String)&amp#27;[39m
  &amp#27;[32m✔&amp#27;[39m &amp#27;[32m&amp#27;[1mAnd &amp#27;[22mUser read and select from dropdown &amp#27;[1m"filterfielddropdown"&amp#27;[22m &amp#27;[1m"filterfield"&amp#27;[22m&amp#27;[39m                   &amp#27;[90m# training.steps.Steps.user_read_and_select_from_dropdown(java.lang.String,java.lang.String)&amp#27;[39m
  &amp#27;[32m✔&amp#27;[39m &amp#27;[32m&amp#27;[1mAnd &amp#27;[22mUser read and select from dropdown &amp#27;[1m"filteroperatordropdown"&amp#27;[22m &amp#27;[1m"filteroperator"&amp#27;[22m&amp#27;[39m             &amp#27;[90m# training.steps.Steps.user_read_and_select_from_dropdown(java.lang.String,java.lang.String)&amp#27;[39m
  &amp#27;[32m✔&amp#27;[39m &amp#27;[32m&amp#27;[1mAnd &amp#27;[22mUser read and enter into textbox &amp#27;[1m"filtervalue"&amp#27;[22m&amp#27;[39m                                           &amp#27;[90m# training.steps.Steps.user_read_and_enter_into_textbox(java.lang.String)&amp#27;[39m
  &amp#27;[32m✔&amp#27;[39m &amp#27;[32m&amp#27;[1mAnd &amp#27;[22mUser read and select from dropdown &amp#27;[1m"availablefielddropdown"&amp#27;[22m &amp#27;[1m"availablefield"&amp#27;[22m&amp#27;[39m             &amp#27;[90m# training.steps.Steps.user_read_and_select_from_dropdown(java.lang.String,java.lang.String)&amp#27;[39m
  &amp#27;[32m✔&amp#27;[39m &amp#27;[32m&amp#27;[1mAnd &amp#27;[22mUser click on button &amp#27;[1m"add"&amp#27;[22m&amp#27;[39m                                                               &amp#27;[90m# training.steps.Steps.user_click_on_button(java.lang.String)&amp#27;[39m
  &amp#27;[32m✔&amp#27;[39m &amp#27;[32m&amp#27;[1mAnd &amp#27;[22mUser click on button &amp#27;[1m"save"&amp#27;[22m&amp#27;[39m                                                              &amp#27;[90m# training.steps.Steps.user_click_on_button(java.lang.String)&amp#27;[39m
  &amp#27;[32m✔&amp#27;[39m &amp#27;[32m&amp#27;[1mAnd &amp#27;[22mUser is on &amp#27;[1m"AccountsViewPage"&amp#27;[22m&amp#27;[39m                                                            &amp#27;[90m# training.steps.Steps.user_is_on(java.lang.String)&amp#27;[39m
  &amp#27;[32m✔&amp#27;[39m &amp#27;[32m&amp#27;[1mThen &amp#27;[22mUser verify first selected item in dropdown &amp#27;[1m"accountviewdropdown"&amp#27;[22m &amp#27;[1m"editaccountviewname"&amp#27;[22m&amp#27;[39m &amp#27;[90m# training.steps.Steps.user_verify_first_selected_item_in_dropdown(java.lang.String,java.lang.String)&amp#27;[39m
  &amp#27;[32m✔&amp#27;[39m &amp#27;[32m&amp#27;[1mAnd &amp#27;[22mUser verify the item in list &amp#27;[1m"viewcolumnlist"&amp#27;[22m &amp#27;[1m"availablefield"&amp#27;[22m&amp#27;[39m                           &amp#27;[90m# training.steps.Steps.user_verify_the_item_in_list(java.lang.String,java.lang.String)&amp#27;[39m
]]></system-out>
    <system-err><![CDATA[Starting ChromeDriver 142.0.7444.175 (302067f14a4ea3f42001580e6101fa25ed343445-refs/branch-heads/7444@{#2749}) on port 17514
Only local connections are allowed.
Please see https://chromedriver.chromium.org/security-considerations for suggestions on keeping ChromeDriver safe.
ChromeDriver was started successfully on port 17514.
Dec 06, 2025 5:43:55 PM org.openqa.selenium.remote.ProtocolHandshake createSession
INFO: Detected dialect: W3C
]]></system-err>
  </testcase>
  <testcase name="TC13 Merge Accounts" classname="Accounts all testcases" time="26.792">
    <system-out><![CDATA[
@Accounts
&amp#27;[1mScenario:&amp#27;[22m TC13 Merge Accounts                                             &amp#27;[90m# features/Accounts.feature:63&amp#27;[39m
  &amp#27;[32m✔&amp#27;[39m &amp#27;[32m&amp#27;[1mGiven &amp#27;[22mUser secure launch the application&amp#27;[39m                              &amp#27;[90m# training.steps.Steps.user_secure_launch_the_application()&amp#27;[39m
  &amp#27;[32m✔&amp#27;[39m &amp#27;[32m&amp#27;[1mGiven &amp#27;[22mUser is on &amp#27;[1m"HomePage"&amp#27;[22m&amp#27;[39m                                           &amp#27;[90m# training.steps.Steps.user_is_on(java.lang.String)&amp#27;[39m
  &amp#27;[32m✔&amp#27;[39m &amp#27;[32m&amp#27;[1mWhen &amp#27;[22mUser click on link &amp#27;[1m"accounts"&amp#27;[22m&amp#27;[39m                                    &amp#27;[90m# training.steps.Steps.user_click_on_link(java.lang.String)&amp#27;[39m
  &amp#27;[32m✔&amp#27;[39m &amp#27;[32m&amp#27;[1mAnd &amp#27;[22mUser is on &amp#27;[1m"AccountsHomePage"&amp#27;[22m&amp#27;[39m                                     &amp#27;[90m# training.steps.Steps.user_is_on(java.lang.String)&amp#27;[39m
  &amp#27;[32m✔&amp#27;[39m &amp#27;[32m&amp#27;[1mAnd &amp#27;[22mUser click on link &amp#27;[1m"mergeaccounts"&amp#27;[22m&amp#27;[39m                                &amp#27;[90m# training.steps.Steps.user_click_on_link(java.lang.String)&amp#27;[39m
  &amp#27;[32m✔&amp#27;[39m &amp#27;[32m&amp#27;[1mAnd &amp#27;[22mUser is on &amp#27;[1m"AccountsMergeAccountsPage"&amp#27;[22m&amp#27;[39m                            &amp#27;[90m# training.steps.Steps.user_is_on(java.lang.String)&amp#27;[39m
  &amp#27;[32m✔&amp#27;[39m &amp#27;[32m&amp#27;[1mThen &amp#27;[22mUser verify the text &amp#27;[1m"pagetype"&amp#27;[22m &amp#27;[1m"Merge My Accounts"&amp#27;[22m&amp#27;[39m              &amp#27;[90m# training.steps.Steps.user_verify_the_text(java.lang.String,java.lang.String)&amp#27;[39m
  &amp#27;[32m✔&amp#27;[39m &amp#27;[32m&amp#27;[1mWhen &amp#27;[22mUser read and enter into textbox &amp#27;[1m"searchtexttomerge"&amp#27;[22m&amp#27;[39m             &amp#27;[90m# training.steps.Steps.user_read_and_enter_into_textbox(java.lang.String)&amp#27;[39m
  &amp#27;[32m✔&amp#27;[39m &amp#27;[32m&amp#27;[1mAnd &amp#27;[22mUser click on button &amp#27;[1m"findaccounts"&amp#27;[22m&amp#27;[39m                               &amp#27;[90m# training.steps.Steps.user_click_on_button(java.lang.String)&amp#27;[39m
  &amp#27;[32m✔&amp#27;[39m &amp#27;[32m&amp#27;[1mAnd &amp#27;[22mUser check the checkbox &amp#27;[1m"accountsid1"&amp#27;[22m&amp#27;[39m                             &amp#27;[90m# training.steps.Steps.user_check_the_checkbox(java.lang.String)&amp#27;[39m
  &amp#27;[32m✔&amp#27;[39m &amp#27;[32m&amp#27;[1mAnd &amp#27;[22mUser check the checkbox &amp#27;[1m"accountsid2"&amp#27;[22m&amp#27;[39m                             &amp#27;[90m# training.steps.Steps.user_check_the_checkbox(java.lang.String)&amp#27;[39m
  &amp#27;[32m✔&amp#27;[39m &amp#27;[32m&amp#27;[1mAnd &amp#27;[22mUser uncheck the checkbox &amp#27;[1m"accountsid3"&amp#27;[22m&amp#27;[39m                           &amp#27;[90m# training.steps.Steps.user_uncheck_the_checkbox(java.lang.String)&amp#27;[39m
  &amp#27;[32m✔&amp#27;[39m &amp#27;[32m&amp#27;[1mAnd &amp#27;[22mUser click on button &amp#27;[1m"next"&amp#27;[22m&amp#27;[39m                                       &amp#27;[90m# training.steps.Steps.user_click_on_button(java.lang.String)&amp#27;[39m
  &amp#27;[32m✔&amp#27;[39m &amp#27;[32m&amp#27;[1mAnd &amp#27;[22mUser store the data &amp#27;[1m"mergeaccountname"&amp#27;[22m&amp#27;[39m                            &amp#27;[90m# training.steps.Steps.user_store_the_data(java.lang.String)&amp#27;[39m
  &amp#27;[32m✔&amp#27;[39m &amp#27;[32m&amp#27;[1mAnd &amp#27;[22mUser click on button &amp#27;[1m"save"&amp#27;[22m&amp#27;[39m                                       &amp#27;[90m# training.steps.Steps.user_click_on_button(java.lang.String)&amp#27;[39m
  &amp#27;[32m✔&amp#27;[39m &amp#27;[32m&amp#27;[1mAnd &amp#27;[22mUser accept popup alert&amp#27;[39m                                           &amp#27;[90m# training.steps.Steps.user_accept_popup_alert()&amp#27;[39m
  &amp#27;[32m✔&amp#27;[39m &amp#27;[32m&amp#27;[1mAnd &amp#27;[22mUser is on &amp#27;[1m"AccountsHomePage"&amp#27;[22m&amp#27;[39m                                     &amp#27;[90m# training.steps.Steps.user_is_on(java.lang.String)&amp#27;[39m
  &amp#27;[32m✔&amp#27;[39m &amp#27;[32m&amp#27;[1mThen &amp#27;[22mUser verify the data &amp#27;[1m"firstrecentaccountname"&amp#27;[22m &amp#27;[1m"mergeaccountname"&amp#27;[22m&amp#27;[39m &amp#27;[90m# training.steps.Steps.user_verify_the_data(java.lang.String,java.lang.String)&amp#27;[39m
]]></system-out>
    <system-err><![CDATA[Starting ChromeDriver 142.0.7444.175 (302067f14a4ea3f42001580e6101fa25ed343445-refs/branch-heads/7444@{#2749}) on port 43327
Only local connections are allowed.
Please see https://chromedriver.chromium.org/security-considerations for suggestions on keeping ChromeDriver safe.
ChromeDriver was started successfully on port 43327.
Dec 06, 2025 5:44:18 PM org.openqa.selenium.remote.ProtocolHandshake createSession
INFO: Detected dialect: W3C
]]></system-err>
  </testcase>
  <testcase name="TC14 Create Account Last Activity Report" classname="Accounts all testcases" time="30.504">
    <error message="The step &apos;User wait for 3 &quot;seconds&quot;&apos; is undefined.&#10;You can implement this step using the snippet(s) below:&#10;&#10;@When(&quot;User wait for {int} {string}&quot;)&#10;public void user_wait_for(Integer int1, String string) {&#10;    // Write code here that turns the phrase above into concrete actions&#10;    throw new io.cucumber.java.PendingException();&#10;}&#10;" type="io.cucumber.junit.UndefinedStepException"><![CDATA[io.cucumber.junit.UndefinedStepException: 
The step 'User wait for 3 "seconds"' is undefined.
You can implement this step using the snippet(s) below:

@When("User wait for {int} {string}")
public void user_wait_for(Integer int1, String string) {
    // Write code here that turns the phrase above into concrete actions
    throw new io.cucumber.java.PendingException();
}

]]></error>
    <system-out><![CDATA[
@Accounts
&amp#27;[1mScenario:&amp#27;[22m TC14 Create Account Last Activity Report               &amp#27;[90m# features/Accounts.feature:83&amp#27;[39m
  &amp#27;[32m✔&amp#27;[39m &amp#27;[32m&amp#27;[1mGiven &amp#27;[22mUser secure launch the application&amp#27;[39m                     &amp#27;[90m# training.steps.Steps.user_secure_launch_the_application()&amp#27;[39m
  &amp#27;[32m✔&amp#27;[39m &amp#27;[32m&amp#27;[1mGiven &amp#27;[22mUser is on &amp#27;[1m"HomePage"&amp#27;[22m&amp#27;[39m                                  &amp#27;[90m# training.steps.Steps.user_is_on(java.lang.String)&amp#27;[39m
  &amp#27;[32m✔&amp#27;[39m &amp#27;[32m&amp#27;[1mWhen &amp#27;[22mUser click on link &amp#27;[1m"accounts"&amp#27;[22m&amp#27;[39m                           &amp#27;[90m# training.steps.Steps.user_click_on_link(java.lang.String)&amp#27;[39m
  &amp#27;[32m✔&amp#27;[39m &amp#27;[32m&amp#27;[1mAnd &amp#27;[22mUser is on &amp#27;[1m"AccountsHomePage"&amp#27;[22m&amp#27;[39m                            &amp#27;[90m# training.steps.Steps.user_is_on(java.lang.String)&amp#27;[39m
  &amp#27;[32m✔&amp#27;[39m &amp#27;[32m&amp#27;[1mAnd &amp#27;[22mUser click on link &amp#27;[1m"lastactivityreport"&amp#27;[22m&amp#27;[39m                  &amp#27;[90m# training.steps.Steps.user_click_on_link(java.lang.String)&amp#27;[39m
  &amp#27;[32m✔&amp#27;[39m &amp#27;[32m&amp#27;[1mAnd &amp#27;[22mUser is on &amp#27;[1m"AccountsUnSavedReportPage"&amp#27;[22m&amp#27;[39m                   &amp#27;[90m# training.steps.Steps.user_is_on(java.lang.String)&amp#27;[39m
  &amp#27;[32m✔&amp#27;[39m &amp#27;[32m&amp#27;[1mThen &amp#27;[22mUser verify the text &amp#27;[1m"pagedescription"&amp#27;[22m &amp#27;[1m"Unsaved Report"&amp#27;[22m&amp#27;[39m &amp#27;[90m# training.steps.Steps.user_verify_the_text(java.lang.String,java.lang.String)&amp#27;[39m
  &amp#27;[32m✔&amp#27;[39m &amp#27;[32m&amp#27;[1mWhen &amp#27;[22mUser click on dropdown &amp#27;[1m"datefield"&amp#27;[22m&amp#27;[39m                      &amp#27;[90m# training.steps.Steps.user_click_on_dropdown(java.lang.String)&amp#27;[39m
  &amp#27;[32m✔&amp#27;[39m &amp#27;[32m&amp#27;[1mAnd &amp#27;[22mUser click on link &amp#27;[1m"createddate"&amp#27;[22m&amp#27;[39m                         &amp#27;[90m# training.steps.Steps.user_click_on_link(java.lang.String)&amp#27;[39m
  &amp#27;[32m✔&amp#27;[39m &amp#27;[32m&amp#27;[1mAnd &amp#27;[22mUser click on link &amp#27;[1m"fromdateicon"&amp#27;[22m&amp#27;[39m                        &amp#27;[90m# training.steps.Steps.user_click_on_link(java.lang.String)&amp#27;[39m
  &amp#27;[32m✔&amp#27;[39m &amp#27;[32m&amp#27;[1mAnd &amp#27;[22mUser click on link &amp#27;[1m"fromdatetoday"&amp#27;[22m&amp#27;[39m                       &amp#27;[90m# training.steps.Steps.user_click_on_link(java.lang.String)&amp#27;[39m
  &amp#27;[32m✔&amp#27;[39m &amp#27;[32m&amp#27;[1mAnd &amp#27;[22mUser click on link &amp#27;[1m"todateicon"&amp#27;[22m&amp#27;[39m                          &amp#27;[90m# training.steps.Steps.user_click_on_link(java.lang.String)&amp#27;[39m
  &amp#27;[32m✔&amp#27;[39m &amp#27;[32m&amp#27;[1mAnd &amp#27;[22mUser click on link &amp#27;[1m"todatetoday"&amp#27;[22m&amp#27;[39m                         &amp#27;[90m# training.steps.Steps.user_click_on_link(java.lang.String)&amp#27;[39m
  &amp#27;[32m✔&amp#27;[39m &amp#27;[32m&amp#27;[1mAnd &amp#27;[22mUser click on button &amp#27;[1m"save"&amp#27;[22m&amp#27;[39m                              &amp#27;[90m# training.steps.Steps.user_click_on_button(java.lang.String)&amp#27;[39m
  &amp#27;[32m✔&amp#27;[39m &amp#27;[32m&amp#27;[1mAnd &amp#27;[22mUser read and enter into textbox &amp#27;[1m"reportname"&amp#27;[22m&amp#27;[39m            &amp#27;[90m# training.steps.Steps.user_read_and_enter_into_textbox(java.lang.String)&amp#27;[39m
  &amp#27;[32m✔&amp#27;[39m &amp#27;[32m&amp#27;[1mAnd &amp#27;[22mUser clear the textbox &amp#27;[1m"reportuniqname"&amp#27;[22m&amp#27;[39m                  &amp#27;[90m# training.steps.Steps.user_clear_the_textbox(java.lang.String)&amp#27;[39m
  &amp#27;[32m✔&amp#27;[39m &amp#27;[32m&amp#27;[1mAnd &amp#27;[22mUser read and enter into textbox &amp#27;[1m"reportuniqname"&amp#27;[22m&amp#27;[39m        &amp#27;[90m# training.steps.Steps.user_read_and_enter_into_textbox(java.lang.String)&amp#27;[39m
  &amp#27;[33m■&amp#27;[39m &amp#27;[33m&amp#27;[1mAnd &amp#27;[22mUser wait for 3 "seconds"&amp#27;[39m
  &amp#27;[36m↷&amp#27;[39m &amp#27;[36m&amp#27;[1mAnd &amp#27;[22mUser click on button &amp#27;[1m"saveandrun"&amp#27;[22m&amp#27;[39m                        &amp#27;[90m# training.steps.Steps.user_click_on_button(java.lang.String)&amp#27;[39m
  &amp#27;[36m↷&amp#27;[39m &amp#27;[36m&amp#27;[1mAnd &amp#27;[22mUser is on &amp#27;[1m"AccountsSavedReportPage"&amp#27;[22m&amp#27;[39m                     &amp#27;[90m# training.steps.Steps.user_is_on(java.lang.String)&amp#27;[39m
  &amp#27;[36m↷&amp#27;[39m &amp#27;[36m&amp#27;[1mAnd &amp#27;[22mUser hover on &amp#27;[1m"popupclose"&amp#27;[22m&amp#27;[39m                               &amp#27;[90m# training.steps.Steps.user_hover_on(java.lang.String)&amp#27;[39m
  &amp#27;[36m↷&amp#27;[39m &amp#27;[36m&amp#27;[1mAnd &amp#27;[22mUser click on button &amp#27;[1m"popupclose"&amp#27;[22m&amp#27;[39m                        &amp#27;[90m# training.steps.Steps.user_click_on_button(java.lang.String)&amp#27;[39m
  &amp#27;[36m↷&amp#27;[39m &amp#27;[36m&amp#27;[1mThen &amp#27;[22mUser verify the data &amp#27;[1m"pagetype"&amp#27;[22m &amp#27;[1m"reportname"&amp#27;[22m&amp#27;[39m            &amp#27;[90m# training.steps.Steps.user_verify_the_data(java.lang.String,java.lang.String)&amp#27;[39m
]]></system-out>
    <system-err><![CDATA[Starting ChromeDriver 142.0.7444.175 (302067f14a4ea3f42001580e6101fa25ed343445-refs/branch-heads/7444@{#2749}) on port 20161
Only local connections are allowed.
Please see https://chromedriver.chromium.org/security-considerations for suggestions on keeping ChromeDriver safe.
ChromeDriver was started successfully on port 20161.
Dec 06, 2025 5:44:45 PM org.openqa.selenium.remote.ProtocolHandshake createSession
INFO: Detected dialect: W3C
]]></system-err>
  </testcase>
  <testcase name="TC25 Create New Contact With Existing Account Name" classname="Contacts all testcases" time="23.925">
    <system-out><![CDATA[
@Smoke @Contacts
&amp#27;[1mScenario:&amp#27;[22m TC25 Create New Contact With Existing Account Name          &amp#27;[90m# features/Contacts.feature:7&amp#27;[39m
  &amp#27;[32m✔&amp#27;[39m &amp#27;[32m&amp#27;[1mGiven &amp#27;[22mUser secure launch the application&amp#27;[39m                          &amp#27;[90m# training.steps.Steps.user_secure_launch_the_application()&amp#27;[39m
  &amp#27;[32m✔&amp#27;[39m &amp#27;[32m&amp#27;[1mGiven &amp#27;[22mUser is on &amp#27;[1m"HomePage"&amp#27;[22m&amp#27;[39m                                       &amp#27;[90m# training.steps.Steps.user_is_on(java.lang.String)&amp#27;[39m
  &amp#27;[32m✔&amp#27;[39m &amp#27;[32m&amp#27;[1mWhen &amp#27;[22mUser click on link &amp#27;[1m"contacts"&amp#27;[22m&amp#27;[39m                                &amp#27;[90m# training.steps.Steps.user_click_on_link(java.lang.String)&amp#27;[39m
  &amp#27;[32m✔&amp#27;[39m &amp#27;[32m&amp#27;[1mAnd &amp#27;[22mUser is on &amp#27;[1m"ContactsHomePage"&amp#27;[22m&amp#27;[39m                                 &amp#27;[90m# training.steps.Steps.user_is_on(java.lang.String)&amp#27;[39m
  &amp#27;[32m✔&amp#27;[39m &amp#27;[32m&amp#27;[1mWhen &amp#27;[22mUser click on button &amp#27;[1m"new"&amp#27;[22m&amp#27;[39m                                   &amp#27;[90m# training.steps.Steps.user_click_on_button(java.lang.String)&amp#27;[39m
  &amp#27;[32m✔&amp#27;[39m &amp#27;[32m&amp#27;[1mAnd &amp#27;[22mUser is on &amp#27;[1m"ContactsEditPage"&amp#27;[22m&amp#27;[39m                                 &amp#27;[90m# training.steps.Steps.user_is_on(java.lang.String)&amp#27;[39m
  &amp#27;[32m✔&amp#27;[39m &amp#27;[32m&amp#27;[1mThen &amp#27;[22mUser verify the text &amp#27;[1m"pagedescription"&amp#27;[22m &amp#27;[1m"New Contact"&amp#27;[22m&amp#27;[39m         &amp#27;[90m# training.steps.Steps.user_verify_the_text(java.lang.String,java.lang.String)&amp#27;[39m
  &amp#27;[32m✔&amp#27;[39m &amp#27;[32m&amp#27;[1mWhen &amp#27;[22mUser read and enter into textbox &amp#27;[1m"contactlastname"&amp#27;[22m&amp#27;[39m           &amp#27;[90m# training.steps.Steps.user_read_and_enter_into_textbox(java.lang.String)&amp#27;[39m
  &amp#27;[32m✔&amp#27;[39m &amp#27;[32m&amp#27;[1mWhen &amp#27;[22mUser read and enter into textbox &amp#27;[1m"contactaccname"&amp#27;[22m&amp#27;[39m            &amp#27;[90m# training.steps.Steps.user_read_and_enter_into_textbox(java.lang.String)&amp#27;[39m
  &amp#27;[32m✔&amp#27;[39m &amp#27;[32m&amp#27;[1mAnd &amp#27;[22mUser click on button &amp#27;[1m"save"&amp#27;[22m&amp#27;[39m                                   &amp#27;[90m# training.steps.Steps.user_click_on_button(java.lang.String)&amp#27;[39m
  &amp#27;[32m✔&amp#27;[39m &amp#27;[32m&amp#27;[1mAnd &amp#27;[22mUser is on &amp#27;[1m"ContactsDetailsPage"&amp#27;[22m&amp#27;[39m                              &amp#27;[90m# training.steps.Steps.user_is_on(java.lang.String)&amp#27;[39m
  &amp#27;[32m✔&amp#27;[39m &amp#27;[32m&amp#27;[1mThen &amp#27;[22mUser verify the data &amp#27;[1m"updatedcontactname"&amp#27;[22m &amp#27;[1m"contactlastname"&amp#27;[22m&amp#27;[39m  &amp#27;[90m# training.steps.Steps.user_verify_the_data(java.lang.String,java.lang.String)&amp#27;[39m
  &amp#27;[32m✔&amp#27;[39m &amp#27;[32m&amp#27;[1mAnd &amp#27;[22mUser verify the data &amp#27;[1m"updatedcontactaccname"&amp#27;[22m &amp#27;[1m"contactaccname"&amp#27;[22m&amp#27;[39m &amp#27;[90m# training.steps.Steps.user_verify_the_data(java.lang.String,java.lang.String)&amp#27;[39m
]]></system-out>
    <system-err><![CDATA[Starting ChromeDriver 142.0.7444.175 (302067f14a4ea3f42001580e6101fa25ed343445-refs/branch-heads/7444@{#2749}) on port 3991
Only local connections are allowed.
Please see https://chromedriver.chromium.org/security-considerations for suggestions on keeping ChromeDriver safe.
ChromeDriver was started successfully on port 3991.
Dec 06, 2025 5:45:16 PM org.openqa.selenium.remote.ProtocolHandshake createSession
INFO: Detected dialect: W3C
]]></system-err>
  </testcase>
  <testcase name="TC26 Create New Contact View" classname="Contacts all testcases" time="40.32">
    <error message="Expected condition failed: waiting for visibility of element located by By.name: fcf (tried for 20 second(s) with 500 milliseconds interval)" type="org.openqa.selenium.TimeoutException"><![CDATA[org.openqa.selenium.TimeoutException: Expected condition failed: waiting for visibility of element located by By.name: fcf (tried for 20 second(s) with 500 milliseconds interval)
	at org.openqa.selenium.support.ui.WebDriverWait.timeoutException(WebDriverWait.java:95)
	at org.openqa.selenium.support.ui.FluentWait.until(FluentWait.java:272)
	at training.base.BasePage.waitForElementToLocate(BasePage.java:56)
	at training.base.BasePage.getElement(BasePage.java:85)
	at training.base.BasePage.verifyFirstSelectedDropdownItem(BasePage.java:267)
	at training.steps.Steps.user_verify_first_selected_item_in_dropdown(Steps.java:187)
	at ✽.User verify first selected item in dropdown "contactsviewdropdown" "contactsviewname"(file:///Users/anshu/Workspace/SalesForceCucumber/features/Contacts.feature:35)
Caused by: org.openqa.selenium.NoSuchElementException: no such element: Unable to locate element: {"method":"css selector","selector":"*[name='fcf']"}
  (Session info: chrome=142.0.7444.177)
For documentation on this error, please visit: https://www.seleniumhq.org/exceptions/no_such_element.html
Build info: version: '3.141.59', revision: 'e82be7d358', time: '2018-11-14T08:17:03'
System info: host: 'MacBook-Air.local', ip: 'fe80:0:0:0:1066:b8a3:680e:55d3%en0', os.name: 'Mac OS X', os.arch: 'x86_64', os.version: '26.0.1', java.version: '21.0.8'
Driver info: org.openqa.selenium.chrome.ChromeDriver
Capabilities {acceptInsecureCerts: false, browserName: chrome, browserVersion: 142.0.7444.177, chrome: {chromedriverVersion: 142.0.7444.175 (302067f14a4..., userDataDir: /var/folders/29/hjrpy44j56b...}, fedcm:accounts: true, goog:chromeOptions: {debuggerAddress: localhost:60472}, goog:processID: 47742, javascriptEnabled: true, networkConnectionEnabled: false, pageLoadStrategy: normal, platform: MAC, platformName: MAC, proxy: Proxy(), setWindowRect: true, strictFileInteractability: false, timeouts: {implicit: 0, pageLoad: 300000, script: 30000}, unhandledPromptBehavior: dismiss and notify, webauthn:extension:credBlob: true, webauthn:extension:largeBlob: true, webauthn:extension:minPinLength: true, webauthn:extension:prf: true, webauthn:virtualAuthenticators: true}
Session ID: cd581646d65b72191143e44d37172f59
*** Element info: {Using=name, value=fcf}
	at java.base/jdk.internal.reflect.DirectConstructorHandleAccessor.newInstance(DirectConstructorHandleAccessor.java:62)
	at java.base/java.lang.reflect.Constructor.newInstanceWithCaller(Constructor.java:502)
	at java.base/java.lang.reflect.Constructor.newInstance(Constructor.java:486)
	at org.openqa.selenium.remote.http.W3CHttpResponseCodec.createException(W3CHttpResponseCodec.java:187)
	at org.openqa.selenium.remote.http.W3CHttpResponseCodec.decode(W3CHttpResponseCodec.java:122)
	at org.openqa.selenium.remote.http.W3CHttpResponseCodec.decode(W3CHttpResponseCodec.java:49)
	at org.openqa.selenium.remote.HttpCommandExecutor.execute(HttpCommandExecutor.java:158)
	at org.openqa.selenium.remote.service.DriverCommandExecutor.execute(DriverCommandExecutor.java:83)
	at org.openqa.selenium.remote.RemoteWebDriver.execute(RemoteWebDriver.java:552)
	at org.openqa.selenium.remote.RemoteWebDriver.findElement(RemoteWebDriver.java:323)
	at org.openqa.selenium.remote.RemoteWebDriver.findElementByName(RemoteWebDriver.java:404)
	at org.openqa.selenium.By$ByName.findElement(By.java:284)
	at org.openqa.selenium.remote.RemoteWebDriver.findElement(RemoteWebDriver.java:315)
	at org.openqa.selenium.support.ui.ExpectedConditions$7.apply(ExpectedConditions.java:205)
	at org.openqa.selenium.support.ui.ExpectedConditions$7.apply(ExpectedConditions.java:201)
	at org.openqa.selenium.support.ui.FluentWait.until(FluentWait.java:249)
	... 5 more
]]></error>
    <system-out><![CDATA[
@Contacts
&amp#27;[1mScenario:&amp#27;[22m TC26 Create New Contact View                                                         &amp#27;[90m# features/Contacts.feature:23&amp#27;[39m
  &amp#27;[32m✔&amp#27;[39m &amp#27;[32m&amp#27;[1mGiven &amp#27;[22mUser secure launch the application&amp#27;[39m                                                   &amp#27;[90m# training.steps.Steps.user_secure_launch_the_application()&amp#27;[39m
  &amp#27;[32m✔&amp#27;[39m &amp#27;[32m&amp#27;[1mGiven &amp#27;[22mUser is on &amp#27;[1m"HomePage"&amp#27;[22m&amp#27;[39m                                                                &amp#27;[90m# training.steps.Steps.user_is_on(java.lang.String)&amp#27;[39m
  &amp#27;[32m✔&amp#27;[39m &amp#27;[32m&amp#27;[1mWhen &amp#27;[22mUser click on link &amp#27;[1m"contacts"&amp#27;[22m&amp#27;[39m                                                         &amp#27;[90m# training.steps.Steps.user_click_on_link(java.lang.String)&amp#27;[39m
  &amp#27;[32m✔&amp#27;[39m &amp#27;[32m&amp#27;[1mAnd &amp#27;[22mUser is on &amp#27;[1m"ContactsHomePage"&amp#27;[22m&amp#27;[39m                                                          &amp#27;[90m# training.steps.Steps.user_is_on(java.lang.String)&amp#27;[39m
  &amp#27;[32m✔&amp#27;[39m &amp#27;[32m&amp#27;[1mAnd &amp#27;[22mUser click on button &amp#27;[1m"createnewview"&amp#27;[22m&amp#27;[39m                                                   &amp#27;[90m# training.steps.Steps.user_click_on_button(java.lang.String)&amp#27;[39m
  &amp#27;[32m✔&amp#27;[39m &amp#27;[32m&amp#27;[1mAnd &amp#27;[22mUser is on &amp#27;[1m"ContactsCreateViewPage"&amp#27;[22m&amp#27;[39m                                                    &amp#27;[90m# training.steps.Steps.user_is_on(java.lang.String)&amp#27;[39m
  &amp#27;[32m✔&amp#27;[39m &amp#27;[32m&amp#27;[1mThen &amp#27;[22mUser verify the text &amp#27;[1m"pagedescription"&amp#27;[22m &amp#27;[1m"Create New View"&amp#27;[22m&amp#27;[39m                              &amp#27;[90m# training.steps.Steps.user_verify_the_text(java.lang.String,java.lang.String)&amp#27;[39m
  &amp#27;[32m✔&amp#27;[39m &amp#27;[32m&amp#27;[1mWhen &amp#27;[22mUser read and enter into textbox &amp#27;[1m"contactsviewname"&amp#27;[22m&amp#27;[39m                                   &amp#27;[90m# training.steps.Steps.user_read_and_enter_into_textbox(java.lang.String)&amp#27;[39m
  &amp#27;[32m✔&amp#27;[39m &amp#27;[32m&amp#27;[1mAnd &amp#27;[22mUser clear the textbox &amp#27;[1m"contactsviewuniqname"&amp#27;[22m&amp#27;[39m                                          &amp#27;[90m# training.steps.Steps.user_clear_the_textbox(java.lang.String)&amp#27;[39m
  &amp#27;[32m✔&amp#27;[39m &amp#27;[32m&amp#27;[1mAnd &amp#27;[22mUser read and enter into textbox &amp#27;[1m"contactsviewuniqname"&amp#27;[22m&amp#27;[39m                                &amp#27;[90m# training.steps.Steps.user_read_and_enter_into_textbox(java.lang.String)&amp#27;[39m
  &amp#27;[32m✔&amp#27;[39m &amp#27;[32m&amp#27;[1mAnd &amp#27;[22mUser click on button &amp#27;[1m"save"&amp#27;[22m&amp#27;[39m                                                            &amp#27;[90m# training.steps.Steps.user_click_on_button(java.lang.String)&amp#27;[39m
  &amp#27;[32m✔&amp#27;[39m &amp#27;[32m&amp#27;[1mAnd &amp#27;[22mUser is on &amp#27;[1m"ContactsViewPage"&amp#27;[22m&amp#27;[39m                                                          &amp#27;[90m# training.steps.Steps.user_is_on(java.lang.String)&amp#27;[39m
  &amp#27;[31m✘&amp#27;[39m &amp#27;[31m&amp#27;[1mThen &amp#27;[22mUser verify first selected item in dropdown &amp#27;[1m"contactsviewdropdown"&amp#27;[22m &amp#27;[1m"contactsviewname"&amp#27;[22m&amp#27;[39m &amp#27;[90m# training.steps.Steps.user_verify_first_selected_item_in_dropdown(java.lang.String,java.lang.String)&amp#27;[39m
        &amp#27;[31morg.openqa.selenium.TimeoutException: Expected condition failed: waiting for visibility of element located by By.name: fcf (tried for 20 second(s) with 500 milliseconds interval)&amp#27;[39m
        &amp#27;[31m	at org.openqa.selenium.support.ui.WebDriverWait.timeoutException(WebDriverWait.java:95)&amp#27;[39m
        &amp#27;[31m	at org.openqa.selenium.support.ui.FluentWait.until(FluentWait.java:272)&amp#27;[39m
        &amp#27;[31m	at training.base.BasePage.waitForElementToLocate(BasePage.java:56)&amp#27;[39m
        &amp#27;[31m	at training.base.BasePage.getElement(BasePage.java:85)&amp#27;[39m
        &amp#27;[31m	at training.base.BasePage.verifyFirstSelectedDropdownItem(BasePage.java:267)&amp#27;[39m
        &amp#27;[31m	at training.steps.Steps.user_verify_first_selected_item_in_dropdown(Steps.java:187)&amp#27;[39m
        &amp#27;[31m	at ✽.User verify first selected item in dropdown "contactsviewdropdown" "contactsviewname"(file:///Users/anshu/Workspace/SalesForceCucumber/features/Contacts.feature:35)&amp#27;[39m
        &amp#27;[31mCaused by: org.openqa.selenium.NoSuchElementException: no such element: Unable to locate element: {"method":"css selector","selector":"*[name='fcf']"}&amp#27;[39m
        &amp#27;[31m  (Session info: chrome=142.0.7444.177)&amp#27;[39m
        &amp#27;[31mFor documentation on this error, please visit: https://www.seleniumhq.org/exceptions/no_such_element.html&amp#27;[39m
        &amp#27;[31mBuild info: version: '3.141.59', revision: 'e82be7d358', time: '2018-11-14T08:17:03'&amp#27;[39m
        &amp#27;[31mSystem info: host: 'MacBook-Air.local', ip: 'fe80:0:0:0:1066:b8a3:680e:55d3%en0', os.name: 'Mac OS X', os.arch: 'x86_64', os.version: '26.0.1', java.version: '21.0.8'&amp#27;[39m
        &amp#27;[31mDriver info: org.openqa.selenium.chrome.ChromeDriver&amp#27;[39m
        &amp#27;[31mCapabilities {acceptInsecureCerts: false, browserName: chrome, browserVersion: 142.0.7444.177, chrome: {chromedriverVersion: 142.0.7444.175 (302067f14a4..., userDataDir: /var/folders/29/hjrpy44j56b...}, fedcm:accounts: true, goog:chromeOptions: {debuggerAddress: localhost:60472}, goog:processID: 47742, javascriptEnabled: true, networkConnectionEnabled: false, pageLoadStrategy: normal, platform: MAC, platformName: MAC, proxy: Proxy(), setWindowRect: true, strictFileInteractability: false, timeouts: {implicit: 0, pageLoad: 300000, script: 30000}, unhandledPromptBehavior: dismiss and notify, webauthn:extension:credBlob: true, webauthn:extension:largeBlob: true, webauthn:extension:minPinLength: true, webauthn:extension:prf: true, webauthn:virtualAuthenticators: true}&amp#27;[39m
        &amp#27;[31mSession ID: cd581646d65b72191143e44d37172f59&amp#27;[39m
        &amp#27;[31m*** Element info: {Using=name, value=fcf}&amp#27;[39m
        &amp#27;[31m	at java.base/jdk.internal.reflect.DirectConstructorHandleAccessor.newInstance(DirectConstructorHandleAccessor.java:62)&amp#27;[39m
        &amp#27;[31m	at java.base/java.lang.reflect.Constructor.newInstanceWithCaller(Constructor.java:502)&amp#27;[39m
        &amp#27;[31m	at java.base/java.lang.reflect.Constructor.newInstance(Constructor.java:486)&amp#27;[39m
        &amp#27;[31m	at org.openqa.selenium.remote.http.W3CHttpResponseCodec.createException(W3CHttpResponseCodec.java:187)&amp#27;[39m
        &amp#27;[31m	at org.openqa.selenium.remote.http.W3CHttpResponseCodec.decode(W3CHttpResponseCodec.java:122)&amp#27;[39m
        &amp#27;[31m	at org.openqa.selenium.remote.http.W3CHttpResponseCodec.decode(W3CHttpResponseCodec.java:49)&amp#27;[39m
        &amp#27;[31m	at org.openqa.selenium.remote.HttpCommandExecutor.execute(HttpCommandExecutor.java:158)&amp#27;[39m
        &amp#27;[31m	at org.openqa.selenium.remote.service.DriverCommandExecutor.execute(DriverCommandExecutor.java:83)&amp#27;[39m
        &amp#27;[31m	at org.openqa.selenium.remote.RemoteWebDriver.execute(RemoteWebDriver.java:552)&amp#27;[39m
        &amp#27;[31m	at org.openqa.selenium.remote.RemoteWebDriver.findElement(RemoteWebDriver.java:323)&amp#27;[39m
        &amp#27;[31m	at org.openqa.selenium.remote.RemoteWebDriver.findElementByName(RemoteWebDriver.java:404)&amp#27;[39m
        &amp#27;[31m	at org.openqa.selenium.By$ByName.findElement(By.java:284)&amp#27;[39m
        &amp#27;[31m	at org.openqa.selenium.remote.RemoteWebDriver.findElement(RemoteWebDriver.java:315)&amp#27;[39m
        &amp#27;[31m	at org.openqa.selenium.support.ui.ExpectedConditions$7.apply(ExpectedConditions.java:205)&amp#27;[39m
        &amp#27;[31m	at org.openqa.selenium.support.ui.ExpectedConditions$7.apply(ExpectedConditions.java:201)&amp#27;[39m
        &amp#27;[31m	at org.openqa.selenium.support.ui.FluentWait.until(FluentWait.java:249)&amp#27;[39m
        &amp#27;[31m	... 5 more&amp#27;[39m
]]></system-out>
    <system-err><![CDATA[Starting ChromeDriver 142.0.7444.175 (302067f14a4ea3f42001580e6101fa25ed343445-refs/branch-heads/7444@{#2749}) on port 5728
Only local connections are allowed.
Please see https://chromedriver.chromium.org/security-considerations for suggestions on keeping ChromeDriver safe.
ChromeDriver was started successfully on port 5728.
Dec 06, 2025 5:45:40 PM org.openqa.selenium.remote.ProtocolHandshake createSession
INFO: Detected dialect: W3C
]]></system-err>
  </testcase>
  <testcase name="TC27 Check Recently Created Contact" classname="Contacts all testcases" time="13.777">
    <system-out><![CDATA[
@Contacts
&amp#27;[1mScenario:&amp#27;[22m TC27 Check Recently Created Contact                                          &amp#27;[90m# features/Contacts.feature:39&amp#27;[39m
  &amp#27;[32m✔&amp#27;[39m &amp#27;[32m&amp#27;[1mGiven &amp#27;[22mUser secure launch the application&amp#27;[39m                                           &amp#27;[90m# training.steps.Steps.user_secure_launch_the_application()&amp#27;[39m
  &amp#27;[32m✔&amp#27;[39m &amp#27;[32m&amp#27;[1mGiven &amp#27;[22mUser is on &amp#27;[1m"HomePage"&amp#27;[22m&amp#27;[39m                                                        &amp#27;[90m# training.steps.Steps.user_is_on(java.lang.String)&amp#27;[39m
  &amp#27;[32m✔&amp#27;[39m &amp#27;[32m&amp#27;[1mWhen &amp#27;[22mUser click on link &amp#27;[1m"contacts"&amp#27;[22m&amp#27;[39m                                                 &amp#27;[90m# training.steps.Steps.user_click_on_link(java.lang.String)&amp#27;[39m
  &amp#27;[32m✔&amp#27;[39m &amp#27;[32m&amp#27;[1mAnd &amp#27;[22mUser is on &amp#27;[1m"ContactsHomePage"&amp#27;[22m&amp#27;[39m                                                  &amp#27;[90m# training.steps.Steps.user_is_on(java.lang.String)&amp#27;[39m
  &amp#27;[32m✔&amp#27;[39m &amp#27;[32m&amp#27;[1mAnd &amp#27;[22mUser read and select from dropdown &amp#27;[1m"recentdisplaydropdown"&amp#27;[22m &amp#27;[1m"recentdisplaymode"&amp#27;[22m&amp#27;[39m &amp#27;[90m# training.steps.Steps.user_read_and_select_from_dropdown(java.lang.String,java.lang.String)&amp#27;[39m
  &amp#27;[32m✔&amp#27;[39m &amp#27;[32m&amp#27;[1mThen &amp#27;[22mUser verify the list is not empty &amp#27;[1m"recentcontactslist"&amp#27;[22m&amp#27;[39m                        &amp#27;[90m# training.steps.Steps.user_verify_the_list_is_not_empty(java.lang.String)&amp#27;[39m
]]></system-out>
    <system-err><![CDATA[Starting ChromeDriver 142.0.7444.175 (302067f14a4ea3f42001580e6101fa25ed343445-refs/branch-heads/7444@{#2749}) on port 32432
Only local connections are allowed.
Please see https://chromedriver.chromium.org/security-considerations for suggestions on keeping ChromeDriver safe.
ChromeDriver was started successfully on port 32432.
Dec 06, 2025 5:46:20 PM org.openqa.selenium.remote.ProtocolHandshake createSession
INFO: Detected dialect: W3C
]]></system-err>
  </testcase>
  <testcase name="TC28 Verify Contacts My Contacts View" classname="Contacts all testcases" time="19.06">
    <system-out><![CDATA[
@Contacts
&amp#27;[1mScenario:&amp#27;[22m TC28 Verify Contacts My Contacts View                                            &amp#27;[90m# features/Contacts.feature:48&amp#27;[39m
  &amp#27;[32m✔&amp#27;[39m &amp#27;[32m&amp#27;[1mGiven &amp#27;[22mUser secure launch the application&amp#27;[39m                                               &amp#27;[90m# training.steps.Steps.user_secure_launch_the_application()&amp#27;[39m
  &amp#27;[32m✔&amp#27;[39m &amp#27;[32m&amp#27;[1mGiven &amp#27;[22mUser is on &amp#27;[1m"HomePage"&amp#27;[22m&amp#27;[39m                                                            &amp#27;[90m# training.steps.Steps.user_is_on(java.lang.String)&amp#27;[39m
  &amp#27;[32m✔&amp#27;[39m &amp#27;[32m&amp#27;[1mWhen &amp#27;[22mUser click on link &amp#27;[1m"contacts"&amp#27;[22m&amp#27;[39m                                                     &amp#27;[90m# training.steps.Steps.user_click_on_link(java.lang.String)&amp#27;[39m
  &amp#27;[32m✔&amp#27;[39m &amp#27;[32m&amp#27;[1mAnd &amp#27;[22mUser is on &amp#27;[1m"ContactsHomePage"&amp#27;[22m&amp#27;[39m                                                      &amp#27;[90m# training.steps.Steps.user_is_on(java.lang.String)&amp#27;[39m
  &amp#27;[32m✔&amp#27;[39m &amp#27;[32m&amp#27;[1mAnd &amp#27;[22mUser click on dropdown &amp#27;[1m"contactsviewdropdown"&amp#27;[22m&amp#27;[39m                                      &amp#27;[90m# training.steps.Steps.user_click_on_dropdown(java.lang.String)&amp#27;[39m
  &amp#27;[32m✔&amp#27;[39m &amp#27;[32m&amp#27;[1mAnd &amp#27;[22mUser read and select from dropdown &amp#27;[1m"contactsviewdropdown"&amp#27;[22m &amp#27;[1m"contactsview"&amp#27;[22m&amp#27;[39m           &amp#27;[90m# training.steps.Steps.user_read_and_select_from_dropdown(java.lang.String,java.lang.String)&amp#27;[39m
  &amp#27;[32m✔&amp#27;[39m &amp#27;[32m&amp#27;[1mAnd &amp#27;[22mUser is on &amp#27;[1m"ContactsViewPage"&amp#27;[22m&amp#27;[39m                                                      &amp#27;[90m# training.steps.Steps.user_is_on(java.lang.String)&amp#27;[39m
  &amp#27;[32m✔&amp#27;[39m &amp#27;[32m&amp#27;[1mThen &amp#27;[22mUser verify first selected item in dropdown &amp#27;[1m"contactsviewdropdown"&amp#27;[22m &amp#27;[1m"contactsview"&amp#27;[22m&amp#27;[39m &amp#27;[90m# training.steps.Steps.user_verify_first_selected_item_in_dropdown(java.lang.String,java.lang.String)&amp#27;[39m
  &amp#27;[32m✔&amp#27;[39m &amp#27;[32m&amp#27;[1mThen &amp#27;[22mUser read and select from dropdown &amp#27;[1m"contactsviewdropdown"&amp#27;[22m &amp#27;[1m"contactsallview"&amp#27;[22m&amp#27;[39m       &amp#27;[90m# training.steps.Steps.user_read_and_select_from_dropdown(java.lang.String,java.lang.String)&amp#27;[39m
]]></system-out>
    <system-err><![CDATA[Starting ChromeDriver 142.0.7444.175 (302067f14a4ea3f42001580e6101fa25ed343445-refs/branch-heads/7444@{#2749}) on port 36813
Only local connections are allowed.
Please see https://chromedriver.chromium.org/security-considerations for suggestions on keeping ChromeDriver safe.
ChromeDriver was started successfully on port 36813.
Dec 06, 2025 5:46:34 PM org.openqa.selenium.remote.ProtocolHandshake createSession
INFO: Detected dialect: W3C
]]></system-err>
  </testcase>
  <testcase name="TC29 View Contact details in Contact Page" classname="Contacts all testcases" time="17.722">
    <system-out><![CDATA[
@Contacts
&amp#27;[1mScenario:&amp#27;[22m TC29 View Contact details in Contact Page                                &amp#27;[90m# features/Contacts.feature:60&amp#27;[39m
  &amp#27;[32m✔&amp#27;[39m &amp#27;[32m&amp#27;[1mGiven &amp#27;[22mUser secure launch the application&amp#27;[39m                                       &amp#27;[90m# training.steps.Steps.user_secure_launch_the_application()&amp#27;[39m
  &amp#27;[32m✔&amp#27;[39m &amp#27;[32m&amp#27;[1mGiven &amp#27;[22mUser is on &amp#27;[1m"HomePage"&amp#27;[22m&amp#27;[39m                                                    &amp#27;[90m# training.steps.Steps.user_is_on(java.lang.String)&amp#27;[39m
  &amp#27;[32m✔&amp#27;[39m &amp#27;[32m&amp#27;[1mWhen &amp#27;[22mUser click on link &amp#27;[1m"contacts"&amp#27;[22m&amp#27;[39m                                             &amp#27;[90m# training.steps.Steps.user_click_on_link(java.lang.String)&amp#27;[39m
  &amp#27;[32m✔&amp#27;[39m &amp#27;[32m&amp#27;[1mAnd &amp#27;[22mUser is on &amp#27;[1m"ContactsHomePage"&amp#27;[22m&amp#27;[39m                                              &amp#27;[90m# training.steps.Steps.user_is_on(java.lang.String)&amp#27;[39m
  &amp#27;[32m✔&amp#27;[39m &amp#27;[32m&amp#27;[1mAnd &amp#27;[22mUser read and click the list item &amp#27;[1m"recentcontactslist"&amp#27;[22m &amp#27;[1m"contactnametoview"&amp#27;[22m&amp#27;[39m &amp#27;[90m# training.steps.Steps.user_read_and_click_the_list_item(java.lang.String,java.lang.String)&amp#27;[39m
  &amp#27;[32m✔&amp#27;[39m &amp#27;[32m&amp#27;[1mAnd &amp#27;[22mUser is on &amp#27;[1m"ContactsDetailsPage"&amp#27;[22m&amp#27;[39m                                           &amp#27;[90m# training.steps.Steps.user_is_on(java.lang.String)&amp#27;[39m
  &amp#27;[32m✔&amp#27;[39m &amp#27;[32m&amp#27;[1mThen &amp#27;[22mUser verify the data &amp#27;[1m"pagedescription"&amp#27;[22m &amp#27;[1m"contactnametoview"&amp#27;[22m&amp#27;[39m                &amp#27;[90m# training.steps.Steps.user_verify_the_data(java.lang.String,java.lang.String)&amp#27;[39m
  &amp#27;[32m✔&amp#27;[39m &amp#27;[32m&amp#27;[1mAnd &amp#27;[22mUser verify the data &amp#27;[1m"updatedcontactname"&amp#27;[22m &amp#27;[1m"contactnametoview"&amp#27;[22m&amp#27;[39m              &amp#27;[90m# training.steps.Steps.user_verify_the_data(java.lang.String,java.lang.String)&amp#27;[39m
]]></system-out>
    <system-err><![CDATA[Starting ChromeDriver 142.0.7444.175 (302067f14a4ea3f42001580e6101fa25ed343445-refs/branch-heads/7444@{#2749}) on port 36684
Only local connections are allowed.
Please see https://chromedriver.chromium.org/security-considerations for suggestions on keeping ChromeDriver safe.
ChromeDriver was started successfully on port 36684.
Dec 06, 2025 5:46:53 PM org.openqa.selenium.remote.ProtocolHandshake createSession
INFO: Detected dialect: W3C
]]></system-err>
  </testcase>
  <testcase name="TC30 Create New Contact View Error" classname="Contacts all testcases" time="20.257">
    <system-out><![CDATA[
@Contacts
&amp#27;[1mScenario:&amp#27;[22m TC30 Create New Contact View Error                             &amp#27;[90m# features/Contacts.feature:70&amp#27;[39m
  &amp#27;[32m✔&amp#27;[39m &amp#27;[32m&amp#27;[1mGiven &amp#27;[22mUser secure launch the application&amp#27;[39m                             &amp#27;[90m# training.steps.Steps.user_secure_launch_the_application()&amp#27;[39m
  &amp#27;[32m✔&amp#27;[39m &amp#27;[32m&amp#27;[1mGiven &amp#27;[22mUser is on &amp#27;[1m"HomePage"&amp#27;[22m&amp#27;[39m                                          &amp#27;[90m# training.steps.Steps.user_is_on(java.lang.String)&amp#27;[39m
  &amp#27;[32m✔&amp#27;[39m &amp#27;[32m&amp#27;[1mWhen &amp#27;[22mUser click on link &amp#27;[1m"contacts"&amp#27;[22m&amp#27;[39m                                   &amp#27;[90m# training.steps.Steps.user_click_on_link(java.lang.String)&amp#27;[39m
  &amp#27;[32m✔&amp#27;[39m &amp#27;[32m&amp#27;[1mAnd &amp#27;[22mUser is on &amp#27;[1m"ContactsHomePage"&amp#27;[22m&amp#27;[39m                                    &amp#27;[90m# training.steps.Steps.user_is_on(java.lang.String)&amp#27;[39m
  &amp#27;[32m✔&amp#27;[39m &amp#27;[32m&amp#27;[1mAnd &amp#27;[22mUser click on button &amp#27;[1m"createnewview"&amp#27;[22m&amp#27;[39m                             &amp#27;[90m# training.steps.Steps.user_click_on_button(java.lang.String)&amp#27;[39m
  &amp#27;[32m✔&amp#27;[39m &amp#27;[32m&amp#27;[1mAnd &amp#27;[22mUser is on &amp#27;[1m"ContactsCreateViewPage"&amp#27;[22m&amp#27;[39m                              &amp#27;[90m# training.steps.Steps.user_is_on(java.lang.String)&amp#27;[39m
  &amp#27;[32m✔&amp#27;[39m &amp#27;[32m&amp#27;[1mThen &amp#27;[22mUser verify the text &amp#27;[1m"pagedescription"&amp#27;[22m &amp#27;[1m"Create New View"&amp#27;[22m&amp#27;[39m        &amp#27;[90m# training.steps.Steps.user_verify_the_text(java.lang.String,java.lang.String)&amp#27;[39m
  &amp#27;[32m✔&amp#27;[39m &amp#27;[32m&amp#27;[1mWhen &amp#27;[22mUser read and enter into textbox &amp#27;[1m"contactsviewuniqname"&amp#27;[22m&amp#27;[39m         &amp#27;[90m# training.steps.Steps.user_read_and_enter_into_textbox(java.lang.String)&amp#27;[39m
  &amp#27;[32m✔&amp#27;[39m &amp#27;[32m&amp#27;[1mAnd &amp#27;[22mUser click on button &amp#27;[1m"save"&amp#27;[22m&amp#27;[39m                                      &amp#27;[90m# training.steps.Steps.user_click_on_button(java.lang.String)&amp#27;[39m
  &amp#27;[32m✔&amp#27;[39m &amp#27;[32m&amp#27;[1mThen &amp#27;[22mUser verify the text &amp#27;[1m"errormsg"&amp#27;[22m &amp#27;[1m"Error: You must enter a value"&amp#27;[22m&amp#27;[39m &amp#27;[90m# training.steps.Steps.user_verify_the_text(java.lang.String,java.lang.String)&amp#27;[39m
]]></system-out>
    <system-err><![CDATA[Starting ChromeDriver 142.0.7444.175 (302067f14a4ea3f42001580e6101fa25ed343445-refs/branch-heads/7444@{#2749}) on port 17172
Only local connections are allowed.
Please see https://chromedriver.chromium.org/security-considerations for suggestions on keeping ChromeDriver safe.
ChromeDriver was started successfully on port 17172.
Dec 06, 2025 5:47:10 PM org.openqa.selenium.remote.ProtocolHandshake createSession
INFO: Detected dialect: W3C
]]></system-err>
  </testcase>
  <testcase name="TC31 Cancel New Contact View" classname="Contacts all testcases" time="18.13">
    <system-out><![CDATA[
@Contacts
&amp#27;[1mScenario:&amp#27;[22m TC31 Cancel New Contact View                                         &amp#27;[90m# features/Contacts.feature:82&amp#27;[39m
  &amp#27;[32m✔&amp#27;[39m &amp#27;[32m&amp#27;[1mGiven &amp#27;[22mUser secure launch the application&amp#27;[39m                                   &amp#27;[90m# training.steps.Steps.user_secure_launch_the_application()&amp#27;[39m
  &amp#27;[32m✔&amp#27;[39m &amp#27;[32m&amp#27;[1mGiven &amp#27;[22mUser is on &amp#27;[1m"HomePage"&amp#27;[22m&amp#27;[39m                                                &amp#27;[90m# training.steps.Steps.user_is_on(java.lang.String)&amp#27;[39m
  &amp#27;[32m✔&amp#27;[39m &amp#27;[32m&amp#27;[1mWhen &amp#27;[22mUser click on link &amp#27;[1m"contacts"&amp#27;[22m&amp#27;[39m                                         &amp#27;[90m# training.steps.Steps.user_click_on_link(java.lang.String)&amp#27;[39m
  &amp#27;[32m✔&amp#27;[39m &amp#27;[32m&amp#27;[1mAnd &amp#27;[22mUser is on &amp#27;[1m"ContactsHomePage"&amp#27;[22m&amp#27;[39m                                          &amp#27;[90m# training.steps.Steps.user_is_on(java.lang.String)&amp#27;[39m
  &amp#27;[32m✔&amp#27;[39m &amp#27;[32m&amp#27;[1mAnd &amp#27;[22mUser click on button &amp#27;[1m"createnewview"&amp#27;[22m&amp#27;[39m                                   &amp#27;[90m# training.steps.Steps.user_click_on_button(java.lang.String)&amp#27;[39m
  &amp#27;[32m✔&amp#27;[39m &amp#27;[32m&amp#27;[1mAnd &amp#27;[22mUser is on &amp#27;[1m"ContactsCreateViewPage"&amp#27;[22m&amp#27;[39m                                    &amp#27;[90m# training.steps.Steps.user_is_on(java.lang.String)&amp#27;[39m
  &amp#27;[32m✔&amp#27;[39m &amp#27;[32m&amp#27;[1mThen &amp#27;[22mUser verify the text &amp#27;[1m"pagedescription"&amp#27;[22m &amp#27;[1m"Create New View"&amp#27;[22m&amp#27;[39m              &amp#27;[90m# training.steps.Steps.user_verify_the_text(java.lang.String,java.lang.String)&amp#27;[39m
  &amp#27;[32m✔&amp#27;[39m &amp#27;[32m&amp#27;[1mWhen &amp#27;[22mUser enter into textbox &amp#27;[1m"contactsviewname"&amp#27;[22m &amp#27;[1m"ABCD"&amp#27;[22m&amp#27;[39m                     &amp#27;[90m# training.steps.Steps.user_enter_into_textbox(java.lang.String,java.lang.String)&amp#27;[39m
  &amp#27;[32m✔&amp#27;[39m &amp#27;[32m&amp#27;[1mAnd &amp#27;[22mUser clear the textbox &amp#27;[1m"contactsviewuniqname"&amp#27;[22m&amp#27;[39m                          &amp#27;[90m# training.steps.Steps.user_clear_the_textbox(java.lang.String)&amp#27;[39m
  &amp#27;[32m✔&amp#27;[39m &amp#27;[32m&amp#27;[1mAnd &amp#27;[22mUser enter into textbox &amp#27;[1m"contactsviewuniqname"&amp#27;[22m &amp#27;[1m"EFGH"&amp#27;[22m&amp#27;[39m                  &amp#27;[90m# training.steps.Steps.user_enter_into_textbox(java.lang.String,java.lang.String)&amp#27;[39m
  &amp#27;[32m✔&amp#27;[39m &amp#27;[32m&amp#27;[1mAnd &amp#27;[22mUser click on button &amp#27;[1m"cancel"&amp#27;[22m&amp#27;[39m                                          &amp#27;[90m# training.steps.Steps.user_click_on_button(java.lang.String)&amp#27;[39m
  &amp#27;[32m✔&amp#27;[39m &amp#27;[32m&amp#27;[1mAnd &amp#27;[22mUser is on &amp#27;[1m"ContactsHomePage"&amp#27;[22m&amp#27;[39m                                          &amp#27;[90m# training.steps.Steps.user_is_on(java.lang.String)&amp#27;[39m
  &amp#27;[32m✔&amp#27;[39m &amp#27;[32m&amp#27;[1mThen &amp#27;[22mUser verify the text &amp#27;[1m"pagetype"&amp#27;[22m &amp#27;[1m"Contacts"&amp#27;[22m&amp#27;[39m                            &amp#27;[90m# training.steps.Steps.user_verify_the_text(java.lang.String,java.lang.String)&amp#27;[39m
  &amp#27;[32m✔&amp#27;[39m &amp#27;[32m&amp#27;[1mThen &amp#27;[22mUser verify the item is not in dropdown &amp#27;[1m"contactsviewdropdown"&amp#27;[22m &amp#27;[1m"ABCD"&amp#27;[22m&amp#27;[39m &amp#27;[90m# training.steps.Steps.user_verify_the_item_is_not_in_dropdown(java.lang.String,java.lang.String)&amp#27;[39m
]]></system-out>
    <system-err><![CDATA[Starting ChromeDriver 142.0.7444.175 (302067f14a4ea3f42001580e6101fa25ed343445-refs/branch-heads/7444@{#2749}) on port 16205
Only local connections are allowed.
Please see https://chromedriver.chromium.org/security-considerations for suggestions on keeping ChromeDriver safe.
ChromeDriver was started successfully on port 16205.
Dec 06, 2025 5:47:31 PM org.openqa.selenium.remote.ProtocolHandshake createSession
INFO: Detected dialect: W3C
]]></system-err>
  </testcase>
  <testcase name="TC32 Create New Contact With New Account Name" classname="Contacts all testcases" time="26.554">
    <error message="Expected condition failed: waiting for visibility of element located by By.id: con2_ileinner (tried for 10 second(s) with 500 milliseconds interval)" type="org.openqa.selenium.TimeoutException"><![CDATA[org.openqa.selenium.TimeoutException: Expected condition failed: waiting for visibility of element located by By.id: con2_ileinner (tried for 10 second(s) with 500 milliseconds interval)
	at org.openqa.selenium.support.ui.WebDriverWait.timeoutException(WebDriverWait.java:95)
	at org.openqa.selenium.support.ui.FluentWait.until(FluentWait.java:272)
	at training.base.BasePage.waitForElementToLocate(BasePage.java:56)
	at training.base.BasePage.verifyText(BasePage.java:195)
	at training.steps.Steps.user_verify_the_text(Steps.java:146)
	at ✽.User verify the text "updatedcontactname" "Indian"(file:///Users/anshu/Workspace/SalesForceCucumber/features/Contacts.feature:111)
Caused by: org.openqa.selenium.NoSuchElementException: no such element: Unable to locate element: {"method":"css selector","selector":"#con2_ileinner"}
  (Session info: chrome=142.0.7444.177)
For documentation on this error, please visit: https://www.seleniumhq.org/exceptions/no_such_element.html
Build info: version: '3.141.59', revision: 'e82be7d358', time: '2018-11-14T08:17:03'
System info: host: 'MacBook-Air.local', ip: 'fe80:0:0:0:1066:b8a3:680e:55d3%en0', os.name: 'Mac OS X', os.arch: 'x86_64', os.version: '26.0.1', java.version: '21.0.8'
Driver info: org.openqa.selenium.chrome.ChromeDriver
Capabilities {acceptInsecureCerts: false, browserName: chrome, browserVersion: 142.0.7444.177, chrome: {chromedriverVersion: 142.0.7444.175 (302067f14a4..., userDataDir: /var/folders/29/hjrpy44j56b...}, fedcm:accounts: true, goog:chromeOptions: {debuggerAddress: localhost:61125}, goog:processID: 47894, javascriptEnabled: true, networkConnectionEnabled: false, pageLoadStrategy: normal, platform: MAC, platformName: MAC, proxy: Proxy(), setWindowRect: true, strictFileInteractability: false, timeouts: {implicit: 0, pageLoad: 300000, script: 30000}, unhandledPromptBehavior: dismiss and notify, webauthn:extension:credBlob: true, webauthn:extension:largeBlob: true, webauthn:extension:minPinLength: true, webauthn:extension:prf: true, webauthn:virtualAuthenticators: true}
Session ID: 923d5f3216fa1e35b363ed557e8b1884
*** Element info: {Using=id, value=con2_ileinner}
	at java.base/jdk.internal.reflect.DirectConstructorHandleAccessor.newInstance(DirectConstructorHandleAccessor.java:62)
	at java.base/java.lang.reflect.Constructor.newInstanceWithCaller(Constructor.java:502)
	at java.base/java.lang.reflect.Constructor.newInstance(Constructor.java:486)
	at org.openqa.selenium.remote.http.W3CHttpResponseCodec.createException(W3CHttpResponseCodec.java:187)
	at org.openqa.selenium.remote.http.W3CHttpResponseCodec.decode(W3CHttpResponseCodec.java:122)
	at org.openqa.selenium.remote.http.W3CHttpResponseCodec.decode(W3CHttpResponseCodec.java:49)
	at org.openqa.selenium.remote.HttpCommandExecutor.execute(HttpCommandExecutor.java:158)
	at org.openqa.selenium.remote.service.DriverCommandExecutor.execute(DriverCommandExecutor.java:83)
	at org.openqa.selenium.remote.RemoteWebDriver.execute(RemoteWebDriver.java:552)
	at org.openqa.selenium.remote.RemoteWebDriver.findElement(RemoteWebDriver.java:323)
	at org.openqa.selenium.remote.RemoteWebDriver.findElementById(RemoteWebDriver.java:372)
	at org.openqa.selenium.By$ById.findElement(By.java:188)
	at org.openqa.selenium.remote.RemoteWebDriver.findElement(RemoteWebDriver.java:315)
	at org.openqa.selenium.support.ui.ExpectedConditions$7.apply(ExpectedConditions.java:205)
	at org.openqa.selenium.support.ui.ExpectedConditions$7.apply(ExpectedConditions.java:201)
	at org.openqa.selenium.support.ui.FluentWait.until(FluentWait.java:249)
	... 4 more
]]></error>
    <system-out><![CDATA[
@Contacts
&amp#27;[1mScenario:&amp#27;[22m TC32 Create New Contact With New Account Name       &amp#27;[90m# features/Contacts.feature:99&amp#27;[39m
  &amp#27;[32m✔&amp#27;[39m &amp#27;[32m&amp#27;[1mGiven &amp#27;[22mUser secure launch the application&amp#27;[39m                  &amp#27;[90m# training.steps.Steps.user_secure_launch_the_application()&amp#27;[39m
  &amp#27;[32m✔&amp#27;[39m &amp#27;[32m&amp#27;[1mGiven &amp#27;[22mUser is on &amp#27;[1m"HomePage"&amp#27;[22m&amp#27;[39m                               &amp#27;[90m# training.steps.Steps.user_is_on(java.lang.String)&amp#27;[39m
  &amp#27;[32m✔&amp#27;[39m &amp#27;[32m&amp#27;[1mWhen &amp#27;[22mUser click on link &amp#27;[1m"contacts"&amp#27;[22m&amp#27;[39m                        &amp#27;[90m# training.steps.Steps.user_click_on_link(java.lang.String)&amp#27;[39m
  &amp#27;[32m✔&amp#27;[39m &amp#27;[32m&amp#27;[1mAnd &amp#27;[22mUser is on &amp#27;[1m"ContactsHomePage"&amp#27;[22m&amp#27;[39m                         &amp#27;[90m# training.steps.Steps.user_is_on(java.lang.String)&amp#27;[39m
  &amp#27;[32m✔&amp#27;[39m &amp#27;[32m&amp#27;[1mWhen &amp#27;[22mUser click on button &amp#27;[1m"new"&amp#27;[22m&amp#27;[39m                           &amp#27;[90m# training.steps.Steps.user_click_on_button(java.lang.String)&amp#27;[39m
  &amp#27;[32m✔&amp#27;[39m &amp#27;[32m&amp#27;[1mAnd &amp#27;[22mUser is on &amp#27;[1m"ContactsEditPage"&amp#27;[22m&amp#27;[39m                         &amp#27;[90m# training.steps.Steps.user_is_on(java.lang.String)&amp#27;[39m
  &amp#27;[32m✔&amp#27;[39m &amp#27;[32m&amp#27;[1mThen &amp#27;[22mUser verify the text &amp#27;[1m"pagedescription"&amp#27;[22m &amp#27;[1m"New Contact"&amp#27;[22m&amp#27;[39m &amp#27;[90m# training.steps.Steps.user_verify_the_text(java.lang.String,java.lang.String)&amp#27;[39m
  &amp#27;[32m✔&amp#27;[39m &amp#27;[32m&amp#27;[1mWhen &amp#27;[22mUser enter into textbox &amp#27;[1m"contactlastname"&amp#27;[22m &amp#27;[1m"Indian"&amp#27;[22m&amp#27;[39m   &amp#27;[90m# training.steps.Steps.user_enter_into_textbox(java.lang.String,java.lang.String)&amp#27;[39m
  &amp#27;[32m✔&amp#27;[39m &amp#27;[32m&amp#27;[1mWhen &amp#27;[22mUser enter into textbox &amp#27;[1m"contactaccname"&amp#27;[22m &amp#27;[1m"Global"&amp#27;[22m&amp#27;[39m    &amp#27;[90m# training.steps.Steps.user_enter_into_textbox(java.lang.String,java.lang.String)&amp#27;[39m
  &amp#27;[32m✔&amp#27;[39m &amp#27;[32m&amp#27;[1mAnd &amp#27;[22mUser click on button &amp#27;[1m"save"&amp#27;[22m&amp#27;[39m                           &amp#27;[90m# training.steps.Steps.user_click_on_button(java.lang.String)&amp#27;[39m
  &amp#27;[32m✔&amp#27;[39m &amp#27;[32m&amp#27;[1mAnd &amp#27;[22mUser is on &amp#27;[1m"ContactsDetailsPage"&amp#27;[22m&amp#27;[39m                      &amp#27;[90m# training.steps.Steps.user_is_on(java.lang.String)&amp#27;[39m
  &amp#27;[31m✘&amp#27;[39m &amp#27;[31m&amp#27;[1mThen &amp#27;[22mUser verify the text &amp#27;[1m"updatedcontactname"&amp#27;[22m &amp#27;[1m"Indian"&amp#27;[22m&amp#27;[39m   &amp#27;[90m# training.steps.Steps.user_verify_the_text(java.lang.String,java.lang.String)&amp#27;[39m
        &amp#27;[31morg.openqa.selenium.TimeoutException: Expected condition failed: waiting for visibility of element located by By.id: con2_ileinner (tried for 10 second(s) with 500 milliseconds interval)&amp#27;[39m
        &amp#27;[31m	at org.openqa.selenium.support.ui.WebDriverWait.timeoutException(WebDriverWait.java:95)&amp#27;[39m
        &amp#27;[31m	at org.openqa.selenium.support.ui.FluentWait.until(FluentWait.java:272)&amp#27;[39m
        &amp#27;[31m	at training.base.BasePage.waitForElementToLocate(BasePage.java:56)&amp#27;[39m
        &amp#27;[31m	at training.base.BasePage.verifyText(BasePage.java:195)&amp#27;[39m
        &amp#27;[31m	at training.steps.Steps.user_verify_the_text(Steps.java:146)&amp#27;[39m
        &amp#27;[31m	at ✽.User verify the text "updatedcontactname" "Indian"(file:///Users/anshu/Workspace/SalesForceCucumber/features/Contacts.feature:111)&amp#27;[39m
        &amp#27;[31mCaused by: org.openqa.selenium.NoSuchElementException: no such element: Unable to locate element: {"method":"css selector","selector":"#con2_ileinner"}&amp#27;[39m
        &amp#27;[31m  (Session info: chrome=142.0.7444.177)&amp#27;[39m
        &amp#27;[31mFor documentation on this error, please visit: https://www.seleniumhq.org/exceptions/no_such_element.html&amp#27;[39m
        &amp#27;[31mBuild info: version: '3.141.59', revision: 'e82be7d358', time: '2018-11-14T08:17:03'&amp#27;[39m
        &amp#27;[31mSystem info: host: 'MacBook-Air.local', ip: 'fe80:0:0:0:1066:b8a3:680e:55d3%en0', os.name: 'Mac OS X', os.arch: 'x86_64', os.version: '26.0.1', java.version: '21.0.8'&amp#27;[39m
        &amp#27;[31mDriver info: org.openqa.selenium.chrome.ChromeDriver&amp#27;[39m
        &amp#27;[31mCapabilities {acceptInsecureCerts: false, browserName: chrome, browserVersion: 142.0.7444.177, chrome: {chromedriverVersion: 142.0.7444.175 (302067f14a4..., userDataDir: /var/folders/29/hjrpy44j56b...}, fedcm:accounts: true, goog:chromeOptions: {debuggerAddress: localhost:61125}, goog:processID: 47894, javascriptEnabled: true, networkConnectionEnabled: false, pageLoadStrategy: normal, platform: MAC, platformName: MAC, proxy: Proxy(), setWindowRect: true, strictFileInteractability: false, timeouts: {implicit: 0, pageLoad: 300000, script: 30000}, unhandledPromptBehavior: dismiss and notify, webauthn:extension:credBlob: true, webauthn:extension:largeBlob: true, webauthn:extension:minPinLength: true, webauthn:extension:prf: true, webauthn:virtualAuthenticators: true}&amp#27;[39m
        &amp#27;[31mSession ID: 923d5f3216fa1e35b363ed557e8b1884&amp#27;[39m
        &amp#27;[31m*** Element info: {Using=id, value=con2_ileinner}&amp#27;[39m
        &amp#27;[31m	at java.base/jdk.internal.reflect.DirectConstructorHandleAccessor.newInstance(DirectConstructorHandleAccessor.java:62)&amp#27;[39m
        &amp#27;[31m	at java.base/java.lang.reflect.Constructor.newInstanceWithCaller(Constructor.java:502)&amp#27;[39m
        &amp#27;[31m	at java.base/java.lang.reflect.Constructor.newInstance(Constructor.java:486)&amp#27;[39m
        &amp#27;[31m	at org.openqa.selenium.remote.http.W3CHttpResponseCodec.createException(W3CHttpResponseCodec.java:187)&amp#27;[39m
        &amp#27;[31m	at org.openqa.selenium.remote.http.W3CHttpResponseCodec.decode(W3CHttpResponseCodec.java:122)&amp#27;[39m
        &amp#27;[31m	at org.openqa.selenium.remote.http.W3CHttpResponseCodec.decode(W3CHttpResponseCodec.java:49)&amp#27;[39m
        &amp#27;[31m	at org.openqa.selenium.remote.HttpCommandExecutor.execute(HttpCommandExecutor.java:158)&amp#27;[39m
        &amp#27;[31m	at org.openqa.selenium.remote.service.DriverCommandExecutor.execute(DriverCommandExecutor.java:83)&amp#27;[39m
        &amp#27;[31m	at org.openqa.selenium.remote.RemoteWebDriver.execute(RemoteWebDriver.java:552)&amp#27;[39m
        &amp#27;[31m	at org.openqa.selenium.remote.RemoteWebDriver.findElement(RemoteWebDriver.java:323)&amp#27;[39m
        &amp#27;[31m	at org.openqa.selenium.remote.RemoteWebDriver.findElementById(RemoteWebDriver.java:372)&amp#27;[39m
        &amp#27;[31m	at org.openqa.selenium.By$ById.findElement(By.java:188)&amp#27;[39m
        &amp#27;[31m	at org.openqa.selenium.remote.RemoteWebDriver.findElement(RemoteWebDriver.java:315)&amp#27;[39m
        &amp#27;[31m	at org.openqa.selenium.support.ui.ExpectedConditions$7.apply(ExpectedConditions.java:205)&amp#27;[39m
        &amp#27;[31m	at org.openqa.selenium.support.ui.ExpectedConditions$7.apply(ExpectedConditions.java:201)&amp#27;[39m
        &amp#27;[31m	at org.openqa.selenium.support.ui.FluentWait.until(FluentWait.java:249)&amp#27;[39m
        &amp#27;[31m	... 4 more&amp#27;[39m
  &amp#27;[36m↷&amp#27;[39m &amp#27;[36m&amp#27;[1mAnd &amp#27;[22mUser verify the text &amp#27;[1m"updatedcontactaccname"&amp#27;[22m &amp#27;[1m"Global"&amp#27;[22m&amp#27;[39m &amp#27;[90m# training.steps.Steps.user_verify_the_text(java.lang.String,java.lang.String)&amp#27;[39m
]]></system-out>
    <system-err><![CDATA[Starting ChromeDriver 142.0.7444.175 (302067f14a4ea3f42001580e6101fa25ed343445-refs/branch-heads/7444@{#2749}) on port 1766
Only local connections are allowed.
Please see https://chromedriver.chromium.org/security-considerations for suggestions on keeping ChromeDriver safe.
ChromeDriver was started successfully on port 1766.
Dec 06, 2025 5:47:49 PM org.openqa.selenium.remote.ProtocolHandshake createSession
INFO: Detected dialect: W3C
]]></system-err>
  </testcase>
  <testcase name="TC20 Verify leads Tab" classname="Leads all testcases" time="14.817">
    <system-out><![CDATA[
@Smoke @Leads
&amp#27;[1mScenario:&amp#27;[22m TC20 Verify leads Tab                  &amp#27;[90m# features/Leads.feature:8&amp#27;[39m
  &amp#27;[32m✔&amp#27;[39m &amp#27;[32m&amp#27;[1mGiven &amp#27;[22mUser secure launch the application&amp#27;[39m     &amp#27;[90m# training.steps.Steps.user_secure_launch_the_application()&amp#27;[39m
  &amp#27;[32m✔&amp#27;[39m &amp#27;[32m&amp#27;[1mGiven &amp#27;[22mUser is on &amp#27;[1m"HomePage"&amp#27;[22m&amp#27;[39m                  &amp#27;[90m# training.steps.Steps.user_is_on(java.lang.String)&amp#27;[39m
  &amp#27;[32m✔&amp#27;[39m &amp#27;[32m&amp#27;[1mWhen &amp#27;[22mUser click on link &amp#27;[1m"leads"&amp#27;[22m&amp#27;[39m              &amp#27;[90m# training.steps.Steps.user_click_on_link(java.lang.String)&amp#27;[39m
  &amp#27;[32m✔&amp#27;[39m &amp#27;[32m&amp#27;[1mAnd &amp#27;[22mUser is on &amp#27;[1m"LeadsHomePage"&amp#27;[22m&amp#27;[39m               &amp#27;[90m# training.steps.Steps.user_is_on(java.lang.String)&amp#27;[39m
  &amp#27;[32m✔&amp#27;[39m &amp#27;[32m&amp#27;[1mThen &amp#27;[22mUser verify the text &amp#27;[1m"pagetype"&amp#27;[22m &amp#27;[1m"Leads"&amp#27;[22m&amp#27;[39m &amp#27;[90m# training.steps.Steps.user_verify_the_text(java.lang.String,java.lang.String)&amp#27;[39m
]]></system-out>
    <system-err><![CDATA[Starting ChromeDriver 142.0.7444.175 (302067f14a4ea3f42001580e6101fa25ed343445-refs/branch-heads/7444@{#2749}) on port 17108
Only local connections are allowed.
Please see https://chromedriver.chromium.org/security-considerations for suggestions on keeping ChromeDriver safe.
ChromeDriver was started successfully on port 17108.
Dec 06, 2025 5:48:15 PM org.openqa.selenium.remote.ProtocolHandshake createSession
INFO: Detected dialect: W3C
]]></system-err>
  </testcase>
  <testcase name="TC21 Verify leads View DropDown" classname="Leads all testcases" time="13.086">
    <system-out><![CDATA[
@Leads
&amp#27;[1mScenario:&amp#27;[22m TC21 Verify leads View DropDown                            &amp#27;[90m# features/Leads.feature:16&amp#27;[39m
  &amp#27;[32m✔&amp#27;[39m &amp#27;[32m&amp#27;[1mGiven &amp#27;[22mUser secure launch the application&amp#27;[39m                         &amp#27;[90m# training.steps.Steps.user_secure_launch_the_application()&amp#27;[39m
  &amp#27;[32m✔&amp#27;[39m &amp#27;[32m&amp#27;[1mGiven &amp#27;[22mUser is on &amp#27;[1m"HomePage"&amp#27;[22m&amp#27;[39m                                      &amp#27;[90m# training.steps.Steps.user_is_on(java.lang.String)&amp#27;[39m
  &amp#27;[32m✔&amp#27;[39m &amp#27;[32m&amp#27;[1mWhen &amp#27;[22mUser click on link &amp#27;[1m"leads"&amp#27;[22m&amp#27;[39m                                  &amp#27;[90m# training.steps.Steps.user_click_on_link(java.lang.String)&amp#27;[39m
  &amp#27;[32m✔&amp#27;[39m &amp#27;[32m&amp#27;[1mAnd &amp#27;[22mUser is on &amp#27;[1m"LeadsHomePage"&amp#27;[22m&amp#27;[39m                                   &amp#27;[90m# training.steps.Steps.user_is_on(java.lang.String)&amp#27;[39m
  &amp#27;[32m✔&amp#27;[39m &amp#27;[32m&amp#27;[1mThen &amp#27;[22mUser verify following items in dropdown &amp#27;[1m"leadsviewdropdown"&amp#27;[22m&amp#27;[39m &amp#27;[90m# training.steps.Steps.user_verify_following_items_in_dropdown(java.lang.String,io.cucumber.datatable.DataTable)&amp#27;[39m
      | All Open Leads        |
      | My Unread Leads       |
      | Recently Viewed Leads |
      | Today's Leads         |
      | View - Custom 1       |
      | View - Custom 2       |
]]></system-out>
    <system-err><![CDATA[Starting ChromeDriver 142.0.7444.175 (302067f14a4ea3f42001580e6101fa25ed343445-refs/branch-heads/7444@{#2749}) on port 14863
Only local connections are allowed.
Please see https://chromedriver.chromium.org/security-considerations for suggestions on keeping ChromeDriver safe.
ChromeDriver was started successfully on port 14863.
Dec 06, 2025 5:48:30 PM org.openqa.selenium.remote.ProtocolHandshake createSession
INFO: Detected dialect: W3C
]]></system-err>
  </testcase>
  <testcase name="TC22 Verify leads Default View" classname="Leads all testcases" time="28.994">
    <system-out><![CDATA[
@Leads
&amp#27;[1mScenario:&amp#27;[22m TC22 Verify leads Default View                                                       &amp#27;[90m# features/Leads.feature:30&amp#27;[39m
  &amp#27;[32m✔&amp#27;[39m &amp#27;[32m&amp#27;[1mGiven &amp#27;[22mUser secure launch the application&amp#27;[39m                                                   &amp#27;[90m# training.steps.Steps.user_secure_launch_the_application()&amp#27;[39m
[...]
  &amp#27;[32m✔&amp#27;[39m &amp#27;[32m&amp#27;[1mThen &amp#27;[22mUser verify the text contains &amp#27;[1m"feeditemtopic"&amp#27;[22m &amp#27;[1m"Click to add topics:"&amp#27;[22m&amp#27;[39m &amp#27;[90m# training.steps.Steps.user_verify_the_text_contains(java.lang.String,java.lang.String)&amp#27;[39m
  &amp#27;[32m✔&amp#27;[39m &amp#27;[32m&amp#27;[1mAnd &amp#27;[22mUser verify the data &amp#27;[1m"uploadedfile"&amp#27;[22m &amp#27;[1m"filebasename"&amp#27;[22m&amp#27;[39m                    &amp#27;[90m# training.steps.Steps.user_verify_the_data(java.lang.String,java.lang.String)&amp#27;[39m
]]></system-out>
    <system-err><![CDATA[Starting ChromeDriver 142.0.7444.175 (302067f14a4ea3f42001580e6101fa25ed343445-refs/branch-heads/7444@{#2749}) on port 29243
Only local connections are allowed.
Please see https://chromedriver.chromium.org/security-considerations for suggestions on keeping ChromeDriver safe.
ChromeDriver was started successfully on port 29243.
Dec 06, 2025 5:54:52 PM org.openqa.selenium.remote.ProtocolHandshake createSession
INFO: Detected dialect: W3C
]]></system-err>
  </testcase>
  <testcase name="TC06D Select UserMenu MyProfile and Upload ProfilePhoto" classname="Usermenu dropdown all testcases" time="30.188">
    <system-out><![CDATA[
@UserMenu @UserProfile
&amp#27;[1mScenario:&amp#27;[22m TC06D Select UserMenu MyProfile and Upload ProfilePhoto        &amp#27;[90m# features/UserMenu.feature:67&amp#27;[39m
  &amp#27;[32m✔&amp#27;[39m &amp#27;[32m&amp#27;[1mGiven &amp#27;[22mUser secure launch the application&amp#27;[39m                             &amp#27;[90m# training.steps.Steps.user_secure_launch_the_application()&amp#27;[39m
  &amp#27;[32m✔&amp#27;[39m &amp#27;[32m&amp#27;[1mGiven &amp#27;[22mUser is on &amp#27;[1m"HomePage"&amp#27;[22m&amp#27;[39m                                          &amp#27;[90m# training.steps.Steps.user_is_on(java.lang.String)&amp#27;[39m
  &amp#27;[32m✔&amp#27;[39m &amp#27;[32m&amp#27;[1mWhen &amp#27;[22mUser click on link &amp#27;[1m"usermenu"&amp#27;[22m&amp#27;[39m                                   &amp#27;[90m# training.steps.Steps.user_click_on_link(java.lang.String)&amp#27;[39m
  &amp#27;[32m✔&amp#27;[39m &amp#27;[32m&amp#27;[1mAnd &amp#27;[22mUser click on link &amp#27;[1m"myprofile"&amp#27;[22m&amp#27;[39m                                   &amp#27;[90m# training.steps.Steps.user_click_on_link(java.lang.String)&amp#27;[39m
  &amp#27;[32m✔&amp#27;[39m &amp#27;[32m&amp#27;[1mThen &amp#27;[22mUser is on &amp#27;[1m"UserProfilePage"&amp#27;[22m&amp#27;[39m                                    &amp#27;[90m# training.steps.Steps.user_is_on(java.lang.String)&amp#27;[39m
  &amp#27;[32m✔&amp#27;[39m &amp#27;[32m&amp#27;[1mAnd &amp#27;[22mUser wait for page to load&amp#27;[39m                                       &amp#27;[90m# training.steps.Steps.user_wait_for_page_to_load()&amp#27;[39m
  &amp#27;[32m✔&amp#27;[39m &amp#27;[32m&amp#27;[1mWhen &amp#27;[22mUser hover on &amp#27;[1m"profilephoto"&amp#27;[22m&amp#27;[39m                                    &amp#27;[90m# training.steps.Steps.user_hover_on(java.lang.String)&amp#27;[39m
  &amp#27;[32m✔&amp#27;[39m &amp#27;[32m&amp#27;[1mAnd &amp#27;[22mUser click on link &amp#27;[1m"addphoto"&amp#27;[22m&amp#27;[39m                                    &amp#27;[90m# training.steps.Steps.user_click_on_link(java.lang.String)&amp#27;[39m
  &amp#27;[32m✔&amp#27;[39m &amp#27;[32m&amp#27;[1mAnd &amp#27;[22mUser switch to iframe &amp#27;[1m"photocontentframe"&amp#27;[22m&amp#27;[39m                        &amp#27;[90m# training.steps.Steps.user_switch_to_iframe(java.lang.String)&amp#27;[39m
  &amp#27;[32m✔&amp#27;[39m &amp#27;[32m&amp#27;[1mAnd &amp#27;[22mUser read and upload the file &amp#27;[1m"profilephotopath"&amp#27;[22m&amp#27;[39m                 &amp#27;[90m# training.steps.Steps.user_read_and_upload_the_file(java.lang.String)&amp#27;[39m
  &amp#27;[32m✔&amp#27;[39m &amp#27;[32m&amp#27;[1mAnd &amp#27;[22mUser click on button &amp#27;[1m"save"&amp#27;[22m&amp#27;[39m                                      &amp#27;[90m# training.steps.Steps.user_click_on_button(java.lang.String)&amp#27;[39m
  &amp#27;[32m✔&amp#27;[39m &amp#27;[32m&amp#27;[1mAnd &amp#27;[22mUser hold and move &amp#27;[1m"photocroparea"&amp#27;[22m &amp#27;[1m"imageXoffset"&amp#27;[22m &amp#27;[1m"imageYoffset"&amp#27;[22m&amp#27;[39m &amp#27;[90m# training.steps.Steps.user_hold_and_move(java.lang.String,java.lang.String,java.lang.String)&amp#27;[39m
  &amp#27;[32m✔&amp#27;[39m &amp#27;[32m&amp#27;[1mAnd &amp#27;[22mUser click on button &amp#27;[1m"saveimage"&amp#27;[22m&amp#27;[39m                                 &amp#27;[90m# training.steps.Steps.user_click_on_button(java.lang.String)&amp#27;[39m
  &amp#27;[32m✔&amp#27;[39m &amp#27;[32m&amp#27;[1mAnd &amp#27;[22mUser switch to default content&amp#27;[39m                                   &amp#27;[90m# training.steps.Steps.user_switch_to_default_content()&amp#27;[39m
  &amp#27;[32m✔&amp#27;[39m &amp#27;[32m&amp#27;[1mThen &amp#27;[22mUser verify the text &amp#27;[1m"addphoto"&amp#27;[22m &amp#27;[1m"Update"&amp#27;[22m&amp#27;[39m                        &amp#27;[90m# training.steps.Steps.user_verify_the_text(java.lang.String,java.lang.String)&amp#27;[39m
]]></system-out>
    <system-err><![CDATA[Starting ChromeDriver 142.0.7444.175 (302067f14a4ea3f42001580e6101fa25ed343445-refs/branch-heads/7444@{#2749}) on port 22804
Only local connections are allowed.
Please see https://chromedriver.chromium.org/security-considerations for suggestions on keeping ChromeDriver safe.
ChromeDriver was started successfully on port 22804.
Dec 06, 2025 5:55:14 PM org.openqa.selenium.remote.ProtocolHandshake createSession
INFO: Detected dialect: W3C
]]></system-err>
  </testcase>
  <testcase name="TC07A Select UserMenu MySettings and Download Login History" classname="Usermenu dropdown all testcases" time="17.538">
    <system-out><![CDATA[
@UserMenu @UserSetting
&amp#27;[1mScenario:&amp#27;[22m TC07A Select UserMenu MySettings and Download Login History &amp#27;[90m# features/UserMenu.feature:85&amp#27;[39m
  &amp#27;[32m✔&amp#27;[39m &amp#27;[32m&amp#27;[1mGiven &amp#27;[22mUser secure launch the application&amp#27;[39m                          &amp#27;[90m# training.steps.Steps.user_secure_launch_the_application()&amp#27;[39m
  &amp#27;[32m✔&amp#27;[39m &amp#27;[32m&amp#27;[1mGiven &amp#27;[22mUser is on &amp#27;[1m"HomePage"&amp#27;[22m&amp#27;[39m                                       &amp#27;[90m# training.steps.Steps.user_is_on(java.lang.String)&amp#27;[39m
  &amp#27;[32m✔&amp#27;[39m &amp#27;[32m&amp#27;[1mWhen &amp#27;[22mUser click on link &amp#27;[1m"usermenu"&amp#27;[22m&amp#27;[39m                                &amp#27;[90m# training.steps.Steps.user_click_on_link(java.lang.String)&amp#27;[39m
  &amp#27;[32m✔&amp#27;[39m &amp#27;[32m&amp#27;[1mAnd &amp#27;[22mUser click on link &amp#27;[1m"mysettings"&amp#27;[22m&amp#27;[39m                               &amp#27;[90m# training.steps.Steps.user_click_on_link(java.lang.String)&amp#27;[39m
  &amp#27;[32m✔&amp#27;[39m &amp#27;[32m&amp#27;[1mAnd &amp#27;[22mUser is on &amp#27;[1m"UserSettingsPage"&amp#27;[22m&amp#27;[39m                                 &amp#27;[90m# training.steps.Steps.user_is_on(java.lang.String)&amp#27;[39m
  &amp#27;[32m✔&amp#27;[39m &amp#27;[32m&amp#27;[1mThen &amp#27;[22mUser verify the text &amp#27;[1m"pagename"&amp#27;[22m &amp#27;[1m"My Settings"&amp#27;[22m&amp#27;[39m                &amp#27;[90m# training.steps.Steps.user_verify_the_text(java.lang.String,java.lang.String)&amp#27;[39m
  &amp#27;[32m✔&amp#27;[39m &amp#27;[32m&amp#27;[1mWhen &amp#27;[22mUser click on button &amp#27;[1m"personal"&amp#27;[22m&amp#27;[39m                              &amp#27;[90m# training.steps.Steps.user_click_on_button(java.lang.String)&amp#27;[39m
  &amp#27;[32m✔&amp#27;[39m &amp#27;[32m&amp#27;[1mAnd &amp#27;[22mUser click on button &amp#27;[1m"loginhistory"&amp#27;[22m&amp#27;[39m                           &amp#27;[90m# training.steps.Steps.user_click_on_button(java.lang.String)&amp#27;[39m
  &amp#27;[32m✔&amp#27;[39m &amp#27;[32m&amp#27;[1mAnd &amp#27;[22mUser click on link &amp#27;[1m"downloadhistory"&amp#27;[22m&amp#27;[39m                          &amp#27;[90m# training.steps.Steps.user_click_on_link(java.lang.String)&amp#27;[39m
  &amp#27;[32m✔&amp#27;[39m &amp#27;[32m&amp#27;[1mThen &amp#27;[22mUser verify the text &amp#27;[1m"pagetype"&amp#27;[22m &amp#27;[1m"Login History"&amp#27;[22m&amp#27;[39m              &amp#27;[90m# training.steps.Steps.user_verify_the_text(java.lang.String,java.lang.String)&amp#27;[39m
]]></system-out>
    <system-err><![CDATA[Starting ChromeDriver 142.0.7444.175 (302067f14a4ea3f42001580e6101fa25ed343445-refs/branch-heads/7444@{#2749}) on port 21575
Only local connections are allowed.
Please see https://chromedriver.chromium.org/security-considerations for suggestions on keeping ChromeDriver safe.
ChromeDriver was started successfully on port 21575.
Dec 06, 2025 5:55:44 PM org.openqa.selenium.remote.ProtocolHandshake createSession
INFO: Detected dialect: W3C
]]></system-err>
  </testcase>
  <testcase name="TC07B Select UserMenu MySettings and Update Display and Layout" classname="Usermenu dropdown all testcases" time="25.687">
    <system-out><![CDATA[
@UserMenu @UserSetting
&amp#27;[1mScenario:&amp#27;[22m TC07B Select UserMenu MySettings and Update Display and Layout     &amp#27;[90m# features/UserMenu.feature:97&amp#27;[39m
  &amp#27;[32m✔&amp#27;[39m &amp#27;[32m&amp#27;[1mGiven &amp#27;[22mUser secure launch the application&amp#27;[39m                                 &amp#27;[90m# training.steps.Steps.user_secure_launch_the_application()&amp#27;[39m
  &amp#27;[32m✔&amp#27;[39m &amp#27;[32m&amp#27;[1mGiven &amp#27;[22mUser is on &amp#27;[1m"HomePage"&amp#27;[22m&amp#27;[39m                                              &amp#27;[90m# training.steps.Steps.user_is_on(java.lang.String)&amp#27;[39m
  &amp#27;[32m✔&amp#27;[39m &amp#27;[32m&amp#27;[1mWhen &amp#27;[22mUser click on link &amp#27;[1m"usermenu"&amp#27;[22m&amp#27;[39m                                       &amp#27;[90m# training.steps.Steps.user_click_on_link(java.lang.String)&amp#27;[39m
  &amp#27;[32m✔&amp#27;[39m &amp#27;[32m&amp#27;[1mAnd &amp#27;[22mUser click on link &amp#27;[1m"mysettings"&amp#27;[22m&amp#27;[39m                                      &amp#27;[90m# training.steps.Steps.user_click_on_link(java.lang.String)&amp#27;[39m
  &amp#27;[32m✔&amp#27;[39m &amp#27;[32m&amp#27;[1mThen &amp#27;[22mUser is on &amp#27;[1m"UserSettingsPage"&amp#27;[22m&amp#27;[39m                                       &amp#27;[90m# training.steps.Steps.user_is_on(java.lang.String)&amp#27;[39m
  &amp#27;[32m✔&amp#27;[39m &amp#27;[32m&amp#27;[1mWhen &amp#27;[22mUser click on button &amp#27;[1m"displayandlayout"&amp#27;[22m&amp#27;[39m                             &amp#27;[90m# training.steps.Steps.user_click_on_button(java.lang.String)&amp#27;[39m
  &amp#27;[32m✔&amp#27;[39m &amp#27;[32m&amp#27;[1mAnd &amp#27;[22mUser click on button &amp#27;[1m"customizemytabs"&amp#27;[22m&amp#27;[39m                               &amp#27;[90m# training.steps.Steps.user_click_on_button(java.lang.String)&amp#27;[39m
  &amp#27;[32m✔&amp#27;[39m &amp#27;[32m&amp#27;[1mAnd &amp#27;[22mUser click on dropdown &amp#27;[1m"customappdropdown"&amp#27;[22m&amp#27;[39m                           &amp#27;[90m# training.steps.Steps.user_click_on_dropdown(java.lang.String)&amp#27;[39m
  &amp#27;[32m✔&amp#27;[39m &amp#27;[32m&amp#27;[1mAnd &amp#27;[22mUser read and select from dropdown &amp#27;[1m"customappdropdown"&amp#27;[22m &amp#27;[1m"customapp"&amp#27;[22m&amp#27;[39m   &amp#27;[90m# training.steps.Steps.user_read_and_select_from_dropdown(java.lang.String,java.lang.String)&amp#27;[39m
  &amp#27;[32m✔&amp#27;[39m &amp#27;[32m&amp#27;[1mAnd &amp#27;[22mUser read and select from dropdown &amp#27;[1m"availabletabdropdown"&amp#27;[22m &amp#27;[1m"tabtoadd"&amp#27;[22m&amp#27;[39m &amp#27;[90m# training.steps.Steps.user_read_and_select_from_dropdown(java.lang.String,java.lang.String)&amp#27;[39m
  &amp#27;[32m✔&amp#27;[39m &amp#27;[32m&amp#27;[1mAnd &amp#27;[22mUser click on button &amp#27;[1m"add"&amp#27;[22m&amp#27;[39m                                           &amp#27;[90m# training.steps.Steps.user_click_on_button(java.lang.String)&amp#27;[39m
  &amp#27;[32m✔&amp#27;[39m &amp#27;[32m&amp#27;[1mThen &amp#27;[22mUser verify the item in dropdown &amp#27;[1m"selectedtabdropdown"&amp#27;[22m &amp#27;[1m"tabtoadd"&amp#27;[22m&amp#27;[39m   &amp#27;[90m# training.steps.Steps.user_verify_the_item_in_dropdown(java.lang.String,java.lang.String)&amp#27;[39m
  &amp#27;[32m✔&amp#27;[39m &amp#27;[32m&amp#27;[1mWhen &amp#27;[22mUser click on button &amp#27;[1m"save"&amp#27;[22m&amp#27;[39m                                         &amp#27;[90m# training.steps.Steps.user_click_on_button(java.lang.String)&amp#27;[39m
  &amp#27;[32m✔&amp#27;[39m &amp#27;[32m&amp#27;[1mAnd &amp#27;[22mUser is on &amp#27;[1m"HomePage"&amp#27;[22m&amp#27;[39m                                                &amp#27;[90m# training.steps.Steps.user_is_on(java.lang.String)&amp#27;[39m
  &amp#27;[32m✔&amp#27;[39m &amp#27;[32m&amp#27;[1mAnd &amp#27;[22mUser click on dropdown &amp#27;[1m"appmenu"&amp#27;[22m&amp#27;[39m                                     &amp#27;[90m# training.steps.Steps.user_click_on_dropdown(java.lang.String)&amp#27;[39m
  &amp#27;[32m✔&amp#27;[39m &amp#27;[32m&amp#27;[1mAnd &amp#27;[22mUser click on link &amp#27;[1m"salesforcechatter"&amp#27;[22m&amp#27;[39m                               &amp#27;[90m# training.steps.Steps.user_click_on_link(java.lang.String)&amp#27;[39m
  &amp#27;[32m✔&amp#27;[39m &amp#27;[32m&amp#27;[1mThen &amp#27;[22mUser verify the item in list &amp#27;[1m"tabbarmenulist"&amp#27;[22m &amp#27;[1m"tabtoadd"&amp#27;[22m&amp#27;[39m            &amp#27;[90m# training.steps.Steps.user_verify_the_item_in_list(java.lang.String,java.lang.String)&amp#27;[39m
  &amp#27;[32m✔&amp#27;[39m &amp#27;[32m&amp#27;[1mAnd &amp#27;[22mUser click on dropdown &amp#27;[1m"appmenu"&amp#27;[22m&amp#27;[39m                                     &amp#27;[90m# training.steps.Steps.user_click_on_dropdown(java.lang.String)&amp#27;[39m
  &amp#27;[32m✔&amp#27;[39m &amp#27;[32m&amp#27;[1mAnd &amp#27;[22mUser click on link &amp#27;[1m"Content"&amp#27;[22m&amp#27;[39m                                         &amp#27;[90m# training.steps.Steps.user_click_on_link(java.lang.String)&amp#27;[39m
]]></system-out>
    <system-err><![CDATA[Starting ChromeDriver 142.0.7444.175 (302067f14a4ea3f42001580e6101fa25ed343445-refs/branch-heads/7444@{#2749}) on port 40584
Only local connections are allowed.
Please see https://chromedriver.chromium.org/security-considerations for suggestions on keeping ChromeDriver safe.
ChromeDriver was started successfully on port 40584.
Dec 06, 2025 5:56:02 PM org.openqa.selenium.remote.ProtocolHandshake createSession
INFO: Detected dialect: W3C
]]></system-err>
  </testcase>
  <testcase name="TC08 Select UserMenu Deleoper Console" classname="Usermenu dropdown all testcases" time="21.718">
    <system-out><![CDATA[
@UserMenu @DeveloperConsole
&amp#27;[1mScenario:&amp#27;[22m TC08 Select UserMenu Deleoper Console         &amp#27;[90m# features/UserMenu.feature:118&amp#27;[39m
  &amp#27;[32m✔&amp#27;[39m &amp#27;[32m&amp#27;[1mGiven &amp#27;[22mUser secure launch the application&amp#27;[39m            &amp#27;[90m# training.steps.Steps.user_secure_launch_the_application()&amp#27;[39m
  &amp#27;[32m✔&amp#27;[39m &amp#27;[32m&amp#27;[1mGiven &amp#27;[22mUser is on &amp#27;[1m"HomePage"&amp#27;[22m&amp#27;[39m                         &amp#27;[90m# training.steps.Steps.user_is_on(java.lang.String)&amp#27;[39m
  &amp#27;[32m✔&amp#27;[39m &amp#27;[32m&amp#27;[1mWhen &amp#27;[22mUser click on link &amp#27;[1m"usermenu"&amp#27;[22m&amp#27;[39m                  &amp#27;[90m# training.steps.Steps.user_click_on_link(java.lang.String)&amp#27;[39m
  &amp#27;[32m✔&amp#27;[39m &amp#27;[32m&amp#27;[1mAnd &amp#27;[22mUser click on link &amp#27;[1m"developerconsole"&amp#27;[22m&amp#27;[39m           &amp#27;[90m# training.steps.Steps.user_click_on_link(java.lang.String)&amp#27;[39m
  &amp#27;[32m✔&amp#27;[39m &amp#27;[32m&amp#27;[1mThen &amp#27;[22mUser verify the new window &amp#27;[1m"Developer Console"&amp#27;[22m&amp#27;[39m &amp#27;[90m# training.steps.Steps.user_verify_the_new_window(java.lang.String)&amp#27;[39m
  &amp#27;[32m✔&amp#27;[39m &amp#27;[32m&amp#27;[1mWhen &amp#27;[22mUser Close new window&amp#27;[39m                          &amp#27;[90m# training.steps.Steps.user_close_new_window()&amp#27;[39m
  &amp#27;[32m✔&amp#27;[39m &amp#27;[32m&amp#27;[1mAnd &amp#27;[22mUser is on &amp#27;[1m"HomePage"&amp#27;[22m&amp#27;[39m                           &amp#27;[90m# training.steps.Steps.user_is_on(java.lang.String)&amp#27;[39m
  &amp#27;[32m✔&amp#27;[39m &amp#27;[32m&amp#27;[1mThen &amp#27;[22mUser verify the text &amp#27;[1m"pagename"&amp#27;[22m &amp#27;[1m"Home"&amp#27;[22m&amp#27;[39m         &amp#27;[90m# training.steps.Steps.user_verify_the_text(java.lang.String,java.lang.String)&amp#27;[39m
]]></system-out>
    <system-err><![CDATA[Starting ChromeDriver 142.0.7444.175 (302067f14a4ea3f42001580e6101fa25ed343445-refs/branch-heads/7444@{#2749}) on port 25322
Only local connections are allowed.
Please see https://chromedriver.chromium.org/security-considerations for suggestions on keeping ChromeDriver safe.
ChromeDriver was started successfully on port 25322.
Dec 06, 2025 5:56:27 PM org.openqa.selenium.remote.ProtocolHandshake createSession
INFO: Detected dialect: W3C
]]></system-err>
  </testcase>
  <testcase name="TC09 Select UserMenu Logout" classname="Usermenu dropdown all testcases" time="17.651">
    <system-out><![CDATA[
@UserMenu @Logout
&amp#27;[1mScenario:&amp#27;[22m TC09 Select UserMenu Logout                  &amp#27;[90m# features/UserMenu.feature:129&amp#27;[39m
  &amp#27;[32m✔&amp#27;[39m &amp#27;[32m&amp#27;[1mGiven &amp#27;[22mUser secure launch the application&amp#27;[39m           &amp#27;[90m# training.steps.Steps.user_secure_launch_the_application()&amp#27;[39m
  &amp#27;[32m✔&amp#27;[39m &amp#27;[32m&amp#27;[1mGiven &amp#27;[22mUser is on &amp#27;[1m"HomePage"&amp#27;[22m&amp#27;[39m                        &amp#27;[90m# training.steps.Steps.user_is_on(java.lang.String)&amp#27;[39m
  &amp#27;[32m✔&amp#27;[39m &amp#27;[32m&amp#27;[1mWhen &amp#27;[22mUser click on link &amp#27;[1m"usermenu"&amp#27;[22m&amp#27;[39m                 &amp#27;[90m# training.steps.Steps.user_click_on_link(java.lang.String)&amp#27;[39m
  &amp#27;[32m✔&amp#27;[39m &amp#27;[32m&amp#27;[1mAnd &amp#27;[22mUser click on link &amp#27;[1m"logout"&amp#27;[22m&amp#27;[39m                    &amp#27;[90m# training.steps.Steps.user_click_on_link(java.lang.String)&amp#27;[39m
  &amp#27;[32m✔&amp#27;[39m &amp#27;[32m&amp#27;[1mAnd &amp#27;[22mUser is on &amp#27;[1m"LoginPage"&amp#27;[22m&amp#27;[39m                         &amp#27;[90m# training.steps.Steps.user_is_on(java.lang.String)&amp#27;[39m
  &amp#27;[32m✔&amp#27;[39m &amp#27;[32m&amp#27;[1mThen &amp#27;[22mUser verify the data is displayed &amp#27;[1m"loginform"&amp#27;[22m&amp#27;[39m &amp#27;[90m# training.steps.Steps.user_verify_the_data_is_displayed(java.lang.String)&amp#27;[39m
]]></system-out>
    <system-err><![CDATA[Starting ChromeDriver 142.0.7444.175 (302067f14a4ea3f42001580e6101fa25ed343445-refs/branch-heads/7444@{#2749}) on port 15593
Only local connections are allowed.
Please see https://chromedriver.chromium.org/security-considerations for suggestions on keeping ChromeDriver safe.
ChromeDriver was started successfully on port 15593.
Dec 06, 2025 5:56:49 PM org.openqa.selenium.remote.ProtocolHandshake createSession
INFO: Detected dialect: W3C
]]></system-err>
  </testcase>
</testsuite>