<?xml version="1.0" encoding="UTF-8"?>
<testsuite xmlns:xsi="http://www.w3.org/2001/XMLSchema-instance" xsi:noNamespaceSchemaLocation="https://maven.apache.org/surefire/maven-surefire-plugin/xsd/surefire-test-report.xsd" version="3.0.2" name="Accounts all testcases" time="40.459" tests="1" errors="0" skipped="0" failures="0">
  <properties>
[...]
</properties>
  <testcase name="TC14 Create Account Last Activity Report" classname="Accounts all testcases" time="40.343">
    <system-out><![CDATA[
@Developing @Accounts
&amp#27;[1mScenario:&amp#27;[22m TC14 Create Account Last Activity Report               &amp#27;[90m# features/3_Accounts.feature:83&amp#27;[39m
  &amp#27;[32m✔&amp#27;[39m &amp#27;[32m&amp#27;[1mGiven &amp#27;[22mUser secure launch the application&amp#27;[39m                     &amp#27;[90m# training.steps.Steps.user_secure_launch_the_application()&amp#27;[39m
  &amp#27;[32m✔&amp#27;[39m &amp#27;[32m&amp#27;[1mGiven &amp#27;[22mUser is on &amp#27;[1m"HomePage"&amp#27;[22m&amp#27;[39m                                  &amp#27;[90m# training.steps.Steps.user_is_on(java.lang.String)&amp#27;[39m
  &amp#27;[32m✔&amp#27;[39m &amp#27;[32m&amp#27;[1mWhen &amp#27;[22mUser click on link &amp#27;[1m"accounts"&amp#27;[22m&amp#27;[39m                           &amp#27;[90m# training.steps.Steps.user_click_on_link(java.lang.String)&amp#27;[39m
  &amp#27;[32m✔&amp#27;[39m &amp#27;[32m&amp#27;[1mAnd &amp#27;[22mUser is on &amp#27;[1m"AccountsHomePage"&amp#27;[22m&amp#27;[39m                            &amp#27;[90m# training.steps.Steps.user_is_on(java.lang.String)&amp#27;[39m
  &amp#27;[32m✔&amp#27;[39m &amp#27;[32m&amp#27;[1mAnd &amp#27;[22mUser click on link &amp#27;[1m"lastactivityreport"&amp#27;[22m&amp#27;[39m                  &amp#27;[90m# training.steps.Steps.user_click_on_link(java.lang.String)&amp#27;[39m
  &amp#27;[32m✔&amp#27;[39m &amp#27;[32m&amp#27;[1mAnd &amp#27;[22mUser is on &amp#27;[1m"AccountsUnSavedReportPage"&amp#27;[22m&amp#27;[39m                   &amp#27;[90m# training.steps.Steps.user_is_on(java.lang.String)&amp#27;[39m
  &amp#27;[32m✔&amp#27;[39m &amp#27;[32m&amp#27;[1mThen &amp#27;[22mUser verify the text &amp#27;[1m"pagedescription"&amp#27;[22m &amp#27;[1m"Unsaved Report"&amp#27;[22m&amp#27;[39m &amp#27;[90m# training.steps.Steps.user_verify_the_text(java.lang.String,java.lang.String)&amp#27;[39m
  &amp#27;[32m✔&amp#27;[39m &amp#27;[32m&amp#27;[1mWhen &amp#27;[22mUser click on dropdown &amp#27;[1m"datefield"&amp#27;[22m&amp#27;[39m                      &amp#27;[90m# training.steps.Steps.user_click_on_dropdown(java.lang.String)&amp#27;[39m
  &amp#27;[32m✔&amp#27;[39m &amp#27;[32m&amp#27;[1mAnd &amp#27;[22mUser click on link &amp#27;[1m"createddate"&amp#27;[22m&amp#27;[39m                         &amp#27;[90m# training.steps.Steps.user_click_on_link(java.lang.String)&amp#27;[39m
  &amp#27;[32m✔&amp#27;[39m &amp#27;[32m&amp#27;[1mAnd &amp#27;[22mUser click on link &amp#27;[1m"fromdateicon"&amp#27;[22m&amp#27;[39m                        &amp#27;[90m# training.steps.Steps.user_click_on_link(java.lang.String)&amp#27;[39m
  &amp#27;[32m✔&amp#27;[39m &amp#27;[32m&amp#27;[1mAnd &amp#27;[22mUser click on link &amp#27;[1m"fromdatetoday"&amp#27;[22m&amp#27;[39m                       &amp#27;[90m# training.steps.Steps.user_click_on_link(java.lang.String)&amp#27;[39m
  &amp#27;[32m✔&amp#27;[39m &amp#27;[32m&amp#27;[1mAnd &amp#27;[22mUser click on link &amp#27;[1m"todateicon"&amp#27;[22m&amp#27;[39m                          &amp#27;[90m# training.steps.Steps.user_click_on_link(java.lang.String)&amp#27;[39m
  &amp#27;[32m✔&amp#27;[39m &amp#27;[32m&amp#27;[1mAnd &amp#27;[22mUser click on link &amp#27;[1m"todatetoday"&amp#27;[22m&amp#27;[39m                         &amp#27;[90m# training.steps.Steps.user_click_on_link(java.lang.String)&amp#27;[39m
  &amp#27;[32m✔&amp#27;[39m &amp#27;[32m&amp#27;[1mAnd &amp#27;[22mUser click on button &amp#27;[1m"save"&amp#27;[22m&amp#27;[39m                              &amp#27;[90m# training.steps.Steps.user_click_on_button(java.lang.String)&amp#27;[39m
  &amp#27;[32m✔&amp#27;[39m &amp#27;[32m&amp#27;[1mAnd &amp#27;[22mUser read and enter into textbox &amp#27;[1m"reportname"&amp#27;[22m&amp#27;[39m            &amp#27;[90m# training.steps.Steps.user_read_and_enter_into_textbox(java.lang.String)&amp#27;[39m
  &amp#27;[32m✔&amp#27;[39m &amp#27;[32m&amp#27;[1mAnd &amp#27;[22mUser clear the textbox &amp#27;[1m"reportuniqname"&amp#27;[22m&amp#27;[39m                  &amp#27;[90m# training.steps.Steps.user_clear_the_textbox(java.lang.String)&amp#27;[39m
  &amp#27;[32m✔&amp#27;[39m &amp#27;[32m&amp#27;[1mAnd &amp#27;[22mUser read and enter into textbox &amp#27;[1m"reportuniqname"&amp#27;[22m&amp#27;[39m        &amp#27;[90m# training.steps.Steps.user_read_and_enter_into_textbox(java.lang.String)&amp#27;[39m
  &amp#27;[32m✔&amp#27;[39m &amp#27;[32m&amp#27;[1mAnd &amp#27;[22mUser wait for &amp#27;[1m3000&amp#27;[22m milliseconds&amp#27;[39m                          &amp#27;[90m# training.steps.Steps.user_wait_for_milliseconds(long)&amp#27;[39m
  &amp#27;[32m✔&amp#27;[39m &amp#27;[32m&amp#27;[1mAnd &amp#27;[22mUser click on button &amp#27;[1m"saveandrun"&amp#27;[22m&amp#27;[39m                        &amp#27;[90m# training.steps.Steps.user_click_on_button(java.lang.String)&amp#27;[39m
  &amp#27;[32m✔&amp#27;[39m &amp#27;[32m&amp#27;[1mAnd &amp#27;[22mUser is on &amp#27;[1m"AccountsSavedReportPage"&amp#27;[22m&amp#27;[39m                     &amp#27;[90m# training.steps.Steps.user_is_on(java.lang.String)&amp#27;[39m
  &amp#27;[32m✔&amp#27;[39m &amp#27;[32m&amp#27;[1mAnd &amp#27;[22mUser wait for page to load&amp#27;[39m                               &amp#27;[90m# training.steps.Steps.user_wait_for_page_to_load()&amp#27;[39m
  &amp#27;[32m✔&amp#27;[39m &amp#27;[32m&amp#27;[1mAnd &amp#27;[22mUser hover on &amp#27;[1m"popupclose"&amp#27;[22m&amp#27;[39m                               &amp#27;[90m# training.steps.Steps.user_hover_on(java.lang.String)&amp#27;[39m
  &amp#27;[32m✔&amp#27;[39m &amp#27;[32m&amp#27;[1mAnd &amp#27;[22mUser click on button &amp#27;[1m"popupclose"&amp#27;[22m&amp#27;[39m                        &amp#27;[90m# training.steps.Steps.user_click_on_button(java.lang.String)&amp#27;[39m
  &amp#27;[32m✔&amp#27;[39m &amp#27;[32m&amp#27;[1mThen &amp#27;[22mUser verify the data &amp#27;[1m"pagetype"&amp#27;[22m &amp#27;[1m"reportname"&amp#27;[22m&amp#27;[39m            &amp#27;[90m# training.steps.Steps.user_verify_the_data(java.lang.String,java.lang.String)&amp#27;[39m
]]></system-out>
    <system-err><![CDATA[SLF4J(W): No SLF4J providers were found.
SLF4J(W): Defaulting to no-operation (NOP) logger implementation
SLF4J(W): See https://www.slf4j.org/codes.html#noProviders for further details.
Starting ChromeDriver 142.0.7444.175 (302067f14a4ea3f42001580e6101fa25ed343445-refs/branch-heads/7444@{#2749}) on port 25832
Only local connections are allowed.
Please see https://chromedriver.chromium.org/security-considerations for suggestions on keeping ChromeDriver safe.
ChromeDriver was started successfully on port 25832.
Dec 07, 2025 8:59:09 PM org.openqa.selenium.remote.ProtocolHandshake createSession
INFO: Detected dialect: W3C
]]></system-err>
  </testcase>
</testsuite>