<?xml version="1.0" encoding="UTF-8"?>
<testsuite xmlns:xsi="http://www.w3.org/2001/XMLSchema-instance" xsi:noNamespaceSchemaLocation="https://maven.apache.org/surefire/maven-surefire-plugin/xsd/surefire-test-report.xsd" version="3.0.2" name="Usermenu dropdown all testcases" time="838.593" tests="40" errors="4" skipped="0" failures="0">
  <properties>
    <property name="java.specification.version" value="21"/>
    <property name="webdriver.chrome.driver" value="/Users/anshu/.cache/selenium/chromedriver/mac64/142.0.7444.175/chromedriver"/>
    <property name="sun.jnu.encoding" value="UTF-8"/>
    <property name="java.class.path" value="/Users/anshu/Workspace/SalesForceCucumber/target/test-classes:/Users/anshu/Workspace/SalesForceCucumber/target/classes:/Users/anshu/.m2/repository/org/seleniumhq/selenium/selenium-server/3.141.59/selenium-server-3.141.59.jar:/Users/anshu/.m2/repository/org/seleniumhq/selenium/selenium-java/3.141.59/selenium-java-3.141.59.jar:/Users/anshu/.m2/repository/org/seleniumhq/selenium/selenium-api/3.141.59/selenium-api-3.141.59.jar:/Users/anshu/.m2/repository/org/seleniumhq/selenium/selenium-chrome-driver/3.141.59/selenium-chrome-driver-3.141.59.jar:/Users/anshu/.m2/repository/org/seleniumhq/selenium/selenium-edge-driver/3.141.59/selenium-edge-driver-3.141.59.jar:/Users/anshu/.m2/repository/org/seleniumhq/selenium/selenium-firefox-driver/3.141.59/selenium-firefox-driver-3.141.59.jar:/Users/anshu/.m2/repository/org/seleniumhq/selenium/selenium-ie-driver/3.141.59/selenium-ie-driver-3.141.59.jar:/Users/anshu/.m2/repository/org/seleniumhq/selenium/selenium-opera-driver/3.141.59/selenium-opera-driver-3.141.59.jar:/Users/anshu/.m2/repository/org/seleniumhq/selenium/selenium-remote-driver/3.141.59/selenium-remote-driver-3.141.59.jar:/Users/anshu/.m2/repository/org/seleniumhq/selenium/selenium-safari-driver/3.141.59/selenium-safari-driver-3.141.59.jar:/Users/anshu/.m2/repository/org/seleniumhq/selenium/selenium-support/3.141.59/selenium-support-3.141.59.jar:/Users/anshu/.m2/repository/com/beust/jcommander/1.72/jcommander-1.72.jar:/Users/anshu/.m2/repository/net/bytebuddy/byte-buddy/1.8.15/byte-buddy-1.8.15.jar:/Users/anshu/.m2/repository/org/apache/commons/commons-exec/1.3/commons-exec-1.3.jar:/Users/anshu/.m2/repository/com/google/guava/guava/25.0-jre/guava-25.0-jre.jar:/Users/anshu/.m2/repository/com/google/code/findbugs/jsr305/1.3.9/jsr305-1.3.9.jar:/Users/anshu/.m2/repository/org/checkerframework/checker-compat-qual/2.0.0/checker-compat-qual-2.0.0.jar:/Users/anshu/.m2/repository/com/google/errorprone/error_prone_annotations/2.1.3/error_prone_annotations-2.1.3.jar:/Users/anshu/.m2/repository/com/google/j2objc/j2objc-annotations/1.1/j2objc-annotations-1.1.jar:/Users/anshu/.m2/repository/org/codehaus/mojo/animal-sniffer-annotations/1.14/animal-sniffer-annotations-1.14.jar:/Users/anshu/.m2/repository/net/jcip/jcip-annotations/1.0/jcip-annotations-1.0.jar:/Users/anshu/.m2/repository/org/seleniumhq/selenium/jetty-repacked/9.4.12.v20180830/jetty-repacked-9.4.12.v20180830.jar:/Users/anshu/.m2/repository/com/squareup/okhttp3/okhttp/3.11.0/okhttp-3.11.0.jar:/Users/anshu/.m2/repository/com/squareup/okio/okio/1.14.0/okio-1.14.0.jar:/Users/anshu/.m2/repository/javax/servlet/javax.servlet-api/3.1.0/javax.servlet-api-3.1.0.jar:/Users/anshu/.m2/repository/org/yaml/snakeyaml/1.19/snakeyaml-1.19.jar:/Users/anshu/.m2/repository/io/github/bonigarcia/webdrivermanager/6.3.2/webdrivermanager-6.3.2.jar:/Users/anshu/.m2/repository/org/slf4j/slf4j-api/2.0.17/slf4j-api-2.0.17.jar:/Users/anshu/.m2/repository/com/google/code/gson/gson/2.13.2/gson-2.13.2.jar:/Users/anshu/.m2/repository/com/github/docker-java/docker-java/3.6.0/docker-java-3.6.0.jar:/Users/anshu/.m2/repository/com/github/docker-java/docker-java-core/3.6.0/docker-java-core-3.6.0.jar:/Users/anshu/.m2/repository/com/github/docker-java/docker-java-api/3.6.0/docker-java-api-3.6.0.jar:/Users/anshu/.m2/repository/com/fasterxml/jackson/core/jackson-annotations/2.19.2/jackson-annotations-2.19.2.jar:/Users/anshu/.m2/repository/com/fasterxml/jackson/core/jackson-databind/2.19.2/jackson-databind-2.19.2.jar:/Users/anshu/.m2/repository/com/fasterxml/jackson/core/jackson-core/2.19.2/jackson-core-2.19.2.jar:/Users/anshu/.m2/repository/org/slf4j/jcl-over-slf4j/1.7.30/jcl-over-slf4j-1.7.30.jar:/Users/anshu/.m2/repository/com/github/docker-java/docker-java-transport-httpclient5/3.6.0/docker-java-transport-httpclient5-3.6.0.jar:/Users/anshu/.m2/repository/com/github/docker-java/docker-java-transport/3.6.0/docker-java-transport-3.6.0.jar:/Users/anshu/.m2/repository/net/java/dev/jna/jna/5.17.0/jna-5.17.0.jar:/Users/anshu/.m2/repository/org/brotli/dec/0.1.2/dec-0.1.2.jar:/Users/anshu/.m2/repository/org/apache/commons/commons-lang3/3.18.0/commons-lang3-3.18.0.jar:/Users/anshu/.m2/repository/org/apache/commons/commons-compress/1.28.0/commons-compress-1.28.0.jar:/Users/anshu/.m2/repository/commons-codec/commons-codec/1.19.0/commons-codec-1.19.0.jar:/Users/anshu/.m2/repository/commons-io/commons-io/2.20.0/commons-io-2.20.0.jar:/Users/anshu/.m2/repository/org/apache/httpcomponents/client5/httpclient5/5.4.3/httpclient5-5.4.3.jar:/Users/anshu/.m2/repository/org/apache/httpcomponents/core5/httpcore5/5.3.4/httpcore5-5.3.4.jar:/Users/anshu/.m2/repository/org/apache/httpcomponents/core5/httpcore5-h2/5.3.4/httpcore5-h2-5.3.4.jar:/Users/anshu/.m2/repository/io/cucumber/cucumber-testng/7.31.0/cucumber-testng-7.31.0.jar:/Users/anshu/.m2/repository/org/apiguardian/apiguardian-api/1.1.2/apiguardian-api-1.1.2.jar:/Users/anshu/.m2/repository/org/testng/testng/7.11.0/testng-7.11.0.jar:/Users/anshu/.m2/repository/org/jcommander/jcommander/1.83/jcommander-1.83.jar:/Users/anshu/.m2/repository/org/webjars/jquery/3.7.1/jquery-3.7.1.jar:/Users/anshu/.m2/repository/io/cucumber/cucumber-java/7.31.0/cucumber-java-7.31.0.jar:/Users/anshu/.m2/repository/io/cucumber/cucumber-junit/7.31.0/cucumber-junit-7.31.0.jar:/Users/anshu/.m2/repository/junit/junit/4.13.2/junit-4.13.2.jar:/Users/anshu/.m2/repository/org/hamcrest/hamcrest-core/1.3/hamcrest-core-1.3.jar:/Users/anshu/.m2/repository/io/cucumber/cucumber-core/7.31.0/cucumber-core-7.31.0.jar:/Users/anshu/.m2/repository/io/cucumber/cucumber-gherkin/7.31.0/cucumber-gherkin-7.31.0.jar:/Users/anshu/.m2/repository/io/cucumber/cucumber-gherkin-messages/7.31.0/cucumber-gherkin-messages-7.31.0.jar:/Users/anshu/.m2/repository/io/cucumber/gherkin/36.0.0/gherkin-36.0.0.jar:/Users/anshu/.m2/repository/io/cucumber/messages/30.1.0/messages-30.1.0.jar:/Users/anshu/.m2/repository/io/cucumber/pretty-formatter/2.4.0/pretty-formatter-2.4.0.jar:/Users/anshu/.m2/repository/io/cucumber/query/14.6.0/query-14.6.0.jar:/Users/anshu/.m2/repository/io/cucumber/teamcity-formatter/0.2.0/teamcity-formatter-0.2.0.jar:/Users/anshu/.m2/repository/io/cucumber/testng-xml-formatter/0.7.0/testng-xml-formatter-0.7.0.jar:/Users/anshu/.m2/repository/io/cucumber/usage-formatter/0.1.0/usage-formatter-0.1.0.jar:/Users/anshu/.m2/repository/io/cucumber/tag-expressions/8.0.0/tag-expressions-8.0.0.jar:/Users/anshu/.m2/repository/io/cucumber/cucumber-expressions/18.0.1/cucumber-expressions-18.0.1.jar:/Users/anshu/.m2/repository/io/cucumber/cucumber-json-formatter/0.3.0/cucumber-json-formatter-0.3.0.jar:/Users/anshu/.m2/repository/io/cucumber/datatable/7.31.0/datatable-7.31.0.jar:/Users/anshu/.m2/repository/io/cucumber/cucumber-plugin/7.31.0/cucumber-plugin-7.31.0.jar:/Users/anshu/.m2/repository/io/cucumber/docstring/7.31.0/docstring-7.31.0.jar:/Users/anshu/.m2/repository/io/cucumber/html-formatter/22.0.0/html-formatter-22.0.0.jar:/Users/anshu/.m2/repository/io/cucumber/junit-xml-formatter/0.10.0/junit-xml-formatter-0.10.0.jar:/Users/anshu/.m2/repository/io/cucumber/ci-environment/12.0.0/ci-environment-12.0.0.jar:"/>
    <property name="java.vm.vendor" value="Eclipse Adoptium"/>
    <property name="sun.arch.data.model" value="64"/>
    <property name="java.vendor.url" value="https://adoptium.net/"/>
    <property name="user.timezone" value="America/Los_Angeles"/>
    <property name="os.name" value="Mac OS X"/>
    <property name="java.vm.specification.version" value="21"/>
    <property name="sun.java.launcher" value="SUN_STANDARD"/>
    <property name="user.country" value="US"/>
    <property name="sun.boot.library.path" value="/Users/anshu/.p2/pool/plugins/org.eclipse.justj.openjdk.hotspot.jre.full.macosx.x86_64_21.0.8.v20250724-1412/jre/lib"/>
    <property name="sun.java.command" value="/Users/anshu/Workspace/SalesForceCucumber/target/surefire/surefirebooter-20251206174302870_3.jar /Users/anshu/Workspace/SalesForceCucumber/target/surefire 2025-12-06T17-43-02_519-jvmRun1 surefire-20251206174302870_1tmp surefire_0-20251206174302870_2tmp"/>
    <property name="http.nonProxyHosts" value="local|*.local|169.254/16|*.169.254/16"/>
    <property name="jdk.debug" value="release"/>
    <property name="surefire.test.class.path" value="/Users/anshu/Workspace/SalesForceCucumber/target/test-classes:/Users/anshu/Workspace/SalesForceCucumber/target/classes:/Users/anshu/.m2/repository/org/seleniumhq/selenium/selenium-server/3.141.59/selenium-server-3.141.59.jar:/Users/anshu/.m2/repository/org/seleniumhq/selenium/selenium-java/3.141.59/selenium-java-3.141.59.jar:/Users/anshu/.m2/repository/org/seleniumhq/selenium/selenium-api/3.141.59/selenium-api-3.141.59.jar:/Users/anshu/.m2/repository/org/seleniumhq/selenium/selenium-chrome-driver/3.141.59/selenium-chrome-driver-3.141.59.jar:/Users/anshu/.m2/repository/org/seleniumhq/selenium/selenium-edge-driver/3.141.59/selenium-edge-driver-3.141.59.jar:/Users/anshu/.m2/repository/org/seleniumhq/selenium/selenium-firefox-driver/3.141.59/selenium-firefox-driver-3.141.59.jar:/Users/anshu/.m2/repository/org/seleniumhq/selenium/selenium-ie-driver/3.141.59/selenium-ie-driver-3.141.59.jar:/Users/anshu/.m2/repository/org/seleniumhq/selenium/selenium-opera-driver/3.141.59/selenium-opera-driver-3.141.59.jar:/Users/anshu/.m2/repository/org/seleniumhq/selenium/selenium-remote-driver/3.141.59/selenium-remote-driver-3.141.59.jar:/Users/anshu/.m2/repository/org/seleniumhq/selenium/selenium-safari-driver/3.141.59/selenium-safari-driver-3.141.59.jar:/Users/anshu/.m2/repository/org/seleniumhq/selenium/selenium-support/3.141.59/selenium-support-3.141.59.jar:/Users/anshu/.m2/repository/com/beust/jcommander/1.72/jcommander-1.72.jar:/Users/anshu/.m2/repository/net/bytebuddy/byte-buddy/1.8.15/byte-buddy-1.8.15.jar:/Users/anshu/.m2/repository/org/apache/commons/commons-exec/1.3/commons-exec-1.3.jar:/Users/anshu/.m2/repository/com/google/guava/guava/25.0-jre/guava-25.0-jre.jar:/Users/anshu/.m2/repository/com/google/code/findbugs/jsr305/1.3.9/jsr305-1.3.9.jar:/Users/anshu/.m2/repository/org/checkerframework/checker-compat-qual/2.0.0/checker-compat-qual-2.0.0.jar:/Users/anshu/.m2/repository/com/google/errorprone/error_prone_annotations/2.1.3/error_prone_annotations-2.1.3.jar:/Users/anshu/.m2/repository/com/google/j2objc/j2objc-annotations/1.1/j2objc-annotations-1.1.jar:/Users/anshu/.m2/repository/org/codehaus/mojo/animal-sniffer-annotations/1.14/animal-sniffer-annotations-1.14.jar:/Users/anshu/.m2/repository/net/jcip/jcip-annotations/1.0/jcip-annotations-1.0.jar:/Users/anshu/.m2/repository/org/seleniumhq/selenium/jetty-repacked/9.4.12.v20180830/jetty-repacked-9.4.12.v20180830.jar:/Users/anshu/.m2/repository/com/squareup/okhttp3/okhttp/3.11.0/okhttp-3.11.0.jar:/Users/anshu/.m2/repository/com/squareup/okio/okio/1.14.0/okio-1.14.0.jar:/Users/anshu/.m2/repository/javax/servlet/javax.servlet-api/3.1.0/javax.servlet-api-3.1.0.jar:/Users/anshu/.m2/repository/org/yaml/snakeyaml/1.19/snakeyaml-1.19.jar:/Users/anshu/.m2/repository/io/github/bonigarcia/webdrivermanager/6.3.2/webdrivermanager-6.3.2.jar:/Users/anshu/.m2/repository/org/slf4j/slf4j-api/2.0.17/slf4j-api-2.0.17.jar:/Users/anshu/.m2/repository/com/google/code/gson/gson/2.13.2/gson-2.13.2.jar:/Users/anshu/.m2/repository/com/github/docker-java/docker-java/3.6.0/docker-java-3.6.0.jar:/Users/anshu/.m2/repository/com/github/docker-java/docker-java-core/3.6.0/docker-java-core-3.6.0.jar:/Users/anshu/.m2/repository/com/github/docker-java/docker-java-api/3.6.0/docker-java-api-3.6.0.jar:/Users/anshu/.m2/repository/com/fasterxml/jackson/core/jackson-annotations/2.19.2/jackson-annotations-2.19.2.jar:/Users/anshu/.m2/repository/com/fasterxml/jackson/core/jackson-databind/2.19.2/jackson-databind-2.19.2.jar:/Users/anshu/.m2/repository/com/fasterxml/jackson/core/jackson-core/2.19.2/jackson-core-2.19.2.jar:/Users/anshu/.m2/repository/org/slf4j/jcl-over-slf4j/1.7.30/jcl-over-slf4j-1.7.30.jar:/Users/anshu/.m2/repository/com/github/docker-java/docker-java-transport-httpclient5/3.6.0/docker-java-transport-httpclient5-3.6.0.jar:/Users/anshu/.m2/repository/com/github/docker-java/docker-java-transport/3.6.0/docker-java-transport-3.6.0.jar:/Users/anshu/.m2/repository/net/java/dev/jna/jna/5.17.0/jna-5.17.0.jar:/Users/anshu/.m2/repository/org/brotli/dec/0.1.2/dec-0.1.2.jar:/Users/anshu/.m2/repository/org/apache/commons/commons-lang3/3.18.0/commons-lang3-3.18.0.jar:/Users/anshu/.m2/repository/org/apache/commons/commons-compress/1.28.0/commons-compress-1.28.0.jar:/Users/anshu/.m2/repository/commons-codec/commons-codec/1.19.0/commons-codec-1.19.0.jar:/Users/anshu/.m2/repository/commons-io/commons-io/2.20.0/commons-io-2.20.0.jar:/Users/anshu/.m2/repository/org/apache/httpcomponents/client5/httpclient5/5.4.3/httpclient5-5.4.3.jar:/Users/anshu/.m2/repository/org/apache/httpcomponents/core5/httpcore5/5.3.4/httpcore5-5.3.4.jar:/Users/anshu/.m2/repository/org/apache/httpcomponents/core5/httpcore5-h2/5.3.4/httpcore5-h2-5.3.4.jar:/Users/anshu/.m2/repository/io/cucumber/cucumber-testng/7.31.0/cucumber-testng-7.31.0.jar:/Users/anshu/.m2/repository/org/apiguardian/apiguardian-api/1.1.2/apiguardian-api-1.1.2.jar:/Users/anshu/.m2/repository/org/testng/testng/7.11.0/testng-7.11.0.jar:/Users/anshu/.m2/repository/org/jcommander/jcommander/1.83/jcommander-1.83.jar:/Users/anshu/.m2/repository/org/webjars/jquery/3.7.1/jquery-3.7.1.jar:/Users/anshu/.m2/repository/io/cucumber/cucumber-java/7.31.0/cucumber-java-7.31.0.jar:/Users/anshu/.m2/repository/io/cucumber/cucumber-junit/7.31.0/cucumber-junit-7.31.0.jar:/Users/anshu/.m2/repository/junit/junit/4.13.2/junit-4.13.2.jar:/Users/anshu/.m2/repository/org/hamcrest/hamcrest-core/1.3/hamcrest-core-1.3.jar:/Users/anshu/.m2/repository/io/cucumber/cucumber-core/7.31.0/cucumber-core-7.31.0.jar:/Users/anshu/.m2/repository/io/cucumber/cucumber-gherkin/7.31.0/cucumber-gherkin-7.31.0.jar:/Users/anshu/.m2/repository/io/cucumber/cucumber-gherkin-messages/7.31.0/cucumber-gherkin-messages-7.31.0.jar:/Users/anshu/.m2/repository/io/cucumber/gherkin/36.0.0/gherkin-36.0.0.jar:/Users/anshu/.m2/repository/io/cucumber/messages/30.1.0/messages-30.1.0.jar:/Users/anshu/.m2/repository/io/cucumber/pretty-formatter/2.4.0/pretty-formatter-2.4.0.jar:/Users/anshu/.m2/repository/io/cucumber/query/14.6.0/query-14.6.0.jar:/Users/anshu/.m2/repository/io/cucumber/teamcity-formatter/0.2.0/teamcity-formatter-0.2.0.jar:/Users/anshu/.m2/repository/io/cucumber/testng-xml-formatter/0.7.0/testng-xml-formatter-0.7.0.jar:/Users/anshu/.m2/repository/io/cucumber/usage-formatter/0.1.0/usage-formatter-0.1.0.jar:/Users/anshu/.m2/repository/io/cucumber/tag-expressions/8.0.0/tag-expressions-8.0.0.jar:/Users/anshu/.m2/repository/io/cucumber/cucumber-expressions/18.0.1/cucumber-expressions-18.0.1.jar:/Users/anshu/.m2/repository/io/cucumber/cucumber-json-formatter/0.3.0/cucumber-json-formatter-0.3.0.jar:/Users/anshu/.m2/repository/io/cucumber/datatable/7.31.0/datatable-7.31.0.jar:/Users/anshu/.m2/repository/io/cucumber/cucumber-plugin/7.31.0/cucumber-plugin-7.31.0.jar:/Users/anshu/.m2/repository/io/cucumber/docstring/7.31.0/docstring-7.31.0.jar:/Users/anshu/.m2/repository/io/cucumber/html-formatter/22.0.0/html-formatter-22.0.0.jar:/Users/anshu/.m2/repository/io/cucumber/junit-xml-formatter/0.10.0/junit-xml-formatter-0.10.0.jar:/Users/anshu/.m2/repository/io/cucumber/ci-environment/12.0.0/ci-environment-12.0.0.jar:"/>
    <property name="sun.cpu.endian" value="little"/>
    <property name="user.home" value="/Users/anshu"/>
    <property name="user.language" value="en"/>
    <property name="java.specification.vendor" value="Oracle Corporation"/>
    <property name="java.version.date" value="2025-07-15"/>
    <property name="java.home" value="/Users/anshu/.p2/pool/plugins/org.eclipse.justj.openjdk.hotspot.jre.full.macosx.x86_64_21.0.8.v20250724-1412/jre"/>
    <property name="file.separator" value="/"/>
    <property name="basedir" value="/Users/anshu/Workspace/SalesForceCucumber"/>
    <property name="style.color" value="always"/>
    <property name="java.vm.compressedOopsMode" value="Zero based"/>
    <property name="line.separator" value="&#10;"/>
    <property name="java.vm.specification.vendor" value="Oracle Corporation"/>
    <property name="java.specification.name" value="Java Platform API Specification"/>
    <property name="apple.awt.application.name" value="ForkedBooter"/>
    <property name="surefire.real.class.path" value="/Users/anshu/Workspace/SalesForceCucumber/target/surefire/surefirebooter-20251206174302870_3.jar"/>
    <property name="sun.management.compiler" value="HotSpot 64-Bit Tiered Compilers"/>
    <property name="ftp.nonProxyHosts" value="local|*.local|169.254/16|*.169.254/16"/>
    <property name="java.runtime.version" value="21.0.8+9-LTS"/>
    <property name="user.name" value="anshu"/>
    <property name="stdout.encoding" value="UTF-8"/>
    <property name="path.separator" value=":"/>
    <property name="os.version" value="26.0.1"/>
    <property name="java.runtime.name" value="OpenJDK Runtime Environment"/>
    <property name="file.encoding" value="UTF-8"/>
    <property name="java.vm.name" value="OpenJDK 64-Bit Server VM"/>
    <property name="java.vendor.version" value="Temurin-21.0.8+9"/>
    <property name="localRepository" value="/Users/anshu/.m2/repository"/>
    <property name="java.vendor.url.bug" value="https://github.com/adoptium/adoptium-support/issues"/>
    <property name="java.io.tmpdir" value="/var/folders/29/hjrpy44j56b0p_bx7fmskldw0000gn/T/"/>
    <property name="java.version" value="21.0.8"/>
    <property name="user.dir" value="/Users/anshu/Workspace/SalesForceCucumber"/>
    <property name="os.arch" value="x86_64"/>
    <property name="java.vm.specification.name" value="Java Virtual Machine Specification"/>
    <property name="native.encoding" value="UTF-8"/>
    <property name="java.library.path" value="/Users/anshu/Library/Java/Extensions:/Library/Java/Extensions:/Network/Library/Java/Extensions:/System/Library/Java/Extensions:/usr/lib/java:."/>
    <property name="java.vm.info" value="mixed mode, sharing"/>
    <property name="stderr.encoding" value="UTF-8"/>
    <property name="java.vendor" value="Eclipse Adoptium"/>
    <property name="java.vm.version" value="21.0.8+9-LTS"/>
    <property name="sun.io.unicode.encoding" value="UnicodeBig"/>
    <property name="socksNonProxyHosts" value="local|*.local|169.254/16|*.169.254/16"/>
    <property name="java.class.version" value="65.0"/>
  </properties>
  <testcase name="TC10 Create New Account" classname="Accounts all testcases" time="24.903">
    <system-out><![CDATA[
@Smoke @Accounts
&amp#27;[1mScenario:&amp#27;[22m TC10 Create New Account                                                &amp#27;[90m# features/Accounts.feature:8&amp#27;[39m
  &amp#27;[32m✔&amp#27;[39m &amp#27;[32m&amp#27;[1mGiven &amp#27;[22mUser secure launch the application&amp#27;[39m                                     &amp#27;[90m# training.steps.Steps.user_secure_launch_the_application()&amp#27;[39m
  &amp#27;[32m✔&amp#27;[39m &amp#27;[32m&amp#27;[1mGiven &amp#27;[22mUser is on &amp#27;[1m"HomePage"&amp#27;[22m&amp#27;[39m                                                  &amp#27;[90m# training.steps.Steps.user_is_on(java.lang.String)&amp#27;[39m
  &amp#27;[32m✔&amp#27;[39m &amp#27;[32m&amp#27;[1mWhen &amp#27;[22mUser click on link &amp#27;[1m"accounts"&amp#27;[22m&amp#27;[39m                                           &amp#27;[90m# training.steps.Steps.user_click_on_link(java.lang.String)&amp#27;[39m
  &amp#27;[32m✔&amp#27;[39m &amp#27;[32m&amp#27;[1mAnd &amp#27;[22mUser is on &amp#27;[1m"AccountsHomePage"&amp#27;[22m&amp#27;[39m                                            &amp#27;[90m# training.steps.Steps.user_is_on(java.lang.String)&amp#27;[39m
  &amp#27;[32m✔&amp#27;[39m &amp#27;[32m&amp#27;[1mThen &amp#27;[22mUser verify the text &amp#27;[1m"pagetype"&amp#27;[22m &amp#27;[1m"Accounts"&amp#27;[22m&amp#27;[39m                              &amp#27;[90m# training.steps.Steps.user_verify_the_text(java.lang.String,java.lang.String)&amp#27;[39m
  &amp#27;[32m✔&amp#27;[39m &amp#27;[32m&amp#27;[1mWhen &amp#27;[22mUser click on button &amp#27;[1m"new"&amp#27;[22m&amp#27;[39m                                              &amp#27;[90m# training.steps.Steps.user_click_on_button(java.lang.String)&amp#27;[39m
  &amp#27;[32m✔&amp#27;[39m &amp#27;[32m&amp#27;[1mAnd &amp#27;[22mUser is on &amp#27;[1m"AccountsEditPage"&amp#27;[22m&amp#27;[39m                                            &amp#27;[90m# training.steps.Steps.user_is_on(java.lang.String)&amp#27;[39m
  &amp#27;[32m✔&amp#27;[39m &amp#27;[32m&amp#27;[1mThen &amp#27;[22mUser verify the text &amp#27;[1m"pagedescription"&amp#27;[22m &amp#27;[1m"New Account"&amp#27;[22m&amp#27;[39m                    &amp#27;[90m# training.steps.Steps.user_verify_the_text(java.lang.String,java.lang.String)&amp#27;[39m
  &amp#27;[32m✔&amp#27;[39m &amp#27;[32m&amp#27;[1mWhen &amp#27;[22mUser read and enter into textbox &amp#27;[1m"accountname"&amp#27;[22m&amp#27;[39m                          &amp#27;[90m# training.steps.Steps.user_read_and_enter_into_textbox(java.lang.String)&amp#27;[39m
  &amp#27;[32m✔&amp#27;[39m &amp#27;[32m&amp#27;[1mAnd &amp#27;[22mUser read and select from dropdown &amp#27;[1m"accounttypedropdown"&amp#27;[22m &amp#27;[1m"accounttype"&amp#27;[22m&amp#27;[39m   &amp#27;[90m# training.steps.Steps.user_read_and_select_from_dropdown(java.lang.String,java.lang.String)&amp#27;[39m
  &amp#27;[32m✔&amp#27;[39m &amp#27;[32m&amp#27;[1mAnd &amp#27;[22mUser read and select from dropdown &amp#27;[1m"custprioritydropdown"&amp#27;[22m &amp#27;[1m"custpriority"&amp#27;[22m&amp#27;[39m &amp#27;[90m# training.steps.Steps.user_read_and_select_from_dropdown(java.lang.String,java.lang.String)&amp#27;[39m
  &amp#27;[32m✔&amp#27;[39m &amp#27;[32m&amp#27;[1mAnd &amp#27;[22mUser click on button &amp#27;[1m"save"&amp#27;[22m&amp#27;[39m                                              &amp#27;[90m# training.steps.Steps.user_click_on_button(java.lang.String)&amp#27;[39m
  &amp#27;[32m✔&amp#27;[39m &amp#27;[32m&amp#27;[1mAnd &amp#27;[22mUser is on &amp#27;[1m"AccountsDetailsPage"&amp#27;[22m&amp#27;[39m                                         &amp#27;[90m# training.steps.Steps.user_is_on(java.lang.String)&amp#27;[39m
  &amp#27;[32m✔&amp#27;[39m &amp#27;[32m&amp#27;[1mThen &amp#27;[22mUser verify the data contains &amp#27;[1m"updatedaccountname"&amp#27;[22m &amp#27;[1m"accountname"&amp#27;[22m&amp#27;[39m        &amp#27;[90m# training.steps.Steps.user_verify_the_data_contains(java.lang.String,java.lang.String)&amp#27;[39m
  &amp#27;[32m✔&amp#27;[39m &amp#27;[32m&amp#27;[1mAnd &amp#27;[22mUser verify the data &amp#27;[1m"updatedaccounttype"&amp#27;[22m &amp#27;[1m"accounttype"&amp#27;[22m&amp#27;[39m                  &amp#27;[90m# training.steps.Steps.user_verify_the_data(java.lang.String,java.lang.String)&amp#27;[39m
  &amp#27;[32m✔&amp#27;[39m &amp#27;[32m&amp#27;[1mAnd &amp#27;[22mUser verify the data &amp#27;[1m"updatedcustpriority"&amp#27;[22m &amp#27;[1m"custpriority"&amp#27;[22m&amp#27;[39m                &amp#27;[90m# training.steps.Steps.user_verify_the_data(java.lang.String,java.lang.String)&amp#27;[39m
]]></system-out>
    <system-err><![CDATA[SLF4J(W): No SLF4J providers were found.
SLF4J(W): Defaulting to no-operation (NOP) logger implementation
SLF4J(W): See https://www.slf4j.org/codes.html#noProviders for further details.
Starting ChromeDriver 142.0.7444.175 (302067f14a4ea3f42001580e6101fa25ed343445-refs/branch-heads/7444@{#2749}) on port 15034
Only local connections are allowed.
Please see https://chromedriver.chromium.org/security-considerations for suggestions on keeping ChromeDriver safe.
ChromeDriver was started successfully on port 15034.
Dec 06, 2025 5:43:10 PM org.openqa.selenium.remote.ProtocolHandshake createSession
INFO: Detected dialect: W3C
]]></system-err>
  </testcase>
  <testcase name="TC11 Create New Accounts View" classname="Accounts all testcases" time="21.984">
    <system-out><![CDATA[
@Accounts
&amp#27;[1mScenario:&amp#27;[22m TC11 Create New Accounts View                                                       &amp#27;[90m# features/Accounts.feature:27&amp#27;[39m
  &amp#27;[32m✔&amp#27;[39m &amp#27;[32m&amp#27;[1mGiven &amp#27;[22mUser secure launch the application&amp#27;[39m                                                  &amp#27;[90m# training.steps.Steps.user_secure_launch_the_application()&amp#27;[39m
  &amp#27;[32m✔&amp#27;[39m &amp#27;[32m&amp#27;[1mGiven &amp#27;[22mUser is on &amp#27;[1m"HomePage"&amp#27;[22m&amp#27;[39m                                                               &amp#27;[90m# training.steps.Steps.user_is_on(java.lang.String)&amp#27;[39m
  &amp#27;[32m✔&amp#27;[39m &amp#27;[32m&amp#27;[1mWhen &amp#27;[22mUser click on link &amp#27;[1m"accounts"&amp#27;[22m&amp#27;[39m                                                        &amp#27;[90m# training.steps.Steps.user_click_on_link(java.lang.String)&amp#27;[39m
  &amp#27;[32m✔&amp#27;[39m &amp#27;[32m&amp#27;[1mAnd &amp#27;[22mUser is on &amp#27;[1m"AccountsHomePage"&amp#27;[22m&amp#27;[39m                                                         &amp#27;[90m# training.steps.Steps.user_is_on(java.lang.String)&amp#27;[39m
  &amp#27;[32m✔&amp#27;[39m &amp#27;[32m&amp#27;[1mAnd &amp#27;[22mUser click on button &amp#27;[1m"createnewview"&amp#27;[22m&amp#27;[39m                                                  &amp#27;[90m# training.steps.Steps.user_click_on_button(java.lang.String)&amp#27;[39m
  &amp#27;[32m✔&amp#27;[39m &amp#27;[32m&amp#27;[1mAnd &amp#27;[22mUser is on &amp#27;[1m"AccountsCreateOrEditViewPage"&amp#27;[22m&amp#27;[39m                                             &amp#27;[90m# training.steps.Steps.user_is_on(java.lang.String)&amp#27;[39m
  &amp#27;[32m✔&amp#27;[39m &amp#27;[32m&amp#27;[1mThen &amp#27;[22mUser verify the text &amp#27;[1m"pagedescription"&amp#27;[22m &amp#27;[1m"Create New View"&amp#27;[22m&amp#27;[39m                             &amp#27;[90m# training.steps.Steps.user_verify_the_text(java.lang.String,java.lang.String)&amp#27;[39m
  &amp#27;[32m✔&amp#27;[39m &amp#27;[32m&amp#27;[1mWhen &amp#27;[22mUser read and enter into textbox &amp#27;[1m"accountsviewname"&amp#27;[22m&amp#27;[39m                                  &amp#27;[90m# training.steps.Steps.user_read_and_enter_into_textbox(java.lang.String)&amp#27;[39m
  &amp#27;[32m✔&amp#27;[39m &amp#27;[32m&amp#27;[1mAnd &amp#27;[22mUser clear the textbox &amp#27;[1m"accountsviewuniqname"&amp#27;[22m&amp#27;[39m                                         &amp#27;[90m# training.steps.Steps.user_clear_the_textbox(java.lang.String)&amp#27;[39m
  &amp#27;[32m✔&amp#27;[39m &amp#27;[32m&amp#27;[1mAnd &amp#27;[22mUser read and enter into textbox &amp#27;[1m"accountsviewuniqname"&amp#27;[22m&amp#27;[39m                               &amp#27;[90m# training.steps.Steps.user_read_and_enter_into_textbox(java.lang.String)&amp#27;[39m
  &amp#27;[32m✔&amp#27;[39m &amp#27;[32m&amp#27;[1mAnd &amp#27;[22mUser click on button &amp#27;[1m"save"&amp#27;[22m&amp#27;[39m                                                           &amp#27;[90m# training.steps.Steps.user_click_on_button(java.lang.String)&amp#27;[39m
  &amp#27;[32m✔&amp#27;[39m &amp#27;[32m&amp#27;[1mAnd &amp#27;[22mUser is on &amp#27;[1m"AccountsViewPage"&amp#27;[22m&amp#27;[39m                                                         &amp#27;[90m# training.steps.Steps.user_is_on(java.lang.String)&amp#27;[39m
  &amp#27;[32m✔&amp#27;[39m &amp#27;[32m&amp#27;[1mThen &amp#27;[22mUser verify first selected item in dropdown &amp#27;[1m"accountviewdropdown"&amp#27;[22m &amp#27;[1m"accountsviewname"&amp#27;[22m&amp#27;[39m &amp#27;[90m# training.steps.Steps.user_verify_first_selected_item_in_dropdown(java.lang.String,java.lang.String)&amp#27;[39m
]]></system-out>
    <system-err><![CDATA[Starting ChromeDriver 142.0.7444.175 (302067f14a4ea3f42001580e6101fa25ed343445-refs/branch-heads/7444@{#2749}) on port 43742
Only local connections are allowed.
Please see https://chromedriver.chromium.org/security-considerations for suggestions on keeping ChromeDriver safe.
ChromeDriver was started successfully on port 43742.
Dec 06, 2025 5:43:33 PM org.openqa.selenium.remote.ProtocolHandshake createSession
INFO: Detected dialect: W3C
]]></system-err>
  </testcase>
  <testcase name="TC12 Edit Accounts View" classname="Accounts all testcases" time="23.197">
    <system-out><![CDATA[
@Accounts
&amp#27;[1mScenario:&amp#27;[22m TC12 Edit Accounts View                                                                &amp#27;[90m# features/Accounts.feature:43&amp#27;[39m
  &amp#27;[32m✔&amp#27;[39m &amp#27;[32m&amp#27;[1mGiven &amp#27;[22mUser secure launch the application&amp#27;[39m                                                     &amp#27;[90m# training.steps.Steps.user_secure_launch_the_application()&amp#27;[39m
  &amp#27;[32m✔&amp#27;[39m &amp#27;[32m&amp#27;[1mGiven &amp#27;[22mUser is on &amp#27;[1m"HomePage"&amp#27;[22m&amp#27;[39m                                                                  &amp#27;[90m# training.steps.Steps.user_is_on(java.lang.String)&amp#27;[39m
  &amp#27;[32m✔&amp#27;[39m &amp#27;[32m&amp#27;[1mWhen &amp#27;[22mUser click on link &amp#27;[1m"accounts"&amp#27;[22m&amp#27;[39m                                                           &amp#27;[90m# training.steps.Steps.user_click_on_link(java.lang.String)&amp#27;[39m
  &amp#27;[32m✔&amp#27;[39m &amp#27;[32m&amp#27;[1mAnd &amp#27;[22mUser is on &amp#27;[1m"AccountsHomePage"&amp#27;[22m&amp#27;[39m                                                            &amp#27;[90m# training.steps.Steps.user_is_on(java.lang.String)&amp#27;[39m
  &amp#27;[32m✔&amp#27;[39m &amp#27;[32m&amp#27;[1mAnd &amp#27;[22mUser click on button &amp#27;[1m"edit"&amp#27;[22m&amp#27;[39m                                                              &amp#27;[90m# training.steps.Steps.user_click_on_button(java.lang.String)&amp#27;[39m
  &amp#27;[32m✔&amp#27;[39m &amp#27;[32m&amp#27;[1mAnd &amp#27;[22mUser is on &amp#27;[1m"AccountsCreateOrEditViewPage"&amp#27;[22m&amp#27;[39m                                                &amp#27;[90m# training.steps.Steps.user_is_on(java.lang.String)&amp#27;[39m
  &amp#27;[32m✔&amp#27;[39m &amp#27;[32m&amp#27;[1mThen &amp#27;[22mUser verify the text &amp#27;[1m"pagedescription"&amp#27;[22m &amp#27;[1m"Edit View"&amp#27;[22m&amp#27;[39m                                      &amp#27;[90m# training.steps.Steps.user_verify_the_text(java.lang.String,java.lang.String)&amp#27;[39m
  &amp#27;[32m✔&amp#27;[39m &amp#27;[32m&amp#27;[1mWhen &amp#27;[22mUser read and enter into textbox &amp#27;[1m"accountsviewname"&amp#27;[22m &amp#27;[1m"editaccountviewname"&amp#27;[22m&amp#27;[39m               &amp#27;[90m# training.steps.Steps.user_read_and_enter_into_textbox(java.lang.String,java.lang.String)&amp#27;[39m
  &amp#27;[32m✔&amp#27;[39m &amp#27;[32m&amp#27;[1mAnd &amp#27;[22mUser read and select from dropdown &amp#27;[1m"filterfielddropdown"&amp#27;[22m &amp#27;[1m"filterfield"&amp#27;[22m&amp#27;[39m                   &amp#27;[90m# training.steps.Steps.user_read_and_select_from_dropdown(java.lang.String,java.lang.String)&amp#27;[39m
  &amp#27;[32m✔&amp#27;[39m &amp#27;[32m&amp#27;[1mAnd &amp#27;[22mUser read and select from dropdown &amp#27;[1m"filteroperatordropdown"&amp#27;[22m &amp#27;[1m"filteroperator"&amp#27;[22m&amp#27;[39m             &amp#27;[90m# training.steps.Steps.user_read_and_select_from_dropdown(java.lang.String,java.lang.String)&amp#27;[39m
  &amp#27;[32m✔&amp#27;[39m &amp#27;[32m&amp#27;[1mAnd &amp#27;[22mUser read and enter into textbox &amp#27;[1m"filtervalue"&amp#27;[22m&amp#27;[39m                                           &amp#27;[90m# training.steps.Steps.user_read_and_enter_into_textbox(java.lang.String)&amp#27;[39m
  &amp#27;[32m✔&amp#27;[39m &amp#27;[32m&amp#27;[1mAnd &amp#27;[22mUser read and select from dropdown &amp#27;[1m"availablefielddropdown"&amp#27;[22m &amp#27;[1m"availablefield"&amp#27;[22m&amp#27;[39m             &amp#27;[90m# training.steps.Steps.user_read_and_select_from_dropdown(java.lang.String,java.lang.String)&amp#27;[39m
  &amp#27;[32m✔&amp#27;[39m &amp#27;[32m&amp#27;[1mAnd &amp#27;[22mUser click on button &amp#27;[1m"add"&amp#27;[22m&amp#27;[39m                                                               &amp#27;[90m# training.steps.Steps.user_click_on_button(java.lang.String)&amp#27;[39m
  &amp#27;[32m✔&amp#27;[39m &amp#27;[32m&amp#27;[1mAnd &amp#27;[22mUser click on button &amp#27;[1m"save"&amp#27;[22m&amp#27;[39m                                                              &amp#27;[90m# training.steps.Steps.user_click_on_button(java.lang.String)&amp#27;[39m
  &amp#27;[32m✔&amp#27;[39m &amp#27;[32m&amp#27;[1mAnd &amp#27;[22mUser is on &amp#27;[1m"AccountsViewPage"&amp#27;[22m&amp#27;[39m                                                            &amp#27;[90m# training.steps.Steps.user_is_on(java.lang.String)&amp#27;[39m
  &amp#27;[32m✔&amp#27;[39m &amp#27;[32m&amp#27;[1mThen &amp#27;[22mUser verify first selected item in dropdown &amp#27;[1m"accountviewdropdown"&amp#27;[22m &amp#27;[1m"editaccountviewname"&amp#27;[22m&amp#27;[39m &amp#27;[90m# training.steps.Steps.user_verify_first_selected_item_in_dropdown(java.lang.String,java.lang.String)&amp#27;[39m
  &amp#27;[32m✔&amp#27;[39m &amp#27;[32m&amp#27;[1mAnd &amp#27;[22mUser verify the item in list &amp#27;[1m"viewcolumnlist"&amp#27;[22m &amp#27;[1m"availablefield"&amp#27;[22m&amp#27;[39m                           &amp#27;[90m# training.steps.Steps.user_verify_the_item_in_list(java.lang.String,java.lang.String)&amp#27;[39m
]]></system-out>
    <system-err><![CDATA[Starting ChromeDriver 142.0.7444.175 (302067f14a4ea3f42001580e6101fa25ed343445-refs/branch-heads/7444@{#2749}) on port 17514
Only local connections are allowed.
Please see https://chromedriver.chromium.org/security-considerations for suggestions on keeping ChromeDriver safe.
ChromeDriver was started successfully on port 17514.
Dec 06, 2025 5:43:55 PM org.openqa.selenium.remote.ProtocolHandshake createSession
INFO: Detected dialect: W3C
]]></system-err>
  </testcase>
  <testcase name="TC13 Merge Accounts" classname="Accounts all testcases" time="26.792">
    <system-out><![CDATA[
@Accounts
&amp#27;[1mScenario:&amp#27;[22m TC13 Merge Accounts                                             &amp#27;[90m# features/Accounts.feature:63&amp#27;[39m
  &amp#27;[32m✔&amp#27;[39m &amp#27;[32m&amp#27;[1mGiven &amp#27;[22mUser secure launch the application&amp#27;[39m                              &amp#27;[90m# training.steps.Steps.user_secure_launch_the_application()&amp#27;[39m
  &amp#27;[32m✔&amp#27;[39m &amp#27;[32m&amp#27;[1mGiven &amp#27;[22mUser is on &amp#27;[1m"HomePage"&amp#27;[22m&amp#27;[39m                                           &amp#27;[90m# training.steps.Steps.user_is_on(java.lang.String)&amp#27;[39m
  &amp#27;[32m✔&amp#27;[39m &amp#27;[32m&amp#27;[1mWhen &amp#27;[22mUser click on link &amp#27;[1m"accounts"&amp#27;[22m&amp#27;[39m                                    &amp#27;[90m# training.steps.Steps.user_click_on_link(java.lang.String)&amp#27;[39m
  &amp#27;[32m✔&amp#27;[39m &amp#27;[32m&amp#27;[1mAnd &amp#27;[22mUser is on &amp#27;[1m"AccountsHomePage"&amp#27;[22m&amp#27;[39m                                     &amp#27;[90m# training.steps.Steps.user_is_on(java.lang.String)&amp#27;[39m
  &amp#27;[32m✔&amp#27;[39m &amp#27;[32m&amp#27;[1mAnd &amp#27;[22mUser click on link &amp#27;[1m"mergeaccounts"&amp#27;[22m&amp#27;[39m                                &amp#27;[90m# training.steps.Steps.user_click_on_link(java.lang.String)&amp#27;[39m
  &amp#27;[32m✔&amp#27;[39m &amp#27;[32m&amp#27;[1mAnd &amp#27;[22mUser is on &amp#27;[1m"AccountsMergeAccountsPage"&amp#27;[22m&amp#27;[39m                            &amp#27;[90m# training.steps.Steps.user_is_on(java.lang.String)&amp#27;[39m
  &amp#27;[32m✔&amp#27;[39m &amp#27;[32m&amp#27;[1mThen &amp#27;[22mUser verify the text &amp#27;[1m"pagetype"&amp#27;[22m &amp#27;[1m"Merge My Accounts"&amp#27;[22m&amp#27;[39m              &amp#27;[90m# training.steps.Steps.user_verify_the_text(java.lang.String,java.lang.String)&amp#27;[39m
  &amp#27;[32m✔&amp#27;[39m &amp#27;[32m&amp#27;[1mWhen &amp#27;[22mUser read and enter into textbox &amp#27;[1m"searchtexttomerge"&amp#27;[22m&amp#27;[39m             &amp#27;[90m# training.steps.Steps.user_read_and_enter_into_textbox(java.lang.String)&amp#27;[39m
  &amp#27;[32m✔&amp#27;[39m &amp#27;[32m&amp#27;[1mAnd &amp#27;[22mUser click on button &amp#27;[1m"findaccounts"&amp#27;[22m&amp#27;[39m                               &amp#27;[90m# training.steps.Steps.user_click_on_button(java.lang.String)&amp#27;[39m
  &amp#27;[32m✔&amp#27;[39m &amp#27;[32m&amp#27;[1mAnd &amp#27;[22mUser check the checkbox &amp#27;[1m"accountsid1"&amp#27;[22m&amp#27;[39m                             &amp#27;[90m# training.steps.Steps.user_check_the_checkbox(java.lang.String)&amp#27;[39m
  &amp#27;[32m✔&amp#27;[39m &amp#27;[32m&amp#27;[1mAnd &amp#27;[22mUser check the checkbox &amp#27;[1m"accountsid2"&amp#27;[22m&amp#27;[39m                             &amp#27;[90m# training.steps.Steps.user_check_the_checkbox(java.lang.String)&amp#27;[39m
  &amp#27;[32m✔&amp#27;[39m &amp#27;[32m&amp#27;[1mAnd &amp#27;[22mUser uncheck the checkbox &amp#27;[1m"accountsid3"&amp#27;[22m&amp#27;[39m                           &amp#27;[90m# training.steps.Steps.user_uncheck_the_checkbox(java.lang.String)&amp#27;[39m
  &amp#27;[32m✔&amp#27;[39m &amp#27;[32m&amp#27;[1mAnd &amp#27;[22mUser click on button &amp#27;[1m"next"&amp#27;[22m&amp#27;[39m                                       &amp#27;[90m# training.steps.Steps.user_click_on_button(java.lang.String)&amp#27;[39m
  &amp#27;[32m✔&amp#27;[39m &amp#27;[32m&amp#27;[1mAnd &amp#27;[22mUser store the data &amp#27;[1m"mergeaccountname"&amp#27;[22m&amp#27;[39m                            &amp#27;[90m# training.steps.Steps.user_store_the_data(java.lang.String)&amp#27;[39m
  &amp#27;[32m✔&amp#27;[39m &amp#27;[32m&amp#27;[1mAnd &amp#27;[22mUser click on button &amp#27;[1m"save"&amp#27;[22m&amp#27;[39m                                       &amp#27;[90m# training.steps.Steps.user_click_on_button(java.lang.String)&amp#27;[39m
  &amp#27;[32m✔&amp#27;[39m &amp#27;[32m&amp#27;[1mAnd &amp#27;[22mUser accept popup alert&amp#27;[39m                                           &amp#27;[90m# training.steps.Steps.user_accept_popup_alert()&amp#27;[39m
  &amp#27;[32m✔&amp#27;[39m &amp#27;[32m&amp#27;[1mAnd &amp#27;[22mUser is on &amp#27;[1m"AccountsHomePage"&amp#27;[22m&amp#27;[39m                                     &amp#27;[90m# training.steps.Steps.user_is_on(java.lang.String)&amp#27;[39m
  &amp#27;[32m✔&amp#27;[39m &amp#27;[32m&amp#27;[1mThen &amp#27;[22mUser verify the data &amp#27;[1m"firstrecentaccountname"&amp#27;[22m &amp#27;[1m"mergeaccountname"&amp#27;[22m&amp#27;[39m &amp#27;[90m# training.steps.Steps.user_verify_the_data(java.lang.String,java.lang.String)&amp#27;[39m
]]></system-out>
    <system-err><![CDATA[Starting ChromeDriver 142.0.7444.175 (302067f14a4ea3f42001580e6101fa25ed343445-refs/branch-heads/7444@{#2749}) on port 43327
Only local connections are allowed.
Please see https://chromedriver.chromium.org/security-considerations for suggestions on keeping ChromeDriver safe.
ChromeDriver was started successfully on port 43327.
Dec 06, 2025 5:44:18 PM org.openqa.selenium.remote.ProtocolHandshake createSession
INFO: Detected dialect: W3C
]]></system-err>
  </testcase>
  <testcase name="TC14 Create Account Last Activity Report" classname="Accounts all testcases" time="30.504">
    <error message="The step &apos;User wait for 3 &quot;seconds&quot;&apos; is undefined.&#10;You can implement this step using the snippet(s) below:&#10;&#10;@When(&quot;User wait for {int} {string}&quot;)&#10;public void user_wait_for(Integer int1, String string) {&#10;    // Write code here that turns the phrase above into concrete actions&#10;    throw new io.cucumber.java.PendingException();&#10;}&#10;" type="io.cucumber.junit.UndefinedStepException"><![CDATA[io.cucumber.junit.UndefinedStepException: 
The step 'User wait for 3 "seconds"' is undefined.
You can implement this step using the snippet(s) below:

@When("User wait for {int} {string}")
public void user_wait_for(Integer int1, String string) {
    // Write code here that turns the phrase above into concrete actions
    throw new io.cucumber.java.PendingException();
}

]]></error>
    <system-out><![CDATA[
@Accounts
&amp#27;[1mScenario:&amp#27;[22m TC14 Create Account Last Activity Report               &amp#27;[90m# features/Accounts.feature:83&amp#27;[39m
  &amp#27;[32m✔&amp#27;[39m &amp#27;[32m&amp#27;[1mGiven &amp#27;[22mUser secure launch the application&amp#27;[39m                     &amp#27;[90m# training.steps.Steps.user_secure_launch_the_application()&amp#27;[39m
  &amp#27;[32m✔&amp#27;[39m &amp#27;[32m&amp#27;[1mGiven &amp#27;[22mUser is on &amp#27;[1m"HomePage"&amp#27;[22m&amp#27;[39m                                  &amp#27;[90m# training.steps.Steps.user_is_on(java.lang.String)&amp#27;[39m
  &amp#27;[32m✔&amp#27;[39m &amp#27;[32m&amp#27;[1mWhen &amp#27;[22mUser click on link &amp#27;[1m"accounts"&amp#27;[22m&amp#27;[39m                           &amp#27;[90m# training.steps.Steps.user_click_on_link(java.lang.String)&amp#27;[39m
  &amp#27;[32m✔&amp#27;[39m &amp#27;[32m&amp#27;[1mAnd &amp#27;[22mUser is on &amp#27;[1m"AccountsHomePage"&amp#27;[22m&amp#27;[39m                            &amp#27;[90m# training.steps.Steps.user_is_on(java.lang.String)&amp#27;[39m
  &amp#27;[32m✔&amp#27;[39m &amp#27;[32m&amp#27;[1mAnd &amp#27;[22mUser click on link &amp#27;[1m"lastactivityreport"&amp#27;[22m&amp#27;[39m                  &amp#27;[90m# training.steps.Steps.user_click_on_link(java.lang.String)&amp#27;[39m
  &amp#27;[32m✔&amp#27;[39m &amp#27;[32m&amp#27;[1mAnd &amp#27;[22mUser is on &amp#27;[1m"AccountsUnSavedReportPage"&amp#27;[22m&amp#27;[39m                   &amp#27;[90m# training.steps.Steps.user_is_on(java.lang.String)&amp#27;[39m
  &amp#27;[32m✔&amp#27;[39m &amp#27;[32m&amp#27;[1mThen &amp#27;[22mUser verify the text &amp#27;[1m"pagedescription"&amp#27;[22m &amp#27;[1m"Unsaved Report"&amp#27;[22m&amp#27;[39m &amp#27;[90m# training.steps.Steps.user_verify_the_text(java.lang.String,java.lang.String)&amp#27;[39m
  &amp#27;[32m✔&amp#27;[39m &amp#27;[32m&amp#27;[1mWhen &amp#27;[22mUser click on dropdown &amp#27;[1m"datefield"&amp#27;[22m&amp#27;[39m                      &amp#27;[90m# training.steps.Steps.user_click_on_dropdown(java.lang.String)&amp#27;[39m
  &amp#27;[32m✔&amp#27;[39m &amp#27;[32m&amp#27;[1mAnd &amp#27;[22mUser click on link &amp#27;[1m"createddate"&amp#27;[22m&amp#27;[39m                         &amp#27;[90m# training.steps.Steps.user_click_on_link(java.lang.String)&amp#27;[39m
  &amp#27;[32m✔&amp#27;[39m &amp#27;[32m&amp#27;[1mAnd &amp#27;[22mUser click on link &amp#27;[1m"fromdateicon"&amp#27;[22m&amp#27;[39m                        &amp#27;[90m# training.steps.Steps.user_click_on_link(java.lang.String)&amp#27;[39m
  &amp#27;[32m✔&amp#27;[39m &amp#27;[32m&amp#27;[1mAnd &amp#27;[22mUser click on link &amp#27;[1m"fromdatetoday"&amp#27;[22m&amp#27;[39m                       &amp#27;[90m# training.steps.Steps.user_click_on_link(java.lang.String)&amp#27;[39m
  &amp#27;[32m✔&amp#27;[39m &amp#27;[32m&amp#27;[1mAnd &amp#27;[22mUser click on link &amp#27;[1m"todateicon"&amp#27;[22m&amp#27;[39m                          &amp#27;[90m# training.steps.Steps.user_click_on_link(java.lang.String)&amp#27;[39m
  &amp#27;[32m✔&amp#27;[39m &amp#27;[32m&amp#27;[1mAnd &amp#27;[22mUser click on link &amp#27;[1m"todatetoday"&amp#27;[22m&amp#27;[39m                         &amp#27;[90m# training.steps.Steps.user_click_on_link(java.lang.String)&amp#27;[39m
  &amp#27;[32m✔&amp#27;[39m &amp#27;[32m&amp#27;[1mAnd &amp#27;[22mUser click on button &amp#27;[1m"save"&amp#27;[22m&amp#27;[39m                              &amp#27;[90m# training.steps.Steps.user_click_on_button(java.lang.String)&amp#27;[39m
  &amp#27;[32m✔&amp#27;[39m &amp#27;[32m&amp#27;[1mAnd &amp#27;[22mUser read and enter into textbox &amp#27;[1m"reportname"&amp#27;[22m&amp#27;[39m            &amp#27;[90m# training.steps.Steps.user_read_and_enter_into_textbox(java.lang.String)&amp#27;[39m
  &amp#27;[32m✔&amp#27;[39m &amp#27;[32m&amp#27;[1mAnd &amp#27;[22mUser clear the textbox &amp#27;[1m"reportuniqname"&amp#27;[22m&amp#27;[39m                  &amp#27;[90m# training.steps.Steps.user_clear_the_textbox(java.lang.String)&amp#27;[39m
  &amp#27;[32m✔&amp#27;[39m &amp#27;[32m&amp#27;[1mAnd &amp#27;[22mUser read and enter into textbox &amp#27;[1m"reportuniqname"&amp#27;[22m&amp#27;[39m        &amp#27;[90m# training.steps.Steps.user_read_and_enter_into_textbox(java.lang.String)&amp#27;[39m
  &amp#27;[33m■&amp#27;[39m &amp#27;[33m&amp#27;[1mAnd &amp#27;[22mUser wait for 3 "seconds"&amp#27;[39m
  &amp#27;[36m↷&amp#27;[39m &amp#27;[36m&amp#27;[1mAnd &amp#27;[22mUser click on button &amp#27;[1m"saveandrun"&amp#27;[22m&amp#27;[39m                        &amp#27;[90m# training.steps.Steps.user_click_on_button(java.lang.String)&amp#27;[39m
  &amp#27;[36m↷&amp#27;[39m &amp#27;[36m&amp#27;[1mAnd &amp#27;[22mUser is on &amp#27;[1m"AccountsSavedReportPage"&amp#27;[22m&amp#27;[39m                     &amp#27;[90m# training.steps.Steps.user_is_on(java.lang.String)&amp#27;[39m
  &amp#27;[36m↷&amp#27;[39m &amp#27;[36m&amp#27;[1mAnd &amp#27;[22mUser hover on &amp#27;[1m"popupclose"&amp#27;[22m&amp#27;[39m                               &amp#27;[90m# training.steps.Steps.user_hover_on(java.lang.String)&amp#27;[39m
  &amp#27;[36m↷&amp#27;[39m &amp#27;[36m&amp#27;[1mAnd &amp#27;[22mUser click on button &amp#27;[1m"popupclose"&amp#27;[22m&amp#27;[39m                        &amp#27;[90m# training.steps.Steps.user_click_on_button(java.lang.String)&amp#27;[39m
  &amp#27;[36m↷&amp#27;[39m &amp#27;[36m&amp#27;[1mThen &amp#27;[22mUser verify the data &amp#27;[1m"pagetype"&amp#27;[22m &amp#27;[1m"reportname"&amp#27;[22m&amp#27;[39m            &amp#27;[90m# training.steps.Steps.user_verify_the_data(java.lang.String,java.lang.String)&amp#27;[39m
]]></system-out>
    <system-err><![CDATA[Starting ChromeDriver 142.0.7444.175 (302067f14a4ea3f42001580e6101fa25ed343445-refs/branch-heads/7444@{#2749}) on port 20161
Only local connections are allowed.
Please see https://chromedriver.chromium.org/security-considerations for suggestions on keeping ChromeDriver safe.
ChromeDriver was started successfully on port 20161.
Dec 06, 2025 5:44:45 PM org.openqa.selenium.remote.ProtocolHandshake createSession
INFO: Detected dialect: W3C
]]></system-err>
  </testcase>
  <testcase name="TC25 Create New Contact With Existing Account Name" classname="Contacts all testcases" time="23.925">
    <system-out><![CDATA[
@Smoke @Contacts
&amp#27;[1mScenario:&amp#27;[22m TC25 Create New Contact With Existing Account Name          &amp#27;[90m# features/Contacts.feature:7&amp#27;[39m
  &amp#27;[32m✔&amp#27;[39m &amp#27;[32m&amp#27;[1mGiven &amp#27;[22mUser secure launch the application&amp#27;[39m                          &amp#27;[90m# training.steps.Steps.user_secure_launch_the_application()&amp#27;[39m
  &amp#27;[32m✔&amp#27;[39m &amp#27;[32m&amp#27;[1mGiven &amp#27;[22mUser is on &amp#27;[1m"HomePage"&amp#27;[22m&amp#27;[39m                                       &amp#27;[90m# training.steps.Steps.user_is_on(java.lang.String)&amp#27;[39m
  &amp#27;[32m✔&amp#27;[39m &amp#27;[32m&amp#27;[1mWhen &amp#27;[22mUser click on link &amp#27;[1m"contacts"&amp#27;[22m&amp#27;[39m                                &amp#27;[90m# training.steps.Steps.user_click_on_link(java.lang.String)&amp#27;[39m
  &amp#27;[32m✔&amp#27;[39m &amp#27;[32m&amp#27;[1mAnd &amp#27;[22mUser is on &amp#27;[1m"ContactsHomePage"&amp#27;[22m&amp#27;[39m                                 &amp#27;[90m# training.steps.Steps.user_is_on(java.lang.String)&amp#27;[39m
  &amp#27;[32m✔&amp#27;[39m &amp#27;[32m&amp#27;[1mWhen &amp#27;[22mUser click on button &amp#27;[1m"new"&amp#27;[22m&amp#27;[39m                                   &amp#27;[90m# training.steps.Steps.user_click_on_button(java.lang.String)&amp#27;[39m
  &amp#27;[32m✔&amp#27;[39m &amp#27;[32m&amp#27;[1mAnd &amp#27;[22mUser is on &amp#27;[1m"ContactsEditPage"&amp#27;[22m&amp#27;[39m                                 &amp#27;[90m# training.steps.Steps.user_is_on(java.lang.String)&amp#27;[39m
  &amp#27;[32m✔&amp#27;[39m &amp#27;[32m&amp#27;[1mThen &amp#27;[22mUser verify the text &amp#27;[1m"pagedescription"&amp#27;[22m &amp#27;[1m"New Contact"&amp#27;[22m&amp#27;[39m         &amp#27;[90m# training.steps.Steps.user_verify_the_text(java.lang.String,java.lang.String)&amp#27;[39m
  &amp#27;[32m✔&amp#27;[39m &amp#27;[32m&amp#27;[1mWhen &amp#27;[22mUser read and enter into textbox &amp#27;[1m"contactlastname"&amp#27;[22m&amp#27;[39m           &amp#27;[90m# training.steps.Steps.user_read_and_enter_into_textbox(java.lang.String)&amp#27;[39m
  &amp#27;[32m✔&amp#27;[39m &amp#27;[32m&amp#27;[1mWhen &amp#27;[22mUser read and enter into textbox &amp#27;[1m"contactaccname"&amp#27;[22m&amp#27;[39m            &amp#27;[90m# training.steps.Steps.user_read_and_enter_into_textbox(java.lang.String)&amp#27;[39m
  &amp#27;[32m✔&amp#27;[39m &amp#27;[32m&amp#27;[1mAnd &amp#27;[22mUser click on button &amp#27;[1m"save"&amp#27;[22m&amp#27;[39m                                   &amp#27;[90m# training.steps.Steps.user_click_on_button(java.lang.String)&amp#27;[39m
  &amp#27;[32m✔&amp#27;[39m &amp#27;[32m&amp#27;[1mAnd &amp#27;[22mUser is on &amp#27;[1m"ContactsDetailsPage"&amp#27;[22m&amp#27;[39m                              &amp#27;[90m# training.steps.Steps.user_is_on(java.lang.String)&amp#27;[39m
  &amp#27;[32m✔&amp#27;[39m &amp#27;[32m&amp#27;[1mThen &amp#27;[22mUser verify the data &amp#27;[1m"updatedcontactname"&amp#27;[22m &amp#27;[1m"contactlastname"&amp#27;[22m&amp#27;[39m  &amp#27;[90m# training.steps.Steps.user_verify_the_data(java.lang.String,java.lang.String)&amp#27;[39m
  &amp#27;[32m✔&amp#27;[39m &amp#27;[32m&amp#27;[1mAnd &amp#27;[22mUser verify the data &amp#27;[1m"updatedcontactaccname"&amp#27;[22m &amp#27;[1m"contactaccname"&amp#27;[22m&amp#27;[39m &amp#27;[90m# training.steps.Steps.user_verify_the_data(java.lang.String,java.lang.String)&amp#27;[39m
]]></system-out>
    <system-err><![CDATA[Starting ChromeDriver 142.0.7444.175 (302067f14a4ea3f42001580e6101fa25ed343445-refs/branch-heads/7444@{#2749}) on port 3991
Only local connections are allowed.
Please see https://chromedriver.chromium.org/security-considerations for suggestions on keeping ChromeDriver safe.
ChromeDriver was started successfully on port 3991.
Dec 06, 2025 5:45:16 PM org.openqa.selenium.remote.ProtocolHandshake createSession
INFO: Detected dialect: W3C
]]></system-err>
  </testcase>
  <testcase name="TC26 Create New Contact View" classname="Contacts all testcases" time="40.32">
    <error message="Expected condition failed: waiting for visibility of element located by By.name: fcf (tried for 20 second(s) with 500 milliseconds interval)" type="org.openqa.selenium.TimeoutException"><![CDATA[org.openqa.selenium.TimeoutException: Expected condition failed: waiting for visibility of element located by By.name: fcf (tried for 20 second(s) with 500 milliseconds interval)
	at org.openqa.selenium.support.ui.WebDriverWait.timeoutException(WebDriverWait.java:95)
	at org.openqa.selenium.support.ui.FluentWait.until(FluentWait.java:272)
	at training.base.BasePage.waitForElementToLocate(BasePage.java:56)
	at training.base.BasePage.getElement(BasePage.java:85)
	at training.base.BasePage.verifyFirstSelectedDropdownItem(BasePage.java:267)
	at training.steps.Steps.user_verify_first_selected_item_in_dropdown(Steps.java:187)
	at ✽.User verify first selected item in dropdown "contactsviewdropdown" "contactsviewname"(file:///Users/anshu/Workspace/SalesForceCucumber/features/Contacts.feature:35)
Caused by: org.openqa.selenium.NoSuchElementException: no such element: Unable to locate element: {"method":"css selector","selector":"*[name='fcf']"}
  (Session info: chrome=142.0.7444.177)
For documentation on this error, please visit: https://www.seleniumhq.org/exceptions/no_such_element.html
Build info: version: '3.141.59', revision: 'e82be7d358', time: '2018-11-14T08:17:03'
System info: host: 'MacBook-Air.local', ip: 'fe80:0:0:0:1066:b8a3:680e:55d3%en0', os.name: 'Mac OS X', os.arch: 'x86_64', os.version: '26.0.1', java.version: '21.0.8'
Driver info: org.openqa.selenium.chrome.ChromeDriver
Capabilities {acceptInsecureCerts: false, browserName: chrome, browserVersion: 142.0.7444.177, chrome: {chromedriverVersion: 142.0.7444.175 (302067f14a4..., userDataDir: /var/folders/29/hjrpy44j56b...}, fedcm:accounts: true, goog:chromeOptions: {debuggerAddress: localhost:60472}, goog:processID: 47742, javascriptEnabled: true, networkConnectionEnabled: false, pageLoadStrategy: normal, platform: MAC, platformName: MAC, proxy: Proxy(), setWindowRect: true, strictFileInteractability: false, timeouts: {implicit: 0, pageLoad: 300000, script: 30000}, unhandledPromptBehavior: dismiss and notify, webauthn:extension:credBlob: true, webauthn:extension:largeBlob: true, webauthn:extension:minPinLength: true, webauthn:extension:prf: true, webauthn:virtualAuthenticators: true}
Session ID: cd581646d65b72191143e44d37172f59
*** Element info: {Using=name, value=fcf}
	at java.base/jdk.internal.reflect.DirectConstructorHandleAccessor.newInstance(DirectConstructorHandleAccessor.java:62)
	at java.base/java.lang.reflect.Constructor.newInstanceWithCaller(Constructor.java:502)
	at java.base/java.lang.reflect.Constructor.newInstance(Constructor.java:486)
	at org.openqa.selenium.remote.http.W3CHttpResponseCodec.createException(W3CHttpResponseCodec.java:187)
	at org.openqa.selenium.remote.http.W3CHttpResponseCodec.decode(W3CHttpResponseCodec.java:122)
	at org.openqa.selenium.remote.http.W3CHttpResponseCodec.decode(W3CHttpResponseCodec.java:49)
	at org.openqa.selenium.remote.HttpCommandExecutor.execute(HttpCommandExecutor.java:158)
	at org.openqa.selenium.remote.service.DriverCommandExecutor.execute(DriverCommandExecutor.java:83)
	at org.openqa.selenium.remote.RemoteWebDriver.execute(RemoteWebDriver.java:552)
	at org.openqa.selenium.remote.RemoteWebDriver.findElement(RemoteWebDriver.java:323)
	at org.openqa.selenium.remote.RemoteWebDriver.findElementByName(RemoteWebDriver.java:404)
	at org.openqa.selenium.By$ByName.findElement(By.java:284)
	at org.openqa.selenium.remote.RemoteWebDriver.findElement(RemoteWebDriver.java:315)
	at org.openqa.selenium.support.ui.ExpectedConditions$7.apply(ExpectedConditions.java:205)
	at org.openqa.selenium.support.ui.ExpectedConditions$7.apply(ExpectedConditions.java:201)
	at org.openqa.selenium.support.ui.FluentWait.until(FluentWait.java:249)
	... 5 more
]]></error>
    <system-out><![CDATA[
@Contacts
&amp#27;[1mScenario:&amp#27;[22m TC26 Create New Contact View                                                         &amp#27;[90m# features/Contacts.feature:23&amp#27;[39m
  &amp#27;[32m✔&amp#27;[39m &amp#27;[32m&amp#27;[1mGiven &amp#27;[22mUser secure launch the application&amp#27;[39m                                                   &amp#27;[90m# training.steps.Steps.user_secure_launch_the_application()&amp#27;[39m
  &amp#27;[32m✔&amp#27;[39m &amp#27;[32m&amp#27;[1mGiven &amp#27;[22mUser is on &amp#27;[1m"HomePage"&amp#27;[22m&amp#27;[39m                                                                &amp#27;[90m# training.steps.Steps.user_is_on(java.lang.String)&amp#27;[39m
  &amp#27;[32m✔&amp#27;[39m &amp#27;[32m&amp#27;[1mWhen &amp#27;[22mUser click on link &amp#27;[1m"contacts"&amp#27;[22m&amp#27;[39m                                                         &amp#27;[90m# training.steps.Steps.user_click_on_link(java.lang.String)&amp#27;[39m
  &amp#27;[32m✔&amp#27;[39m &amp#27;[32m&amp#27;[1mAnd &amp#27;[22mUser is on &amp#27;[1m"ContactsHomePage"&amp#27;[22m&amp#27;[39m                                                          &amp#27;[90m# training.steps.Steps.user_is_on(java.lang.String)&amp#27;[39m
  &amp#27;[32m✔&amp#27;[39m &amp#27;[32m&amp#27;[1mAnd &amp#27;[22mUser click on button &amp#27;[1m"createnewview"&amp#27;[22m&amp#27;[39m                                                   &amp#27;[90m# training.steps.Steps.user_click_on_button(java.lang.String)&amp#27;[39m
  &amp#27;[32m✔&amp#27;[39m &amp#27;[32m&amp#27;[1mAnd &amp#27;[22mUser is on &amp#27;[1m"ContactsCreateViewPage"&amp#27;[22m&amp#27;[39m                                                    &amp#27;[90m# training.steps.Steps.user_is_on(java.lang.String)&amp#27;[39m
  &amp#27;[32m✔&amp#27;[39m &amp#27;[32m&amp#27;[1mThen &amp#27;[22mUser verify the text &amp#27;[1m"pagedescription"&amp#27;[22m &amp#27;[1m"Create New View"&amp#27;[22m&amp#27;[39m                              &amp#27;[90m# training.steps.Steps.user_verify_the_text(java.lang.String,java.lang.String)&amp#27;[39m
  &amp#27;[32m✔&amp#27;[39m &amp#27;[32m&amp#27;[1mWhen &amp#27;[22mUser read and enter into textbox &amp#27;[1m"contactsviewname"&amp#27;[22m&amp#27;[39m                                   &amp#27;[90m# training.steps.Steps.user_read_and_enter_into_textbox(java.lang.String)&amp#27;[39m
  &amp#27;[32m✔&amp#27;[39m &amp#27;[32m&amp#27;[1mAnd &amp#27;[22mUser clear the textbox &amp#27;[1m"contactsviewuniqname"&amp#27;[22m&amp#27;[39m                                          &amp#27;[90m# training.steps.Steps.user_clear_the_textbox(java.lang.String)&amp#27;[39m
  &amp#27;[32m✔&amp#27;[39m &amp#27;[32m&amp#27;[1mAnd &amp#27;[22mUser read and enter into textbox &amp#27;[1m"contactsviewuniqname"&amp#27;[22m&amp#27;[39m                                &amp#27;[90m# training.steps.Steps.user_read_and_enter_into_textbox(java.lang.String)&amp#27;[39m
  &amp#27;[32m✔&amp#27;[39m &amp#27;[32m&amp#27;[1mAnd &amp#27;[22mUser click on button &amp#27;[1m"save"&amp#27;[22m&amp#27;[39m                                                            &amp#27;[90m# training.steps.Steps.user_click_on_button(java.lang.String)&amp#27;[39m
  &amp#27;[32m✔&amp#27;[39m &amp#27;[32m&amp#27;[1mAnd &amp#27;[22mUser is on &amp#27;[1m"ContactsViewPage"&amp#27;[22m&amp#27;[39m                                                          &amp#27;[90m# training.steps.Steps.user_is_on(java.lang.String)&amp#27;[39m
  &amp#27;[31m✘&amp#27;[39m &amp#27;[31m&amp#27;[1mThen &amp#27;[22mUser verify first selected item in dropdown &amp#27;[1m"contactsviewdropdown"&amp#27;[22m &amp#27;[1m"contactsviewname"&amp#27;[22m&amp#27;[39m &amp#27;[90m# training.steps.Steps.user_verify_first_selected_item_in_dropdown(java.lang.String,java.lang.String)&amp#27;[39m
        &amp#27;[31morg.openqa.selenium.TimeoutException: Expected condition failed: waiting for visibility of element located by By.name: fcf (tried for 20 second(s) with 500 milliseconds interval)&amp#27;[39m
        &amp#27;[31m	at org.openqa.selenium.support.ui.WebDriverWait.timeoutException(WebDriverWait.java:95)&amp#27;[39m
        &amp#27;[31m	at org.openqa.selenium.support.ui.FluentWait.until(FluentWait.java:272)&amp#27;[39m
        &amp#27;[31m	at training.base.BasePage.waitForElementToLocate(BasePage.java:56)&amp#27;[39m
        &amp#27;[31m	at training.base.BasePage.getElement(BasePage.java:85)&amp#27;[39m
        &amp#27;[31m	at training.base.BasePage.verifyFirstSelectedDropdownItem(BasePage.java:267)&amp#27;[39m
        &amp#27;[31m	at training.steps.Steps.user_verify_first_selected_item_in_dropdown(Steps.java:187)&amp#27;[39m
        &amp#27;[31m	at ✽.User verify first selected item in dropdown "contactsviewdropdown" "contactsviewname"(file:///Users/anshu/Workspace/SalesForceCucumber/features/Contacts.feature:35)&amp#27;[39m
        &amp#27;[31mCaused by: org.openqa.selenium.NoSuchElementException: no such element: Unable to locate element: {"method":"css selector","selector":"*[name='fcf']"}&amp#27;[39m
        &amp#27;[31m  (Session info: chrome=142.0.7444.177)&amp#27;[39m
        &amp#27;[31mFor documentation on this error, please visit: https://www.seleniumhq.org/exceptions/no_such_element.html&amp#27;[39m
        &amp#27;[31mBuild info: version: '3.141.59', revision: 'e82be7d358', time: '2018-11-14T08:17:03'&amp#27;[39m
        &amp#27;[31mSystem info: host: 'MacBook-Air.local', ip: 'fe80:0:0:0:1066:b8a3:680e:55d3%en0', os.name: 'Mac OS X', os.arch: 'x86_64', os.version: '26.0.1', java.version: '21.0.8'&amp#27;[39m
        &amp#27;[31mDriver info: org.openqa.selenium.chrome.ChromeDriver&amp#27;[39m
        &amp#27;[31mCapabilities {acceptInsecureCerts: false, browserName: chrome, browserVersion: 142.0.7444.177, chrome: {chromedriverVersion: 142.0.7444.175 (302067f14a4..., userDataDir: /var/folders/29/hjrpy44j56b...}, fedcm:accounts: true, goog:chromeOptions: {debuggerAddress: localhost:60472}, goog:processID: 47742, javascriptEnabled: true, networkConnectionEnabled: false, pageLoadStrategy: normal, platform: MAC, platformName: MAC, proxy: Proxy(), setWindowRect: true, strictFileInteractability: false, timeouts: {implicit: 0, pageLoad: 300000, script: 30000}, unhandledPromptBehavior: dismiss and notify, webauthn:extension:credBlob: true, webauthn:extension:largeBlob: true, webauthn:extension:minPinLength: true, webauthn:extension:prf: true, webauthn:virtualAuthenticators: true}&amp#27;[39m
        &amp#27;[31mSession ID: cd581646d65b72191143e44d37172f59&amp#27;[39m
        &amp#27;[31m*** Element info: {Using=name, value=fcf}&amp#27;[39m
        &amp#27;[31m	at java.base/jdk.internal.reflect.DirectConstructorHandleAccessor.newInstance(DirectConstructorHandleAccessor.java:62)&amp#27;[39m
        &amp#27;[31m	at java.base/java.lang.reflect.Constructor.newInstanceWithCaller(Constructor.java:502)&amp#27;[39m
        &amp#27;[31m	at java.base/java.lang.reflect.Constructor.newInstance(Constructor.java:486)&amp#27;[39m
        &amp#27;[31m	at org.openqa.selenium.remote.http.W3CHttpResponseCodec.createException(W3CHttpResponseCodec.java:187)&amp#27;[39m
        &amp#27;[31m	at org.openqa.selenium.remote.http.W3CHttpResponseCodec.decode(W3CHttpResponseCodec.java:122)&amp#27;[39m
        &amp#27;[31m	at org.openqa.selenium.remote.http.W3CHttpResponseCodec.decode(W3CHttpResponseCodec.java:49)&amp#27;[39m
        &amp#27;[31m	at org.openqa.selenium.remote.HttpCommandExecutor.execute(HttpCommandExecutor.java:158)&amp#27;[39m
        &amp#27;[31m	at org.openqa.selenium.remote.service.DriverCommandExecutor.execute(DriverCommandExecutor.java:83)&amp#27;[39m
        &amp#27;[31m	at org.openqa.selenium.remote.RemoteWebDriver.execute(RemoteWebDriver.java:552)&amp#27;[39m
        &amp#27;[31m	at org.openqa.selenium.remote.RemoteWebDriver.findElement(RemoteWebDriver.java:323)&amp#27;[39m
        &amp#27;[31m	at org.openqa.selenium.remote.RemoteWebDriver.findElementByName(RemoteWebDriver.java:404)&amp#27;[39m
        &amp#27;[31m	at org.openqa.selenium.By$ByName.findElement(By.java:284)&amp#27;[39m
        &amp#27;[31m	at org.openqa.selenium.remote.RemoteWebDriver.findElement(RemoteWebDriver.java:315)&amp#27;[39m
        &amp#27;[31m	at org.openqa.selenium.support.ui.ExpectedConditions$7.apply(ExpectedConditions.java:205)&amp#27;[39m
        &amp#27;[31m	at org.openqa.selenium.support.ui.ExpectedConditions$7.apply(ExpectedConditions.java:201)&amp#27;[39m
        &amp#27;[31m	at org.openqa.selenium.support.ui.FluentWait.until(FluentWait.java:249)&amp#27;[39m
        &amp#27;[31m	... 5 more&amp#27;[39m
]]></system-out>
    <system-err><![CDATA[Starting ChromeDriver 142.0.7444.175 (302067f14a4ea3f42001580e6101fa25ed343445-refs/branch-heads/7444@{#2749}) on port 5728
Only local connections are allowed.
Please see https://chromedriver.chromium.org/security-considerations for suggestions on keeping ChromeDriver safe.
ChromeDriver was started successfully on port 5728.
Dec 06, 2025 5:45:40 PM org.openqa.selenium.remote.ProtocolHandshake createSession
INFO: Detected dialect: W3C
]]></system-err>
  </testcase>
  <testcase name="TC27 Check Recently Created Contact" classname="Contacts all testcases" time="13.777">
    <system-out><![CDATA[
@Contacts
&amp#27;[1mScenario:&amp#27;[22m TC27 Check Recently Created Contact                                          &amp#27;[90m# features/Contacts.feature:39&amp#27;[39m
  &amp#27;[32m✔&amp#27;[39m &amp#27;[32m&amp#27;[1mGiven &amp#27;[22mUser secure launch the application&amp#27;[39m                                           &amp#27;[90m# training.steps.Steps.user_secure_launch_the_application()&amp#27;[39m
  &amp#27;[32m✔&amp#27;[39m &amp#27;[32m&amp#27;[1mGiven &amp#27;[22mUser is on &amp#27;[1m"HomePage"&amp#27;[22m&amp#27;[39m                                                        &amp#27;[90m# training.steps.Steps.user_is_on(java.lang.String)&amp#27;[39m
  &amp#27;[32m✔&amp#27;[39m &amp#27;[32m&amp#27;[1mWhen &amp#27;[22mUser click on link &amp#27;[1m"contacts"&amp#27;[22m&amp#27;[39m                                                 &amp#27;[90m# training.steps.Steps.user_click_on_link(java.lang.String)&amp#27;[39m
  &amp#27;[32m✔&amp#27;[39m &amp#27;[32m&amp#27;[1mAnd &amp#27;[22mUser is on &amp#27;[1m"ContactsHomePage"&amp#27;[22m&amp#27;[39m                                                  &amp#27;[90m# training.steps.Steps.user_is_on(java.lang.String)&amp#27;[39m
  &amp#27;[32m✔&amp#27;[39m &amp#27;[32m&amp#27;[1mAnd &amp#27;[22mUser read and select from dropdown &amp#27;[1m"recentdisplaydropdown"&amp#27;[22m &amp#27;[1m"recentdisplaymode"&amp#27;[22m&amp#27;[39m &amp#27;[90m# training.steps.Steps.user_read_and_select_from_dropdown(java.lang.String,java.lang.String)&amp#27;[39m
  &amp#27;[32m✔&amp#27;[39m &amp#27;[32m&amp#27;[1mThen &amp#27;[22mUser verify the list is not empty &amp#27;[1m"recentcontactslist"&amp#27;[22m&amp#27;[39m                        &amp#27;[90m# training.steps.Steps.user_verify_the_list_is_not_empty(java.lang.String)&amp#27;[39m
]]></system-out>
    <system-err><![CDATA[Starting ChromeDriver 142.0.7444.175 (302067f14a4ea3f42001580e6101fa25ed343445-refs/branch-heads/7444@{#2749}) on port 32432
Only local connections are allowed.
Please see https://chromedriver.chromium.org/security-considerations for suggestions on keeping ChromeDriver safe.
ChromeDriver was started successfully on port 32432.
Dec 06, 2025 5:46:20 PM org.openqa.selenium.remote.ProtocolHandshake createSession
INFO: Detected dialect: W3C
]]></system-err>
  </testcase>
  <testcase name="TC28 Verify Contacts My Contacts View" classname="Contacts all testcases" time="19.06">
    <system-out><![CDATA[
@Contacts
&amp#27;[1mScenario:&amp#27;[22m TC28 Verify Contacts My Contacts View                                            &amp#27;[90m# features/Contacts.feature:48&amp#27;[39m
  &amp#27;[32m✔&amp#27;[39m &amp#27;[32m&amp#27;[1mGiven &amp#27;[22mUser secure launch the application&amp#27;[39m                                               &amp#27;[90m# training.steps.Steps.user_secure_launch_the_application()&amp#27;[39m
  &amp#27;[32m✔&amp#27;[39m &amp#27;[32m&amp#27;[1mGiven &amp#27;[22mUser is on &amp#27;[1m"HomePage"&amp#27;[22m&amp#27;[39m                                                            &amp#27;[90m# training.steps.Steps.user_is_on(java.lang.String)&amp#27;[39m
  &amp#27;[32m✔&amp#27;[39m &amp#27;[32m&amp#27;[1mWhen &amp#27;[22mUser click on link &amp#27;[1m"contacts"&amp#27;[22m&amp#27;[39m                                                     &amp#27;[90m# training.steps.Steps.user_click_on_link(java.lang.String)&amp#27;[39m
  &amp#27;[32m✔&amp#27;[39m &amp#27;[32m&amp#27;[1mAnd &amp#27;[22mUser is on &amp#27;[1m"ContactsHomePage"&amp#27;[22m&amp#27;[39m                                                      &amp#27;[90m# training.steps.Steps.user_is_on(java.lang.String)&amp#27;[39m
  &amp#27;[32m✔&amp#27;[39m &amp#27;[32m&amp#27;[1mAnd &amp#27;[22mUser click on dropdown &amp#27;[1m"contactsviewdropdown"&amp#27;[22m&amp#27;[39m                                      &amp#27;[90m# training.steps.Steps.user_click_on_dropdown(java.lang.String)&amp#27;[39m
  &amp#27;[32m✔&amp#27;[39m &amp#27;[32m&amp#27;[1mAnd &amp#27;[22mUser read and select from dropdown &amp#27;[1m"contactsviewdropdown"&amp#27;[22m &amp#27;[1m"contactsview"&amp#27;[22m&amp#27;[39m           &amp#27;[90m# training.steps.Steps.user_read_and_select_from_dropdown(java.lang.String,java.lang.String)&amp#27;[39m
  &amp#27;[32m✔&amp#27;[39m &amp#27;[32m&amp#27;[1mAnd &amp#27;[22mUser is on &amp#27;[1m"ContactsViewPage"&amp#27;[22m&amp#27;[39m                                                      &amp#27;[90m# training.steps.Steps.user_is_on(java.lang.String)&amp#27;[39m
  &amp#27;[32m✔&amp#27;[39m &amp#27;[32m&amp#27;[1mThen &amp#27;[22mUser verify first selected item in dropdown &amp#27;[1m"contactsviewdropdown"&amp#27;[22m &amp#27;[1m"contactsview"&amp#27;[22m&amp#27;[39m &amp#27;[90m# training.steps.Steps.user_verify_first_selected_item_in_dropdown(java.lang.String,java.lang.String)&amp#27;[39m
  &amp#27;[32m✔&amp#27;[39m &amp#27;[32m&amp#27;[1mThen &amp#27;[22mUser read and select from dropdown &amp#27;[1m"contactsviewdropdown"&amp#27;[22m &amp#27;[1m"contactsallview"&amp#27;[22m&amp#27;[39m       &amp#27;[90m# training.steps.Steps.user_read_and_select_from_dropdown(java.lang.String,java.lang.String)&amp#27;[39m
]]></system-out>
    <system-err><![CDATA[Starting ChromeDriver 142.0.7444.175 (302067f14a4ea3f42001580e6101fa25ed343445-refs/branch-heads/7444@{#2749}) on port 36813
Only local connections are allowed.
Please see https://chromedriver.chromium.org/security-considerations for suggestions on keeping ChromeDriver safe.
ChromeDriver was started successfully on port 36813.
Dec 06, 2025 5:46:34 PM org.openqa.selenium.remote.ProtocolHandshake createSession
INFO: Detected dialect: W3C
]]></system-err>
  </testcase>
  <testcase name="TC29 View Contact details in Contact Page" classname="Contacts all testcases" time="17.722">
    <system-out><![CDATA[
@Contacts
&amp#27;[1mScenario:&amp#27;[22m TC29 View Contact details in Contact Page                                &amp#27;[90m# features/Contacts.feature:60&amp#27;[39m
  &amp#27;[32m✔&amp#27;[39m &amp#27;[32m&amp#27;[1mGiven &amp#27;[22mUser secure launch the application&amp#27;[39m                                       &amp#27;[90m# training.steps.Steps.user_secure_launch_the_application()&amp#27;[39m
  &amp#27;[32m✔&amp#27;[39m &amp#27;[32m&amp#27;[1mGiven &amp#27;[22mUser is on &amp#27;[1m"HomePage"&amp#27;[22m&amp#27;[39m                                                    &amp#27;[90m# training.steps.Steps.user_is_on(java.lang.String)&amp#27;[39m
  &amp#27;[32m✔&amp#27;[39m &amp#27;[32m&amp#27;[1mWhen &amp#27;[22mUser click on link &amp#27;[1m"contacts"&amp#27;[22m&amp#27;[39m                                             &amp#27;[90m# training.steps.Steps.user_click_on_link(java.lang.String)&amp#27;[39m
  &amp#27;[32m✔&amp#27;[39m &amp#27;[32m&amp#27;[1mAnd &amp#27;[22mUser is on &amp#27;[1m"ContactsHomePage"&amp#27;[22m&amp#27;[39m                                              &amp#27;[90m# training.steps.Steps.user_is_on(java.lang.String)&amp#27;[39m
  &amp#27;[32m✔&amp#27;[39m &amp#27;[32m&amp#27;[1mAnd &amp#27;[22mUser read and click the list item &amp#27;[1m"recentcontactslist"&amp#27;[22m &amp#27;[1m"contactnametoview"&amp#27;[22m&amp#27;[39m &amp#27;[90m# training.steps.Steps.user_read_and_click_the_list_item(java.lang.String,java.lang.String)&amp#27;[39m
  &amp#27;[32m✔&amp#27;[39m &amp#27;[32m&amp#27;[1mAnd &amp#27;[22mUser is on &amp#27;[1m"ContactsDetailsPage"&amp#27;[22m&amp#27;[39m                                           &amp#27;[90m# training.steps.Steps.user_is_on(java.lang.String)&amp#27;[39m
  &amp#27;[32m✔&amp#27;[39m &amp#27;[32m&amp#27;[1mThen &amp#27;[22mUser verify the data &amp#27;[1m"pagedescription"&amp#27;[22m &amp#27;[1m"contactnametoview"&amp#27;[22m&amp#27;[39m                &amp#27;[90m# training.steps.Steps.user_verify_the_data(java.lang.String,java.lang.String)&amp#27;[39m
  &amp#27;[32m✔&amp#27;[39m &amp#27;[32m&amp#27;[1mAnd &amp#27;[22mUser verify the data &amp#27;[1m"updatedcontactname"&amp#27;[22m &amp#27;[1m"contactnametoview"&amp#27;[22m&amp#27;[39m              &amp#27;[90m# training.steps.Steps.user_verify_the_data(java.lang.String,java.lang.String)&amp#27;[39m
]]></system-out>
    <system-err><![CDATA[Starting ChromeDriver 142.0.7444.175 (302067f14a4ea3f42001580e6101fa25ed343445-refs/branch-heads/7444@{#2749}) on port 36684
Only local connections are allowed.
Please see https://chromedriver.chromium.org/security-considerations for suggestions on keeping ChromeDriver safe.
ChromeDriver was started successfully on port 36684.
Dec 06, 2025 5:46:53 PM org.openqa.selenium.remote.ProtocolHandshake createSession
INFO: Detected dialect: W3C
]]></system-err>
  </testcase>
  <testcase name="TC30 Create New Contact View Error" classname="Contacts all testcases" time="20.257">
    <system-out><![CDATA[
@Contacts
&amp#27;[1mScenario:&amp#27;[22m TC30 Create New Contact View Error                             &amp#27;[90m# features/Contacts.feature:70&amp#27;[39m
  &amp#27;[32m✔&amp#27;[39m &amp#27;[32m&amp#27;[1mGiven &amp#27;[22mUser secure launch the application&amp#27;[39m                             &amp#27;[90m# training.steps.Steps.user_secure_launch_the_application()&amp#27;[39m
  &amp#27;[32m✔&amp#27;[39m &amp#27;[32m&amp#27;[1mGiven &amp#27;[22mUser is on &amp#27;[1m"HomePage"&amp#27;[22m&amp#27;[39m                                          &amp#27;[90m# training.steps.Steps.user_is_on(java.lang.String)&amp#27;[39m
  &amp#27;[32m✔&amp#27;[39m &amp#27;[32m&amp#27;[1mWhen &amp#27;[22mUser click on link &amp#27;[1m"contacts"&amp#27;[22m&amp#27;[39m                                   &amp#27;[90m# training.steps.Steps.user_click_on_link(java.lang.String)&amp#27;[39m
  &amp#27;[32m✔&amp#27;[39m &amp#27;[32m&amp#27;[1mAnd &amp#27;[22mUser is on &amp#27;[1m"ContactsHomePage"&amp#27;[22m&amp#27;[39m                                    &amp#27;[90m# training.steps.Steps.user_is_on(java.lang.String)&amp#27;[39m
  &amp#27;[32m✔&amp#27;[39m &amp#27;[32m&amp#27;[1mAnd &amp#27;[22mUser click on button &amp#27;[1m"createnewview"&amp#27;[22m&amp#27;[39m                             &amp#27;[90m# training.steps.Steps.user_click_on_button(java.lang.String)&amp#27;[39m
  &amp#27;[32m✔&amp#27;[39m &amp#27;[32m&amp#27;[1mAnd &amp#27;[22mUser is on &amp#27;[1m"ContactsCreateViewPage"&amp#27;[22m&amp#27;[39m                              &amp#27;[90m# training.steps.Steps.user_is_on(java.lang.String)&amp#27;[39m
  &amp#27;[32m✔&amp#27;[39m &amp#27;[32m&amp#27;[1mThen &amp#27;[22mUser verify the text &amp#27;[1m"pagedescription"&amp#27;[22m &amp#27;[1m"Create New View"&amp#27;[22m&amp#27;[39m        &amp#27;[90m# training.steps.Steps.user_verify_the_text(java.lang.String,java.lang.String)&amp#27;[39m
  &amp#27;[32m✔&amp#27;[39m &amp#27;[32m&amp#27;[1mWhen &amp#27;[22mUser read and enter into textbox &amp#27;[1m"contactsviewuniqname"&amp#27;[22m&amp#27;[39m         &amp#27;[90m# training.steps.Steps.user_read_and_enter_into_textbox(java.lang.String)&amp#27;[39m
  &amp#27;[32m✔&amp#27;[39m &amp#27;[32m&amp#27;[1mAnd &amp#27;[22mUser click on button &amp#27;[1m"save"&amp#27;[22m&amp#27;[39m                                      &amp#27;[90m# training.steps.Steps.user_click_on_button(java.lang.String)&amp#27;[39m
  &amp#27;[32m✔&amp#27;[39m &amp#27;[32m&amp#27;[1mThen &amp#27;[22mUser verify the text &amp#27;[1m"errormsg"&amp#27;[22m &amp#27;[1m"Error: You must enter a value"&amp#27;[22m&amp#27;[39m &amp#27;[90m# training.steps.Steps.user_verify_the_text(java.lang.String,java.lang.String)&amp#27;[39m
]]></system-out>
    <system-err><![CDATA[Starting ChromeDriver 142.0.7444.175 (302067f14a4ea3f42001580e6101fa25ed343445-refs/branch-heads/7444@{#2749}) on port 17172
Only local connections are allowed.
Please see https://chromedriver.chromium.org/security-considerations for suggestions on keeping ChromeDriver safe.
ChromeDriver was started successfully on port 17172.
Dec 06, 2025 5:47:10 PM org.openqa.selenium.remote.ProtocolHandshake createSession
INFO: Detected dialect: W3C
]]></system-err>
  </testcase>
  <testcase name="TC31 Cancel New Contact View" classname="Contacts all testcases" time="18.13">
    <system-out><![CDATA[
@Contacts
&amp#27;[1mScenario:&amp#27;[22m TC31 Cancel New Contact View                                         &amp#27;[90m# features/Contacts.feature:82&amp#27;[39m
  &amp#27;[32m✔&amp#27;[39m &amp#27;[32m&amp#27;[1mGiven &amp#27;[22mUser secure launch the application&amp#27;[39m                                   &amp#27;[90m# training.steps.Steps.user_secure_launch_the_application()&amp#27;[39m
  &amp#27;[32m✔&amp#27;[39m &amp#27;[32m&amp#27;[1mGiven &amp#27;[22mUser is on &amp#27;[1m"HomePage"&amp#27;[22m&amp#27;[39m                                                &amp#27;[90m# training.steps.Steps.user_is_on(java.lang.String)&amp#27;[39m
  &amp#27;[32m✔&amp#27;[39m &amp#27;[32m&amp#27;[1mWhen &amp#27;[22mUser click on link &amp#27;[1m"contacts"&amp#27;[22m&amp#27;[39m                                         &amp#27;[90m# training.steps.Steps.user_click_on_link(java.lang.String)&amp#27;[39m
  &amp#27;[32m✔&amp#27;[39m &amp#27;[32m&amp#27;[1mAnd &amp#27;[22mUser is on &amp#27;[1m"ContactsHomePage"&amp#27;[22m&amp#27;[39m                                          &amp#27;[90m# training.steps.Steps.user_is_on(java.lang.String)&amp#27;[39m
  &amp#27;[32m✔&amp#27;[39m &amp#27;[32m&amp#27;[1mAnd &amp#27;[22mUser click on button &amp#27;[1m"createnewview"&amp#27;[22m&amp#27;[39m                                   &amp#27;[90m# training.steps.Steps.user_click_on_button(java.lang.String)&amp#27;[39m
  &amp#27;[32m✔&amp#27;[39m &amp#27;[32m&amp#27;[1mAnd &amp#27;[22mUser is on &amp#27;[1m"ContactsCreateViewPage"&amp#27;[22m&amp#27;[39m                                    &amp#27;[90m# training.steps.Steps.user_is_on(java.lang.String)&amp#27;[39m
  &amp#27;[32m✔&amp#27;[39m &amp#27;[32m&amp#27;[1mThen &amp#27;[22mUser verify the text &amp#27;[1m"pagedescription"&amp#27;[22m &amp#27;[1m"Create New View"&amp#27;[22m&amp#27;[39m              &amp#27;[90m# training.steps.Steps.user_verify_the_text(java.lang.String,java.lang.String)&amp#27;[39m
  &amp#27;[32m✔&amp#27;[39m &amp#27;[32m&amp#27;[1mWhen &amp#27;[22mUser enter into textbox &amp#27;[1m"contactsviewname"&amp#27;[22m &amp#27;[1m"ABCD"&amp#27;[22m&amp#27;[39m                     &amp#27;[90m# training.steps.Steps.user_enter_into_textbox(java.lang.String,java.lang.String)&amp#27;[39m
  &amp#27;[32m✔&amp#27;[39m &amp#27;[32m&amp#27;[1mAnd &amp#27;[22mUser clear the textbox &amp#27;[1m"contactsviewuniqname"&amp#27;[22m&amp#27;[39m                          &amp#27;[90m# training.steps.Steps.user_clear_the_textbox(java.lang.String)&amp#27;[39m
  &amp#27;[32m✔&amp#27;[39m &amp#27;[32m&amp#27;[1mAnd &amp#27;[22mUser enter into textbox &amp#27;[1m"contactsviewuniqname"&amp#27;[22m &amp#27;[1m"EFGH"&amp#27;[22m&amp#27;[39m                  &amp#27;[90m# training.steps.Steps.user_enter_into_textbox(java.lang.String,java.lang.String)&amp#27;[39m
  &amp#27;[32m✔&amp#27;[39m &amp#27;[32m&amp#27;[1mAnd &amp#27;[22mUser click on button &amp#27;[1m"cancel"&amp#27;[22m&amp#27;[39m                                          &amp#27;[90m# training.steps.Steps.user_click_on_button(java.lang.String)&amp#27;[39m
  &amp#27;[32m✔&amp#27;[39m &amp#27;[32m&amp#27;[1mAnd &amp#27;[22mUser is on &amp#27;[1m"ContactsHomePage"&amp#27;[22m&amp#27;[39m                                          &amp#27;[90m# training.steps.Steps.user_is_on(java.lang.String)&amp#27;[39m
  &amp#27;[32m✔&amp#27;[39m &amp#27;[32m&amp#27;[1mThen &amp#27;[22mUser verify the text &amp#27;[1m"pagetype"&amp#27;[22m &amp#27;[1m"Contacts"&amp#27;[22m&amp#27;[39m                            &amp#27;[90m# training.steps.Steps.user_verify_the_text(java.lang.String,java.lang.String)&amp#27;[39m
  &amp#27;[32m✔&amp#27;[39m &amp#27;[32m&amp#27;[1mThen &amp#27;[22mUser verify the item is not in dropdown &amp#27;[1m"contactsviewdropdown"&amp#27;[22m &amp#27;[1m"ABCD"&amp#27;[22m&amp#27;[39m &amp#27;[90m# training.steps.Steps.user_verify_the_item_is_not_in_dropdown(java.lang.String,java.lang.String)&amp#27;[39m
]]></system-out>
    <system-err><![CDATA[Starting ChromeDriver 142.0.7444.175 (302067f14a4ea3f42001580e6101fa25ed343445-refs/branch-heads/7444@{#2749}) on port 16205
Only local connections are allowed.
Please see https://chromedriver.chromium.org/security-considerations for suggestions on keeping ChromeDriver safe.
ChromeDriver was started successfully on port 16205.
Dec 06, 2025 5:47:31 PM org.openqa.selenium.remote.ProtocolHandshake createSession
INFO: Detected dialect: W3C
]]></system-err>
  </testcase>
  <testcase name="TC32 Create New Contact With New Account Name" classname="Contacts all testcases" time="26.554">
    <error message="Expected condition failed: waiting for visibility of element located by By.id: con2_ileinner (tried for 10 second(s) with 500 milliseconds interval)" type="org.openqa.selenium.TimeoutException"><![CDATA[org.openqa.selenium.TimeoutException: Expected condition failed: waiting for visibility of element located by By.id: con2_ileinner (tried for 10 second(s) with 500 milliseconds interval)
	at org.openqa.selenium.support.ui.WebDriverWait.timeoutException(WebDriverWait.java:95)
	at org.openqa.selenium.support.ui.FluentWait.until(FluentWait.java:272)
	at training.base.BasePage.waitForElementToLocate(BasePage.java:56)
	at training.base.BasePage.verifyText(BasePage.java:195)
	at training.steps.Steps.user_verify_the_text(Steps.java:146)
	at ✽.User verify the text "updatedcontactname" "Indian"(file:///Users/anshu/Workspace/SalesForceCucumber/features/Contacts.feature:111)
Caused by: org.openqa.selenium.NoSuchElementException: no such element: Unable to locate element: {"method":"css selector","selector":"#con2_ileinner"}
  (Session info: chrome=142.0.7444.177)
For documentation on this error, please visit: https://www.seleniumhq.org/exceptions/no_such_element.html
Build info: version: '3.141.59', revision: 'e82be7d358', time: '2018-11-14T08:17:03'
System info: host: 'MacBook-Air.local', ip: 'fe80:0:0:0:1066:b8a3:680e:55d3%en0', os.name: 'Mac OS X', os.arch: 'x86_64', os.version: '26.0.1', java.version: '21.0.8'
Driver info: org.openqa.selenium.chrome.ChromeDriver
Capabilities {acceptInsecureCerts: false, browserName: chrome, browserVersion: 142.0.7444.177, chrome: {chromedriverVersion: 142.0.7444.175 (302067f14a4..., userDataDir: /var/folders/29/hjrpy44j56b...}, fedcm:accounts: true, goog:chromeOptions: {debuggerAddress: localhost:61125}, goog:processID: 47894, javascriptEnabled: true, networkConnectionEnabled: false, pageLoadStrategy: normal, platform: MAC, platformName: MAC, proxy: Proxy(), setWindowRect: true, strictFileInteractability: false, timeouts: {implicit: 0, pageLoad: 300000, script: 30000}, unhandledPromptBehavior: dismiss and notify, webauthn:extension:credBlob: true, webauthn:extension:largeBlob: true, webauthn:extension:minPinLength: true, webauthn:extension:prf: true, webauthn:virtualAuthenticators: true}
Session ID: 923d5f3216fa1e35b363ed557e8b1884
*** Element info: {Using=id, value=con2_ileinner}
	at java.base/jdk.internal.reflect.DirectConstructorHandleAccessor.newInstance(DirectConstructorHandleAccessor.java:62)
	at java.base/java.lang.reflect.Constructor.newInstanceWithCaller(Constructor.java:502)
	at java.base/java.lang.reflect.Constructor.newInstance(Constructor.java:486)
	at org.openqa.selenium.remote.http.W3CHttpResponseCodec.createException(W3CHttpResponseCodec.java:187)
	at org.openqa.selenium.remote.http.W3CHttpResponseCodec.decode(W3CHttpResponseCodec.java:122)
	at org.openqa.selenium.remote.http.W3CHttpResponseCodec.decode(W3CHttpResponseCodec.java:49)
	at org.openqa.selenium.remote.HttpCommandExecutor.execute(HttpCommandExecutor.java:158)
	at org.openqa.selenium.remote.service.DriverCommandExecutor.execute(DriverCommandExecutor.java:83)
	at org.openqa.selenium.remote.RemoteWebDriver.execute(RemoteWebDriver.java:552)
	at org.openqa.selenium.remote.RemoteWebDriver.findElement(RemoteWebDriver.java:323)
	at org.openqa.selenium.remote.RemoteWebDriver.findElementById(RemoteWebDriver.java:372)
	at org.openqa.selenium.By$ById.findElement(By.java:188)
	at org.openqa.selenium.remote.RemoteWebDriver.findElement(RemoteWebDriver.java:315)
	at org.openqa.selenium.support.ui.ExpectedConditions$7.apply(ExpectedConditions.java:205)
	at org.openqa.selenium.support.ui.ExpectedConditions$7.apply(ExpectedConditions.java:201)
	at org.openqa.selenium.support.ui.FluentWait.until(FluentWait.java:249)
	... 4 more
]]></error>
    <system-out><![CDATA[
@Contacts
&amp#27;[1mScenario:&amp#27;[22m TC32 Create New Contact With New Account Name       &amp#27;[90m# features/Contacts.feature:99&amp#27;[39m
  &amp#27;[32m✔&amp#27;[39m &amp#27;[32m&amp#27;[1mGiven &amp#27;[22mUser secure launch the application&amp#27;[39m                  &amp#27;[90m# training.steps.Steps.user_secure_launch_the_application()&amp#27;[39m
  &amp#27;[32m✔&amp#27;[39m &amp#27;[32m&amp#27;[1mGiven &amp#27;[22mUser is on &amp#27;[1m"HomePage"&amp#27;[22m&amp#27;[39m                               &amp#27;[90m# training.steps.Steps.user_is_on(java.lang.String)&amp#27;[39m
  &amp#27;[32m✔&amp#27;[39m &amp#27;[32m&amp#27;[1mWhen &amp#27;[22mUser click on link &amp#27;[1m"contacts"&amp#27;[22m&amp#27;[39m                        &amp#27;[90m# training.steps.Steps.user_click_on_link(java.lang.String)&amp#27;[39m
  &amp#27;[32m✔&amp#27;[39m &amp#27;[32m&amp#27;[1mAnd &amp#27;[22mUser is on &amp#27;[1m"ContactsHomePage"&amp#27;[22m&amp#27;[39m                         &amp#27;[90m# training.steps.Steps.user_is_on(java.lang.String)&amp#27;[39m
  &amp#27;[32m✔&amp#27;[39m &amp#27;[32m&amp#27;[1mWhen &amp#27;[22mUser click on button &amp#27;[1m"new"&amp#27;[22m&amp#27;[39m                           &amp#27;[90m# training.steps.Steps.user_click_on_button(java.lang.String)&amp#27;[39m
  &amp#27;[32m✔&amp#27;[39m &amp#27;[32m&amp#27;[1mAnd &amp#27;[22mUser is on &amp#27;[1m"ContactsEditPage"&amp#27;[22m&amp#27;[39m                         &amp#27;[90m# training.steps.Steps.user_is_on(java.lang.String)&amp#27;[39m
  &amp#27;[32m✔&amp#27;[39m &amp#27;[32m&amp#27;[1mThen &amp#27;[22mUser verify the text &amp#27;[1m"pagedescription"&amp#27;[22m &amp#27;[1m"New Contact"&amp#27;[22m&amp#27;[39m &amp#27;[90m# training.steps.Steps.user_verify_the_text(java.lang.String,java.lang.String)&amp#27;[39m
  &amp#27;[32m✔&amp#27;[39m &amp#27;[32m&amp#27;[1mWhen &amp#27;[22mUser enter into textbox &amp#27;[1m"contactlastname"&amp#27;[22m &amp#27;[1m"Indian"&amp#27;[22m&amp#27;[39m   &amp#27;[90m# training.steps.Steps.user_enter_into_textbox(java.lang.String,java.lang.String)&amp#27;[39m
  &amp#27;[32m✔&amp#27;[39m &amp#27;[32m&amp#27;[1mWhen &amp#27;[22mUser enter into textbox &amp#27;[1m"contactaccname"&amp#27;[22m &amp#27;[1m"Global"&amp#27;[22m&amp#27;[39m    &amp#27;[90m# training.steps.Steps.user_enter_into_textbox(java.lang.String,java.lang.String)&amp#27;[39m
  &amp#27;[32m✔&amp#27;[39m &amp#27;[32m&amp#27;[1mAnd &amp#27;[22mUser click on button &amp#27;[1m"save"&amp#27;[22m&amp#27;[39m                           &amp#27;[90m# training.steps.Steps.user_click_on_button(java.lang.String)&amp#27;[39m
  &amp#27;[32m✔&amp#27;[39m &amp#27;[32m&amp#27;[1mAnd &amp#27;[22mUser is on &amp#27;[1m"ContactsDetailsPage"&amp#27;[22m&amp#27;[39m                      &amp#27;[90m# training.steps.Steps.user_is_on(java.lang.String)&amp#27;[39m
  &amp#27;[31m✘&amp#27;[39m &amp#27;[31m&amp#27;[1mThen &amp#27;[22mUser verify the text &amp#27;[1m"updatedcontactname"&amp#27;[22m &amp#27;[1m"Indian"&amp#27;[22m&amp#27;[39m   &amp#27;[90m# training.steps.Steps.user_verify_the_text(java.lang.String,java.lang.String)&amp#27;[39m
        &amp#27;[31morg.openqa.selenium.TimeoutException: Expected condition failed: waiting for visibility of element located by By.id: con2_ileinner (tried for 10 second(s) with 500 milliseconds interval)&amp#27;[39m
        &amp#27;[31m	at org.openqa.selenium.support.ui.WebDriverWait.timeoutException(WebDriverWait.java:95)&amp#27;[39m
        &amp#27;[31m	at org.openqa.selenium.support.ui.FluentWait.until(FluentWait.java:272)&amp#27;[39m
        &amp#27;[31m	at training.base.BasePage.waitForElementToLocate(BasePage.java:56)&amp#27;[39m
        &amp#27;[31m	at training.base.BasePage.verifyText(BasePage.java:195)&amp#27;[39m
        &amp#27;[31m	at training.steps.Steps.user_verify_the_text(Steps.java:146)&amp#27;[39m
        &amp#27;[31m	at ✽.User verify the text "updatedcontactname" "Indian"(file:///Users/anshu/Workspace/SalesForceCucumber/features/Contacts.feature:111)&amp#27;[39m
        &amp#27;[31mCaused by: org.openqa.selenium.NoSuchElementException: no such element: Unable to locate element: {"method":"css selector","selector":"#con2_ileinner"}&amp#27;[39m
        &amp#27;[31m  (Session info: chrome=142.0.7444.177)&amp#27;[39m
        &amp#27;[31mFor documentation on this error, please visit: https://www.seleniumhq.org/exceptions/no_such_element.html&amp#27;[39m
        &amp#27;[31mBuild info: version: '3.141.59', revision: 'e82be7d358', time: '2018-11-14T08:17:03'&amp#27;[39m
        &amp#27;[31mSystem info: host: 'MacBook-Air.local', ip: 'fe80:0:0:0:1066:b8a3:680e:55d3%en0', os.name: 'Mac OS X', os.arch: 'x86_64', os.version: '26.0.1', java.version: '21.0.8'&amp#27;[39m
        &amp#27;[31mDriver info: org.openqa.selenium.chrome.ChromeDriver&amp#27;[39m
        &amp#27;[31mCapabilities {acceptInsecureCerts: false, browserName: chrome, browserVersion: 142.0.7444.177, chrome: {chromedriverVersion: 142.0.7444.175 (302067f14a4..., userDataDir: /var/folders/29/hjrpy44j56b...}, fedcm:accounts: true, goog:chromeOptions: {debuggerAddress: localhost:61125}, goog:processID: 47894, javascriptEnabled: true, networkConnectionEnabled: false, pageLoadStrategy: normal, platform: MAC, platformName: MAC, proxy: Proxy(), setWindowRect: true, strictFileInteractability: false, timeouts: {implicit: 0, pageLoad: 300000, script: 30000}, unhandledPromptBehavior: dismiss and notify, webauthn:extension:credBlob: true, webauthn:extension:largeBlob: true, webauthn:extension:minPinLength: true, webauthn:extension:prf: true, webauthn:virtualAuthenticators: true}&amp#27;[39m
        &amp#27;[31mSession ID: 923d5f3216fa1e35b363ed557e8b1884&amp#27;[39m
        &amp#27;[31m*** Element info: {Using=id, value=con2_ileinner}&amp#27;[39m
        &amp#27;[31m	at java.base/jdk.internal.reflect.DirectConstructorHandleAccessor.newInstance(DirectConstructorHandleAccessor.java:62)&amp#27;[39m
        &amp#27;[31m	at java.base/java.lang.reflect.Constructor.newInstanceWithCaller(Constructor.java:502)&amp#27;[39m
        &amp#27;[31m	at java.base/java.lang.reflect.Constructor.newInstance(Constructor.java:486)&amp#27;[39m
        &amp#27;[31m	at org.openqa.selenium.remote.http.W3CHttpResponseCodec.createException(W3CHttpResponseCodec.java:187)&amp#27;[39m
        &amp#27;[31m	at org.openqa.selenium.remote.http.W3CHttpResponseCodec.decode(W3CHttpResponseCodec.java:122)&amp#27;[39m
        &amp#27;[31m	at org.openqa.selenium.remote.http.W3CHttpResponseCodec.decode(W3CHttpResponseCodec.java:49)&amp#27;[39m
        &amp#27;[31m	at org.openqa.selenium.remote.HttpCommandExecutor.execute(HttpCommandExecutor.java:158)&amp#27;[39m
        &amp#27;[31m	at org.openqa.selenium.remote.service.DriverCommandExecutor.execute(DriverCommandExecutor.java:83)&amp#27;[39m
        &amp#27;[31m	at org.openqa.selenium.remote.RemoteWebDriver.execute(RemoteWebDriver.java:552)&amp#27;[39m
        &amp#27;[31m	at org.openqa.selenium.remote.RemoteWebDriver.findElement(RemoteWebDriver.java:323)&amp#27;[39m
        &amp#27;[31m	at org.openqa.selenium.remote.RemoteWebDriver.findElementById(RemoteWebDriver.java:372)&amp#27;[39m
        &amp#27;[31m	at org.openqa.selenium.By$ById.findElement(By.java:188)&amp#27;[39m
        &amp#27;[31m	at org.openqa.selenium.remote.RemoteWebDriver.findElement(RemoteWebDriver.java:315)&amp#27;[39m
        &amp#27;[31m	at org.openqa.selenium.support.ui.ExpectedConditions$7.apply(ExpectedConditions.java:205)&amp#27;[39m
        &amp#27;[31m	at org.openqa.selenium.support.ui.ExpectedConditions$7.apply(ExpectedConditions.java:201)&amp#27;[39m
        &amp#27;[31m	at org.openqa.selenium.support.ui.FluentWait.until(FluentWait.java:249)&amp#27;[39m
        &amp#27;[31m	... 4 more&amp#27;[39m
  &amp#27;[36m↷&amp#27;[39m &amp#27;[36m&amp#27;[1mAnd &amp#27;[22mUser verify the text &amp#27;[1m"updatedcontactaccname"&amp#27;[22m &amp#27;[1m"Global"&amp#27;[22m&amp#27;[39m &amp#27;[90m# training.steps.Steps.user_verify_the_text(java.lang.String,java.lang.String)&amp#27;[39m
]]></system-out>
    <system-err><![CDATA[Starting ChromeDriver 142.0.7444.175 (302067f14a4ea3f42001580e6101fa25ed343445-refs/branch-heads/7444@{#2749}) on port 1766
Only local connections are allowed.
Please see https://chromedriver.chromium.org/security-considerations for suggestions on keeping ChromeDriver safe.
ChromeDriver was started successfully on port 1766.
Dec 06, 2025 5:47:49 PM org.openqa.selenium.remote.ProtocolHandshake createSession
INFO: Detected dialect: W3C
]]></system-err>
  </testcase>
  <testcase name="TC20 Verify leads Tab" classname="Leads all testcases" time="14.817">
    <system-out><![CDATA[
@Smoke @Leads
&amp#27;[1mScenario:&amp#27;[22m TC20 Verify leads Tab                  &amp#27;[90m# features/Leads.feature:8&amp#27;[39m
  &amp#27;[32m✔&amp#27;[39m &amp#27;[32m&amp#27;[1mGiven &amp#27;[22mUser secure launch the application&amp#27;[39m     &amp#27;[90m# training.steps.Steps.user_secure_launch_the_application()&amp#27;[39m
  &amp#27;[32m✔&amp#27;[39m &amp#27;[32m&amp#27;[1mGiven &amp#27;[22mUser is on &amp#27;[1m"HomePage"&amp#27;[22m&amp#27;[39m                  &amp#27;[90m# training.steps.Steps.user_is_on(java.lang.String)&amp#27;[39m
  &amp#27;[32m✔&amp#27;[39m &amp#27;[32m&amp#27;[1mWhen &amp#27;[22mUser click on link &amp#27;[1m"leads"&amp#27;[22m&amp#27;[39m              &amp#27;[90m# training.steps.Steps.user_click_on_link(java.lang.String)&amp#27;[39m
  &amp#27;[32m✔&amp#27;[39m &amp#27;[32m&amp#27;[1mAnd &amp#27;[22mUser is on &amp#27;[1m"LeadsHomePage"&amp#27;[22m&amp#27;[39m               &amp#27;[90m# training.steps.Steps.user_is_on(java.lang.String)&amp#27;[39m
  &amp#27;[32m✔&amp#27;[39m &amp#27;[32m&amp#27;[1mThen &amp#27;[22mUser verify the text &amp#27;[1m"pagetype"&amp#27;[22m &amp#27;[1m"Leads"&amp#27;[22m&amp#27;[39m &amp#27;[90m# training.steps.Steps.user_verify_the_text(java.lang.String,java.lang.String)&amp#27;[39m
]]></system-out>
    <system-err><![CDATA[Starting ChromeDriver 142.0.7444.175 (302067f14a4ea3f42001580e6101fa25ed343445-refs/branch-heads/7444@{#2749}) on port 17108
Only local connections are allowed.
Please see https://chromedriver.chromium.org/security-considerations for suggestions on keeping ChromeDriver safe.
ChromeDriver was started successfully on port 17108.
Dec 06, 2025 5:48:15 PM org.openqa.selenium.remote.ProtocolHandshake createSession
INFO: Detected dialect: W3C
]]></system-err>
  </testcase>
  <testcase name="TC21 Verify leads View DropDown" classname="Leads all testcases" time="13.086">
    <system-out><![CDATA[
@Leads
&amp#27;[1mScenario:&amp#27;[22m TC21 Verify leads View DropDown                            &amp#27;[90m# features/Leads.feature:16&amp#27;[39m
  &amp#27;[32m✔&amp#27;[39m &amp#27;[32m&amp#27;[1mGiven &amp#27;[22mUser secure launch the application&amp#27;[39m                         &amp#27;[90m# training.steps.Steps.user_secure_launch_the_application()&amp#27;[39m
  &amp#27;[32m✔&amp#27;[39m &amp#27;[32m&amp#27;[1mGiven &amp#27;[22mUser is on &amp#27;[1m"HomePage"&amp#27;[22m&amp#27;[39m                                      &amp#27;[90m# training.steps.Steps.user_is_on(java.lang.String)&amp#27;[39m
  &amp#27;[32m✔&amp#27;[39m &amp#27;[32m&amp#27;[1mWhen &amp#27;[22mUser click on link &amp#27;[1m"leads"&amp#27;[22m&amp#27;[39m                                  &amp#27;[90m# training.steps.Steps.user_click_on_link(java.lang.String)&amp#27;[39m
  &amp#27;[32m✔&amp#27;[39m &amp#27;[32m&amp#27;[1mAnd &amp#27;[22mUser is on &amp#27;[1m"LeadsHomePage"&amp#27;[22m&amp#27;[39m                                   &amp#27;[90m# training.steps.Steps.user_is_on(java.lang.String)&amp#27;[39m
  &amp#27;[32m✔&amp#27;[39m &amp#27;[32m&amp#27;[1mThen &amp#27;[22mUser verify following items in dropdown &amp#27;[1m"leadsviewdropdown"&amp#27;[22m&amp#27;[39m &amp#27;[90m# training.steps.Steps.user_verify_following_items_in_dropdown(java.lang.String,io.cucumber.datatable.DataTable)&amp#27;[39m
      | All Open Leads        |
      | My Unread Leads       |
      | Recently Viewed Leads |
      | Today's Leads         |
      | View - Custom 1       |
      | View - Custom 2       |
]]></system-out>
    <system-err><![CDATA[Starting ChromeDriver 142.0.7444.175 (302067f14a4ea3f42001580e6101fa25ed343445-refs/branch-heads/7444@{#2749}) on port 14863
Only local connections are allowed.
Please see https://chromedriver.chromium.org/security-considerations for suggestions on keeping ChromeDriver safe.
ChromeDriver was started successfully on port 14863.
Dec 06, 2025 5:48:30 PM org.openqa.selenium.remote.ProtocolHandshake createSession
INFO: Detected dialect: W3C
]]></system-err>
  </testcase>
  <testcase name="TC22 Verify leads Default View" classname="Leads all testcases" time="28.994">
    <system-out><![CDATA[
@Leads
&amp#27;[1mScenario:&amp#27;[22m TC22 Verify leads Default View                                                       &amp#27;[90m# features/Leads.feature:30&amp#27;[39m
  &amp#27;[32m✔&amp#27;[39m &amp#27;[32m&amp#27;[1mGiven &amp#27;[22mUser secure launch the application&amp#27;[39m                                                   &amp#27;[90m# training.steps.Steps.user_secure_launch_the_application()&amp#27;[39m
  &amp#27;[32m✔&amp#27;[39m &amp#27;[32m&amp#27;[1mGiven &amp#27;[22mUser is on &amp#27;[1m"HomePage"&amp#27;[22m&amp#27;[39m                                                                &amp#27;[90m# training.steps.Steps.user_is_on(java.lang.String)&amp#27;[39m
  &amp#27;[32m✔&amp#27;[39m &amp#27;[32m&amp#27;[1mWhen &amp#27;[22mUser click on link &amp#27;[1m"leads"&amp#27;[22m&amp#27;[39m                                                            &amp#27;[90m# training.steps.Steps.user_click_on_link(java.lang.String)&amp#27;[39m
  &amp#27;[32m✔&amp#27;[39m &amp#27;[32m&amp#27;[1mAnd &amp#27;[22mUser is on &amp#27;[1m"LeadsHomePage"&amp#27;[22m&amp#27;[39m                                                             &amp#27;[90m# training.steps.Steps.user_is_on(java.lang.String)&amp#27;[39m
  &amp#27;[32m✔&amp#27;[39m &amp#27;[32m&amp#27;[1mAnd &amp#27;[22mUser click on dropdown &amp#27;[1m"leadsviewdropdown"&amp#27;[22m&amp#27;[39m                                             &amp#27;[90m# training.steps.Steps.user_click_on_dropdown(java.lang.String)&amp#27;[39m
  &amp#27;[32m✔&amp#27;[39m &amp#27;[32m&amp#27;[1mAnd &amp#27;[22mUser read and select from dropdown &amp#27;[1m"leadsviewdropdown"&amp#27;[22m &amp#27;[1m"leadsnewdefaultview"&amp#27;[22m&amp#27;[39m           &amp#27;[90m# training.steps.Steps.user_read_and_select_from_dropdown(java.lang.String,java.lang.String)&amp#27;[39m
  &amp#27;[32m✔&amp#27;[39m &amp#27;[32m&amp#27;[1mAnd &amp#27;[22mUser is on &amp#27;[1m"HomePage"&amp#27;[22m&amp#27;[39m                                                                  &amp#27;[90m# training.steps.Steps.user_is_on(java.lang.String)&amp#27;[39m
  &amp#27;[32m✔&amp#27;[39m &amp#27;[32m&amp#27;[1mAnd &amp#27;[22mUser click on dropdown &amp#27;[1m"usermenu"&amp#27;[22m&amp#27;[39m                                                      &amp#27;[90m# training.steps.Steps.user_click_on_dropdown(java.lang.String)&amp#27;[39m
  &amp#27;[32m✔&amp#27;[39m &amp#27;[32m&amp#27;[1mAnd &amp#27;[22mUser click on link &amp#27;[1m"logout"&amp#27;[22m&amp#27;[39m                                                            &amp#27;[90m# training.steps.Steps.user_click_on_link(java.lang.String)&amp#27;[39m
  &amp#27;[32m✔&amp#27;[39m &amp#27;[32m&amp#27;[1mWhen &amp#27;[22mUser is on &amp#27;[1m"LoginPage"&amp#27;[22m&amp#27;[39m                                                                &amp#27;[90m# training.steps.Steps.user_is_on(java.lang.String)&amp#27;[39m
  &amp#27;[32m✔&amp#27;[39m &amp#27;[32m&amp#27;[1mAnd &amp#27;[22mUser read and enter into textbox &amp#27;[1m"username"&amp#27;[22m&amp#27;[39m                                            &amp#27;[90m# training.steps.Steps.user_read_and_enter_into_textbox(java.lang.String)&amp#27;[39m
  &amp#27;[32m✔&amp#27;[39m &amp#27;[32m&amp#27;[1mAnd &amp#27;[22mUser read and enter into textbox &amp#27;[1m"password"&amp#27;[22m&amp#27;[39m                                            &amp#27;[90m# training.steps.Steps.user_read_and_enter_into_textbox(java.lang.String)&amp#27;[39m
  &amp#27;[32m✔&amp#27;[39m &amp#27;[32m&amp#27;[1mAnd &amp#27;[22mUser click on button &amp#27;[1m"login"&amp#27;[22m&amp#27;[39m                                                           &amp#27;[90m# training.steps.Steps.user_click_on_button(java.lang.String)&amp#27;[39m
  &amp#27;[32m✔&amp#27;[39m &amp#27;[32m&amp#27;[1mWhen &amp#27;[22mUser is on &amp#27;[1m"HomePage"&amp#27;[22m&amp#27;[39m                                                                 &amp#27;[90m# training.steps.Steps.user_is_on(java.lang.String)&amp#27;[39m
  &amp#27;[32m✔&amp#27;[39m &amp#27;[32m&amp#27;[1mAnd &amp#27;[22mUser click on link &amp#27;[1m"leads"&amp#27;[22m&amp#27;[39m                                                             &amp#27;[90m# training.steps.Steps.user_click_on_link(java.lang.String)&amp#27;[39m
  &amp#27;[32m✔&amp#27;[39m &amp#27;[32m&amp#27;[1mAnd &amp#27;[22mUser is on &amp#27;[1m"LeadsHomePage"&amp#27;[22m&amp#27;[39m                                                             &amp#27;[90m# training.steps.Steps.user_is_on(java.lang.String)&amp#27;[39m
  &amp#27;[32m✔&amp#27;[39m &amp#27;[32m&amp#27;[1mThen &amp#27;[22mUser verify first selected item in dropdown &amp#27;[1m"leadsviewdropdown"&amp#27;[22m &amp#27;[1m"leadsnewdefaultview"&amp#27;[22m&amp#27;[39m &amp#27;[90m# training.steps.Steps.user_verify_first_selected_item_in_dropdown(java.lang.String,java.lang.String)&amp#27;[39m
]]></system-out>
    <system-err><![CDATA[Starting ChromeDriver 142.0.7444.175 (302067f14a4ea3f42001580e6101fa25ed343445-refs/branch-heads/7444@{#2749}) on port 2856
Only local connections are allowed.
Please see https://chromedriver.chromium.org/security-considerations for suggestions on keeping ChromeDriver safe.
ChromeDriver was started successfully on port 2856.
Dec 06, 2025 5:48:43 PM org.openqa.selenium.remote.ProtocolHandshake createSession
INFO: Detected dialect: W3C
]]></system-err>
  </testcase>
  <testcase name="TC23 Verify leads Default View Go" classname="Leads all testcases" time="18.925">
    <system-out><![CDATA[
@Leads
&amp#27;[1mScenario:&amp#27;[22m TC23 Verify leads Default View Go                                                    &amp#27;[90m# features/Leads.feature:50&amp#27;[39m
  &amp#27;[32m✔&amp#27;[39m &amp#27;[32m&amp#27;[1mGiven &amp#27;[22mUser secure launch the application&amp#27;[39m                                                   &amp#27;[90m# training.steps.Steps.user_secure_launch_the_application()&amp#27;[39m
  &amp#27;[32m✔&amp#27;[39m &amp#27;[32m&amp#27;[1mGiven &amp#27;[22mUser is on &amp#27;[1m"HomePage"&amp#27;[22m&amp#27;[39m                                                                &amp#27;[90m# training.steps.Steps.user_is_on(java.lang.String)&amp#27;[39m
  &amp#27;[32m✔&amp#27;[39m &amp#27;[32m&amp#27;[1mWhen &amp#27;[22mUser click on link &amp#27;[1m"leads"&amp#27;[22m&amp#27;[39m                                                            &amp#27;[90m# training.steps.Steps.user_click_on_link(java.lang.String)&amp#27;[39m
  &amp#27;[32m✔&amp#27;[39m &amp#27;[32m&amp#27;[1mAnd &amp#27;[22mUser is on &amp#27;[1m"LeadsHomePage"&amp#27;[22m&amp#27;[39m                                                             &amp#27;[90m# training.steps.Steps.user_is_on(java.lang.String)&amp#27;[39m
  &amp#27;[32m✔&amp#27;[39m &amp#27;[32m&amp#27;[1mAnd &amp#27;[22mUser click on dropdown &amp#27;[1m"leadsviewdropdown"&amp#27;[22m&amp#27;[39m                                             &amp#27;[90m# training.steps.Steps.user_click_on_dropdown(java.lang.String)&amp#27;[39m
  &amp#27;[32m✔&amp#27;[39m &amp#27;[32m&amp#27;[1mAnd &amp#27;[22mUser read and select from dropdown &amp#27;[1m"leadsviewdropdown"&amp#27;[22m &amp#27;[1m"leadsnewdefaultview"&amp#27;[22m&amp#27;[39m           &amp#27;[90m# training.steps.Steps.user_read_and_select_from_dropdown(java.lang.String,java.lang.String)&amp#27;[39m
  &amp#27;[32m✔&amp#27;[39m &amp#27;[32m&amp#27;[1mAnd &amp#27;[22mUser click on button &amp#27;[1m"go"&amp#27;[22m&amp#27;[39m                                                              &amp#27;[90m# training.steps.Steps.user_click_on_button(java.lang.String)&amp#27;[39m
  &amp#27;[32m✔&amp#27;[39m &amp#27;[32m&amp#27;[1mAnd &amp#27;[22mUser is on &amp#27;[1m"LeadsViewPage"&amp#27;[22m&amp#27;[39m                                                             &amp#27;[90m# training.steps.Steps.user_is_on(java.lang.String)&amp#27;[39m
  &amp#27;[32m✔&amp#27;[39m &amp#27;[32m&amp#27;[1mThen &amp#27;[22mUser verify first selected item in dropdown &amp#27;[1m"leadsviewdropdown"&amp#27;[22m &amp#27;[1m"leadsnewdefaultview"&amp#27;[22m&amp#27;[39m &amp#27;[90m# training.steps.Steps.user_verify_first_selected_item_in_dropdown(java.lang.String,java.lang.String)&amp#27;[39m
  &amp#27;[32m✔&amp#27;[39m &amp#27;[32m&amp#27;[1mThen &amp#27;[22mUser read and select from dropdown &amp#27;[1m"leadsviewdropdown"&amp#27;[22m &amp#27;[1m"leadsallopenview"&amp#27;[22m&amp#27;[39m             &amp#27;[90m# training.steps.Steps.user_read_and_select_from_dropdown(java.lang.String,java.lang.String)&amp#27;[39m
]]></system-out>
    <system-err><![CDATA[Starting ChromeDriver 142.0.7444.175 (302067f14a4ea3f42001580e6101fa25ed343445-refs/branch-heads/7444@{#2749}) on port 37071
Only local connections are allowed.
Please see https://chromedriver.chromium.org/security-considerations for suggestions on keeping ChromeDriver safe.
ChromeDriver was started successfully on port 37071.
Dec 06, 2025 5:49:12 PM org.openqa.selenium.remote.ProtocolHandshake createSession
INFO: Detected dialect: W3C
]]></system-err>
  </testcase>
  <testcase name="TC24 Create New Lead" classname="Leads all testcases" time="20.814">
    <system-out><![CDATA[
@Leads
&amp#27;[1mScenario:&amp#27;[22m TC24 Create New Lead                                          &amp#27;[90m# features/Leads.feature:63&amp#27;[39m
  &amp#27;[32m✔&amp#27;[39m &amp#27;[32m&amp#27;[1mGiven &amp#27;[22mUser secure launch the application&amp#27;[39m                            &amp#27;[90m# training.steps.Steps.user_secure_launch_the_application()&amp#27;[39m
  &amp#27;[32m✔&amp#27;[39m &amp#27;[32m&amp#27;[1mGiven &amp#27;[22mUser is on &amp#27;[1m"HomePage"&amp#27;[22m&amp#27;[39m                                         &amp#27;[90m# training.steps.Steps.user_is_on(java.lang.String)&amp#27;[39m
  &amp#27;[32m✔&amp#27;[39m &amp#27;[32m&amp#27;[1mWhen &amp#27;[22mUser click on link &amp#27;[1m"leads"&amp#27;[22m&amp#27;[39m                                     &amp#27;[90m# training.steps.Steps.user_click_on_link(java.lang.String)&amp#27;[39m
  &amp#27;[32m✔&amp#27;[39m &amp#27;[32m&amp#27;[1mAnd &amp#27;[22mUser is on &amp#27;[1m"LeadsHomePage"&amp#27;[22m&amp#27;[39m                                      &amp#27;[90m# training.steps.Steps.user_is_on(java.lang.String)&amp#27;[39m
  &amp#27;[32m✔&amp#27;[39m &amp#27;[32m&amp#27;[1mWhen &amp#27;[22mUser click on button &amp#27;[1m"new"&amp#27;[22m&amp#27;[39m                                     &amp#27;[90m# training.steps.Steps.user_click_on_button(java.lang.String)&amp#27;[39m
  &amp#27;[32m✔&amp#27;[39m &amp#27;[32m&amp#27;[1mAnd &amp#27;[22mUser is on &amp#27;[1m"LeadsEditPage"&amp#27;[22m&amp#27;[39m                                      &amp#27;[90m# training.steps.Steps.user_is_on(java.lang.String)&amp#27;[39m
  &amp#27;[32m✔&amp#27;[39m &amp#27;[32m&amp#27;[1mThen &amp#27;[22mUser verify the text &amp#27;[1m"pagedescription"&amp#27;[22m &amp#27;[1m"New Lead"&amp#27;[22m&amp#27;[39m              &amp#27;[90m# training.steps.Steps.user_verify_the_text(java.lang.String,java.lang.String)&amp#27;[39m
  &amp#27;[32m✔&amp#27;[39m &amp#27;[32m&amp#27;[1mWhen &amp#27;[22mUser read and enter into textbox &amp#27;[1m"leadlastname"&amp#27;[22m&amp#27;[39m                &amp#27;[90m# training.steps.Steps.user_read_and_enter_into_textbox(java.lang.String)&amp#27;[39m
  &amp#27;[32m✔&amp#27;[39m &amp#27;[32m&amp#27;[1mWhen &amp#27;[22mUser read and enter into textbox &amp#27;[1m"leadcompanyname"&amp#27;[22m&amp#27;[39m             &amp#27;[90m# training.steps.Steps.user_read_and_enter_into_textbox(java.lang.String)&amp#27;[39m
  &amp#27;[32m✔&amp#27;[39m &amp#27;[32m&amp#27;[1mAnd &amp#27;[22mUser click on button &amp#27;[1m"save"&amp#27;[22m&amp#27;[39m                                     &amp#27;[90m# training.steps.Steps.user_click_on_button(java.lang.String)&amp#27;[39m
  &amp#27;[32m✔&amp#27;[39m &amp#27;[32m&amp#27;[1mAnd &amp#27;[22mUser is on &amp#27;[1m"LeadsDetailsPage"&amp#27;[22m&amp#27;[39m                                   &amp#27;[90m# training.steps.Steps.user_is_on(java.lang.String)&amp#27;[39m
  &amp#27;[32m✔&amp#27;[39m &amp#27;[32m&amp#27;[1mThen &amp#27;[22mUser verify the data &amp#27;[1m"updatedleadname"&amp#27;[22m &amp#27;[1m"leadlastname"&amp#27;[22m&amp#27;[39m          &amp#27;[90m# training.steps.Steps.user_verify_the_data(java.lang.String,java.lang.String)&amp#27;[39m
  &amp#27;[32m✔&amp#27;[39m &amp#27;[32m&amp#27;[1mAnd &amp#27;[22mUser verify the data &amp#27;[1m"updatedleadcompanyname"&amp#27;[22m &amp#27;[1m"leadcompanyname"&amp#27;[22m&amp#27;[39m &amp#27;[90m# training.steps.Steps.user_verify_the_data(java.lang.String,java.lang.String)&amp#27;[39m
]]></system-out>
    <system-err><![CDATA[Starting ChromeDriver 142.0.7444.175 (302067f14a4ea3f42001580e6101fa25ed343445-refs/branch-heads/7444@{#2749}) on port 36617
Only local connections are allowed.
Please see https://chromedriver.chromium.org/security-considerations for suggestions on keeping ChromeDriver safe.
ChromeDriver was started successfully on port 36617.
Dec 06, 2025 5:49:31 PM org.openqa.selenium.remote.ProtocolHandshake createSession
INFO: Detected dialect: W3C
]]></system-err>
  </testcase>
  <testcase name="TC01 Login Without Password Error Message" classname="Login into the Salesforce Application all test cases" time="10.536">
    <system-out><![CDATA[
@Login
&amp#27;[1mScenario:&amp#27;[22m TC01 Login Without Password Error Message                           &amp#27;[90m# features/Login.feature:7&amp#27;[39m
  &amp#27;[32m✔&amp#27;[39m &amp#27;[32m&amp#27;[1mGiven &amp#27;[22mUser launch the application&amp#27;[39m                                         &amp#27;[90m# training.steps.Steps.user_launch_the_application()&amp#27;[39m
  &amp#27;[32m✔&amp#27;[39m &amp#27;[32m&amp#27;[1mGiven &amp#27;[22mUser is on &amp#27;[1m"LoginPage"&amp#27;[22m&amp#27;[39m                                              &amp#27;[90m# training.steps.Steps.user_is_on(java.lang.String)&amp#27;[39m
  &amp#27;[32m✔&amp#27;[39m &amp#27;[32m&amp#27;[1mWhen &amp#27;[22mUser read and enter into textbox &amp#27;[1m"username"&amp#27;[22m&amp#27;[39m                          &amp#27;[90m# training.steps.Steps.user_read_and_enter_into_textbox(java.lang.String)&amp#27;[39m
  &amp#27;[32m✔&amp#27;[39m &amp#27;[32m&amp#27;[1mAnd &amp#27;[22mUser click on button &amp#27;[1m"login"&amp#27;[22m&amp#27;[39m                                          &amp#27;[90m# training.steps.Steps.user_click_on_button(java.lang.String)&amp#27;[39m
  &amp#27;[32m✔&amp#27;[39m &amp#27;[32m&amp#27;[1mThen &amp#27;[22mUser verify the text &amp#27;[1m"errormsg"&amp#27;[22m &amp#27;[1m"Error: Please enter your password."&amp#27;[22m&amp#27;[39m &amp#27;[90m# training.steps.Steps.user_verify_the_text(java.lang.String,java.lang.String)&amp#27;[39m
]]></system-out>
    <system-err><![CDATA[Starting ChromeDriver 142.0.7444.175 (302067f14a4ea3f42001580e6101fa25ed343445-refs/branch-heads/7444@{#2749}) on port 34964
Only local connections are allowed.
Please see https://chromedriver.chromium.org/security-considerations for suggestions on keeping ChromeDriver safe.
ChromeDriver was started successfully on port 34964.
Dec 06, 2025 5:49:52 PM org.openqa.selenium.remote.ProtocolHandshake createSession
INFO: Detected dialect: W3C
]]></system-err>
  </testcase>
  <testcase name="TC02 Login To SalesForce" classname="Login into the Salesforce Application all test cases" time="39.155">
    <system-out><![CDATA[
@Smoke @Login
&amp#27;[1mScenario:&amp#27;[22m TC02 Login To SalesForce                   &amp#27;[90m# features/Login.feature:15&amp#27;[39m
  &amp#27;[32m✔&amp#27;[39m &amp#27;[32m&amp#27;[1mGiven &amp#27;[22mUser launch the application&amp#27;[39m                &amp#27;[90m# training.steps.Steps.user_launch_the_application()&amp#27;[39m
  &amp#27;[32m✔&amp#27;[39m &amp#27;[32m&amp#27;[1mGiven &amp#27;[22mUser is on &amp#27;[1m"LoginPage"&amp#27;[22m&amp#27;[39m                     &amp#27;[90m# training.steps.Steps.user_is_on(java.lang.String)&amp#27;[39m
  &amp#27;[32m✔&amp#27;[39m &amp#27;[32m&amp#27;[1mWhen &amp#27;[22mUser read and enter into textbox &amp#27;[1m"username"&amp#27;[22m&amp#27;[39m &amp#27;[90m# training.steps.Steps.user_read_and_enter_into_textbox(java.lang.String)&amp#27;[39m
  &amp#27;[32m✔&amp#27;[39m &amp#27;[32m&amp#27;[1mAnd &amp#27;[22mUser read and enter into textbox &amp#27;[1m"password"&amp#27;[22m&amp#27;[39m  &amp#27;[90m# training.steps.Steps.user_read_and_enter_into_textbox(java.lang.String)&amp#27;[39m
  &amp#27;[32m✔&amp#27;[39m &amp#27;[32m&amp#27;[1mAnd &amp#27;[22mUser click on button &amp#27;[1m"login"&amp#27;[22m&amp#27;[39m                 &amp#27;[90m# training.steps.Steps.user_click_on_button(java.lang.String)&amp#27;[39m
  &amp#27;[32m✔&amp#27;[39m &amp#27;[32m&amp#27;[1mAnd &amp#27;[22mUser is on &amp#27;[1m"VerifyIdentityPage"&amp#27;[22m&amp#27;[39m              &amp#27;[90m# training.steps.Steps.user_is_on(java.lang.String)&amp#27;[39m
  &amp#27;[32m✔&amp#27;[39m &amp#27;[32m&amp#27;[1mAnd &amp#27;[22mUser click on button &amp#27;[1m"code"&amp#27;[22m&amp#27;[39m                  &amp#27;[90m# training.steps.Steps.user_click_on_button(java.lang.String)&amp#27;[39m
  &amp#27;[32m✔&amp#27;[39m &amp#27;[32m&amp#27;[1mAnd &amp#27;[22mUser wait for &amp#27;[1m20000&amp#27;[22m milliseconds&amp#27;[39m             &amp#27;[90m# training.steps.Steps.user_wait_for_milliseconds(long)&amp#27;[39m
  &amp#27;[32m✔&amp#27;[39m &amp#27;[32m&amp#27;[1mAnd &amp#27;[22mUser click on button &amp#27;[1m"verify"&amp#27;[22m&amp#27;[39m                &amp#27;[90m# training.steps.Steps.user_click_on_button(java.lang.String)&amp#27;[39m
  &amp#27;[32m✔&amp#27;[39m &amp#27;[32m&amp#27;[1mAnd &amp#27;[22mUser is on &amp#27;[1m"HomePage"&amp#27;[22m&amp#27;[39m                        &amp#27;[90m# training.steps.Steps.user_is_on(java.lang.String)&amp#27;[39m
  &amp#27;[32m✔&amp#27;[39m &amp#27;[32m&amp#27;[1mThen &amp#27;[22mUser verify the text &amp#27;[1m"pagename"&amp#27;[22m &amp#27;[1m"Home"&amp#27;[22m&amp#27;[39m      &amp#27;[90m# training.steps.Steps.user_verify_the_text(java.lang.String,java.lang.String)&amp#27;[39m
]]></system-out>
    <system-err><![CDATA[Starting ChromeDriver 142.0.7444.175 (302067f14a4ea3f42001580e6101fa25ed343445-refs/branch-heads/7444@{#2749}) on port 32931
Only local connections are allowed.
Please see https://chromedriver.chromium.org/security-considerations for suggestions on keeping ChromeDriver safe.
ChromeDriver was started successfully on port 32931.
Dec 06, 2025 5:50:03 PM org.openqa.selenium.remote.ProtocolHandshake createSession
INFO: Detected dialect: W3C
]]></system-err>
  </testcase>
  <testcase name="TC03 Check RememberMe" classname="Login into the Salesforce Application all test cases" time="11.382">
    <error message="The step &apos;User wait for 20 &quot;seconds&quot;&apos; is undefined.&#10;You can implement this step using the snippet(s) below:&#10;&#10;@When(&quot;User wait for {int} {string}&quot;)&#10;public void user_wait_for(Integer int1, String string) {&#10;    // Write code here that turns the phrase above into concrete actions&#10;    throw new io.cucumber.java.PendingException();&#10;}&#10;" type="io.cucumber.junit.UndefinedStepException"><![CDATA[io.cucumber.junit.UndefinedStepException: 
The step 'User wait for 20 "seconds"' is undefined.
You can implement this step using the snippet(s) below:

@When("User wait for {int} {string}")
public void user_wait_for(Integer int1, String string) {
    // Write code here that turns the phrase above into concrete actions
    throw new io.cucumber.java.PendingException();
}

]]></error>
    <system-out><![CDATA[
@Login
&amp#27;[1mScenario:&amp#27;[22m TC03 Check RememberMe                       &amp#27;[90m# features/Login.feature:29&amp#27;[39m
  &amp#27;[32m✔&amp#27;[39m &amp#27;[32m&amp#27;[1mGiven &amp#27;[22mUser launch the application&amp#27;[39m                 &amp#27;[90m# training.steps.Steps.user_launch_the_application()&amp#27;[39m
  &amp#27;[32m✔&amp#27;[39m &amp#27;[32m&amp#27;[1mGiven &amp#27;[22mUser is on &amp#27;[1m"LoginPage"&amp#27;[22m&amp#27;[39m                      &amp#27;[90m# training.steps.Steps.user_is_on(java.lang.String)&amp#27;[39m
  &amp#27;[32m✔&amp#27;[39m &amp#27;[32m&amp#27;[1mWhen &amp#27;[22mUser read and enter into textbox &amp#27;[1m"username"&amp#27;[22m&amp#27;[39m  &amp#27;[90m# training.steps.Steps.user_read_and_enter_into_textbox(java.lang.String)&amp#27;[39m
  &amp#27;[32m✔&amp#27;[39m &amp#27;[32m&amp#27;[1mAnd &amp#27;[22mUser read and enter into textbox &amp#27;[1m"password"&amp#27;[22m&amp#27;[39m   &amp#27;[90m# training.steps.Steps.user_read_and_enter_into_textbox(java.lang.String)&amp#27;[39m
  &amp#27;[32m✔&amp#27;[39m &amp#27;[32m&amp#27;[1mAnd &amp#27;[22mUser check the checkbox &amp#27;[1m"rememberme"&amp#27;[22m&amp#27;[39m          &amp#27;[90m# training.steps.Steps.user_check_the_checkbox(java.lang.String)&amp#27;[39m
  &amp#27;[32m✔&amp#27;[39m &amp#27;[32m&amp#27;[1mAnd &amp#27;[22mUser click on button &amp#27;[1m"login"&amp#27;[22m&amp#27;[39m                  &amp#27;[90m# training.steps.Steps.user_click_on_button(java.lang.String)&amp#27;[39m
  &amp#27;[32m✔&amp#27;[39m &amp#27;[32m&amp#27;[1mAnd &amp#27;[22mUser is on &amp#27;[1m"VerifyIdentityPage"&amp#27;[22m&amp#27;[39m               &amp#27;[90m# training.steps.Steps.user_is_on(java.lang.String)&amp#27;[39m
  &amp#27;[32m✔&amp#27;[39m &amp#27;[32m&amp#27;[1mAnd &amp#27;[22mUser click on button &amp#27;[1m"code"&amp#27;[22m&amp#27;[39m                   &amp#27;[90m# training.steps.Steps.user_click_on_button(java.lang.String)&amp#27;[39m
  &amp#27;[33m■&amp#27;[39m &amp#27;[33m&amp#27;[1mAnd &amp#27;[22mUser wait for 20 "seconds"&amp#27;[39m
  &amp#27;[36m↷&amp#27;[39m &amp#27;[36m&amp#27;[1mAnd &amp#27;[22mUser click on button &amp#27;[1m"verify"&amp#27;[22m&amp#27;[39m                 &amp#27;[90m# training.steps.Steps.user_click_on_button(java.lang.String)&amp#27;[39m
  &amp#27;[36m↷&amp#27;[39m &amp#27;[36m&amp#27;[1mAnd &amp#27;[22mUser is on &amp#27;[1m"HomePage"&amp#27;[22m&amp#27;[39m                         &amp#27;[90m# training.steps.Steps.user_is_on(java.lang.String)&amp#27;[39m
  &amp#27;[36m↷&amp#27;[39m &amp#27;[36m&amp#27;[1mThen &amp#27;[22mUser verify the text &amp#27;[1m"pagename"&amp#27;[22m &amp#27;[1m"Home"&amp#27;[22m&amp#27;[39m       &amp#27;[90m# training.steps.Steps.user_verify_the_text(java.lang.String,java.lang.String)&amp#27;[39m
  &amp#27;[36m↷&amp#27;[39m &amp#27;[36m&amp#27;[1mWhen &amp#27;[22mUser click on dropdown &amp#27;[1m"usermenu"&amp#27;[22m&amp#27;[39m            &amp#27;[90m# training.steps.Steps.user_click_on_dropdown(java.lang.String)&amp#27;[39m
  &amp#27;[36m↷&amp#27;[39m &amp#27;[36m&amp#27;[1mAnd &amp#27;[22mUser click on link &amp#27;[1m"logout"&amp#27;[22m&amp#27;[39m                   &amp#27;[90m# training.steps.Steps.user_click_on_link(java.lang.String)&amp#27;[39m
  &amp#27;[36m↷&amp#27;[39m &amp#27;[36m&amp#27;[1mAnd &amp#27;[22mUser is on &amp#27;[1m"LoginPage"&amp#27;[22m&amp#27;[39m                        &amp#27;[90m# training.steps.Steps.user_is_on(java.lang.String)&amp#27;[39m
  &amp#27;[36m↷&amp#27;[39m &amp#27;[36m&amp#27;[1mThen &amp#27;[22mUser verify the data &amp#27;[1m"usernameid"&amp#27;[22m &amp#27;[1m"username"&amp#27;[22m&amp#27;[39m &amp#27;[90m# training.steps.Steps.user_verify_the_data(java.lang.String,java.lang.String)&amp#27;[39m
  &amp#27;[36m↷&amp#27;[39m &amp#27;[36m&amp#27;[1mAnd &amp#27;[22mUser verify the data is selected &amp#27;[1m"rememberme"&amp#27;[22m&amp#27;[39m &amp#27;[90m# training.steps.Steps.user_verify_the_data_is_selected(java.lang.String)&amp#27;[39m
]]></system-out>
    <system-err><![CDATA[Starting ChromeDriver 142.0.7444.175 (302067f14a4ea3f42001580e6101fa25ed343445-refs/branch-heads/7444@{#2749}) on port 45258
Only local connections are allowed.
Please see https://chromedriver.chromium.org/security-considerations for suggestions on keeping ChromeDriver safe.
ChromeDriver was started successfully on port 45258.
Dec 06, 2025 5:50:42 PM org.openqa.selenium.remote.ProtocolHandshake createSession
INFO: Detected dialect: W3C
]]></system-err>
  </testcase>
  <testcase name="TC04A Forgot Password" classname="Login into the Salesforce Application all test cases" time="9.757">
    <system-out><![CDATA[
@Login
&amp#27;[1mScenario:&amp#27;[22m TC04A Forgot Password                              &amp#27;[90m# features/Login.feature:49&amp#27;[39m
  &amp#27;[32m✔&amp#27;[39m &amp#27;[32m&amp#27;[1mGiven &amp#27;[22mUser launch the application&amp#27;[39m                        &amp#27;[90m# training.steps.Steps.user_launch_the_application()&amp#27;[39m
  &amp#27;[32m✔&amp#27;[39m &amp#27;[32m&amp#27;[1mGiven &amp#27;[22mUser is on &amp#27;[1m"LoginPage"&amp#27;[22m&amp#27;[39m                             &amp#27;[90m# training.steps.Steps.user_is_on(java.lang.String)&amp#27;[39m
  &amp#27;[32m✔&amp#27;[39m &amp#27;[32m&amp#27;[1mWhen &amp#27;[22mUser click on link &amp#27;[1m"forgotpwd"&amp#27;[22m&amp#27;[39m                      &amp#27;[90m# training.steps.Steps.user_click_on_link(java.lang.String)&amp#27;[39m
  &amp#27;[32m✔&amp#27;[39m &amp#27;[32m&amp#27;[1mAnd &amp#27;[22mUser is on &amp#27;[1m"ResetPasswordPage"&amp#27;[22m&amp#27;[39m                       &amp#27;[90m# training.steps.Steps.user_is_on(java.lang.String)&amp#27;[39m
  &amp#27;[32m✔&amp#27;[39m &amp#27;[32m&amp#27;[1mThen &amp#27;[22mUser verify the text &amp#27;[1m"header"&amp#27;[22m &amp#27;[1m"Reset Your Password"&amp#27;[22m&amp#27;[39m &amp#27;[90m# training.steps.Steps.user_verify_the_text(java.lang.String,java.lang.String)&amp#27;[39m
  &amp#27;[32m✔&amp#27;[39m &amp#27;[32m&amp#27;[1mWhen &amp#27;[22mUser read and enter into textbox &amp#27;[1m"username"&amp#27;[22m&amp#27;[39m         &amp#27;[90m# training.steps.Steps.user_read_and_enter_into_textbox(java.lang.String)&amp#27;[39m
  &amp#27;[32m✔&amp#27;[39m &amp#27;[32m&amp#27;[1mAnd &amp#27;[22mUser click on button &amp#27;[1m"continue"&amp#27;[22m&amp#27;[39m                      &amp#27;[90m# training.steps.Steps.user_click_on_button(java.lang.String)&amp#27;[39m
  &amp#27;[32m✔&amp#27;[39m &amp#27;[32m&amp#27;[1mThen &amp#27;[22mUser verify the text &amp#27;[1m"header"&amp#27;[22m &amp#27;[1m"Check Your Email"&amp#27;[22m&amp#27;[39m    &amp#27;[90m# training.steps.Steps.user_verify_the_text(java.lang.String,java.lang.String)&amp#27;[39m
]]></system-out>
    <system-err><![CDATA[Starting ChromeDriver 142.0.7444.175 (302067f14a4ea3f42001580e6101fa25ed343445-refs/branch-heads/7444@{#2749}) on port 16833
Only local connections are allowed.
Please see https://chromedriver.chromium.org/security-considerations for suggestions on keeping ChromeDriver safe.
ChromeDriver was started successfully on port 16833.
Dec 06, 2025 5:50:53 PM org.openqa.selenium.remote.ProtocolHandshake createSession
INFO: Detected dialect: W3C
]]></system-err>
  </testcase>
  <testcase name="TC04B Login With Invalid Credentials" classname="Login into the Salesforce Application all test cases" time="7.962">
    <system-out><![CDATA[
@Login
&amp#27;[1mScenario:&amp#27;[22m TC04B Login With Invalid Credentials                                                                                                               &amp#27;[90m# features/Login.feature:60&amp#27;[39m
  &amp#27;[32m✔&amp#27;[39m &amp#27;[32m&amp#27;[1mGiven &amp#27;[22mUser launch the application&amp#27;[39m                                                                                                                        &amp#27;[90m# training.steps.Steps.user_launch_the_application()&amp#27;[39m
  &amp#27;[32m✔&amp#27;[39m &amp#27;[32m&amp#27;[1mGiven &amp#27;[22mUser is on &amp#27;[1m"LoginPage"&amp#27;[22m&amp#27;[39m                                                                                                                             &amp#27;[90m# training.steps.Steps.user_is_on(java.lang.String)&amp#27;[39m
  &amp#27;[32m✔&amp#27;[39m &amp#27;[32m&amp#27;[1mWhen &amp#27;[22mUser enter into textbox &amp#27;[1m"username"&amp#27;[22m &amp#27;[1m"invalidusername"&amp#27;[22m&amp#27;[39m                                                                                                &amp#27;[90m# training.steps.Steps.user_enter_into_textbox(java.lang.String,java.lang.String)&amp#27;[39m
  &amp#27;[32m✔&amp#27;[39m &amp#27;[32m&amp#27;[1mAnd &amp#27;[22mUser enter into textbox &amp#27;[1m"password"&amp#27;[22m &amp#27;[1m"invalidpassword"&amp#27;[22m&amp#27;[39m                                                                                                 &amp#27;[90m# training.steps.Steps.user_enter_into_textbox(java.lang.String,java.lang.String)&amp#27;[39m
  &amp#27;[32m✔&amp#27;[39m &amp#27;[32m&amp#27;[1mAnd &amp#27;[22mUser click on button &amp#27;[1m"login"&amp#27;[22m&amp#27;[39m                                                                                                                         &amp#27;[90m# training.steps.Steps.user_click_on_button(java.lang.String)&amp#27;[39m
  &amp#27;[32m✔&amp#27;[39m &amp#27;[32m&amp#27;[1mThen &amp#27;[22mUser verify the text &amp#27;[1m"errormsg"&amp#27;[22m &amp#27;[1m"Error: Please check your username and password. If you still can't log in, contact your Salesforce administrator."&amp#27;[22m&amp#27;[39m &amp#27;[90m# training.steps.Steps.user_verify_the_text(java.lang.String,java.lang.String)&amp#27;[39m
]]></system-out>
    <system-err><![CDATA[Starting ChromeDriver 142.0.7444.175 (302067f14a4ea3f42001580e6101fa25ed343445-refs/branch-heads/7444@{#2749}) on port 27098
Only local connections are allowed.
Please see https://chromedriver.chromium.org/security-considerations for suggestions on keeping ChromeDriver safe.
ChromeDriver was started successfully on port 27098.
Dec 06, 2025 5:51:03 PM org.openqa.selenium.remote.ProtocolHandshake createSession
INFO: Detected dialect: W3C
]]></system-err>
  </testcase>
  <testcase name="TC15 Select Oppprtunity Dropdown" classname="Opportunity all testcases" time="14.146">
    <system-out><![CDATA[
@Smoke @Opty
&amp#27;[1mScenario:&amp#27;[22m TC15 Select Oppprtunity Dropdown                          &amp#27;[90m# features/Oppurtunity.feature:8&amp#27;[39m
  &amp#27;[32m✔&amp#27;[39m &amp#27;[32m&amp#27;[1mGiven &amp#27;[22mUser secure launch the application&amp#27;[39m                        &amp#27;[90m# training.steps.Steps.user_secure_launch_the_application()&amp#27;[39m
  &amp#27;[32m✔&amp#27;[39m &amp#27;[32m&amp#27;[1mGiven &amp#27;[22mUser is on &amp#27;[1m"HomePage"&amp#27;[22m&amp#27;[39m                                     &amp#27;[90m# training.steps.Steps.user_is_on(java.lang.String)&amp#27;[39m
  &amp#27;[32m✔&amp#27;[39m &amp#27;[32m&amp#27;[1mWhen &amp#27;[22mUser click on link &amp#27;[1m"opportunities"&amp#27;[22m&amp#27;[39m                         &amp#27;[90m# training.steps.Steps.user_click_on_link(java.lang.String)&amp#27;[39m
  &amp#27;[32m✔&amp#27;[39m &amp#27;[32m&amp#27;[1mAnd &amp#27;[22mUser is on &amp#27;[1m"OptyHomePage"&amp#27;[22m&amp#27;[39m                                   &amp#27;[90m# training.steps.Steps.user_is_on(java.lang.String)&amp#27;[39m
  &amp#27;[32m✔&amp#27;[39m &amp#27;[32m&amp#27;[1mThen &amp#27;[22mUser verify following items in dropdown &amp#27;[1m"optyviewdropdown"&amp#27;[22m&amp#27;[39m &amp#27;[90m# training.steps.Steps.user_verify_following_items_in_dropdown(java.lang.String,io.cucumber.datatable.DataTable)&amp#27;[39m
      | All Opportunities             |
      | Closing Next Month            |
      | Closing This Month            |
      | My Opportunities              |
      | New Last Week                 |
      | New This Week                 |
      | Opportunity Pipeline          |
      | Private                       |
      | Recently Viewed Opportunities |
      | Won                           |
]]></system-out>
    <system-err><![CDATA[Starting ChromeDriver 142.0.7444.175 (302067f14a4ea3f42001580e6101fa25ed343445-refs/branch-heads/7444@{#2749}) on port 44585
Only local connections are allowed.
Please see https://chromedriver.chromium.org/security-considerations for suggestions on keeping ChromeDriver safe.
ChromeDriver was started successfully on port 44585.
Dec 06, 2025 5:51:11 PM org.openqa.selenium.remote.ProtocolHandshake createSession
INFO: Detected dialect: W3C
]]></system-err>
  </testcase>
  <testcase name="TC16 Create New Opportunity" classname="Opportunity all testcases" time="23.918">
    <system-out><![CDATA[
@Opty
&amp#27;[1mScenario:&amp#27;[22m TC16 Create New Opportunity                              &amp#27;[90m# features/Oppurtunity.feature:25&amp#27;[39m
  &amp#27;[32m✔&amp#27;[39m &amp#27;[32m&amp#27;[1mGiven &amp#27;[22mUser secure launch the application&amp#27;[39m                       &amp#27;[90m# training.steps.Steps.user_secure_launch_the_application()&amp#27;[39m
  &amp#27;[32m✔&amp#27;[39m &amp#27;[32m&amp#27;[1mGiven &amp#27;[22mUser is on &amp#27;[1m"HomePage"&amp#27;[22m&amp#27;[39m                                    &amp#27;[90m# training.steps.Steps.user_is_on(java.lang.String)&amp#27;[39m
  &amp#27;[32m✔&amp#27;[39m &amp#27;[32m&amp#27;[1mWhen &amp#27;[22mUser click on link &amp#27;[1m"opportunities"&amp#27;[22m&amp#27;[39m                        &amp#27;[90m# training.steps.Steps.user_click_on_link(java.lang.String)&amp#27;[39m
  &amp#27;[32m✔&amp#27;[39m &amp#27;[32m&amp#27;[1mAnd &amp#27;[22mUser is on &amp#27;[1m"OptyHomePage"&amp#27;[22m&amp#27;[39m                                  &amp#27;[90m# training.steps.Steps.user_is_on(java.lang.String)&amp#27;[39m
  &amp#27;[32m✔&amp#27;[39m &amp#27;[32m&amp#27;[1mAnd &amp#27;[22mUser click on link &amp#27;[1m"new"&amp#27;[22m&amp#27;[39m                                   &amp#27;[90m# training.steps.Steps.user_click_on_link(java.lang.String)&amp#27;[39m
  &amp#27;[32m✔&amp#27;[39m &amp#27;[32m&amp#27;[1mAnd &amp#27;[22mUser is on &amp#27;[1m"OptyEditPage"&amp#27;[22m&amp#27;[39m                                  &amp#27;[90m# training.steps.Steps.user_is_on(java.lang.String)&amp#27;[39m
  &amp#27;[32m✔&amp#27;[39m &amp#27;[32m&amp#27;[1mThen &amp#27;[22mUser verify the text &amp#27;[1m"pagedescription"&amp#27;[22m &amp#27;[1m"New Opportunity"&amp#27;[22m&amp#27;[39m  &amp#27;[90m# training.steps.Steps.user_verify_the_text(java.lang.String,java.lang.String)&amp#27;[39m
  &amp#27;[32m✔&amp#27;[39m &amp#27;[32m&amp#27;[1mWhen &amp#27;[22mUser read and enter into textbox &amp#27;[1m"optyname"&amp#27;[22m&amp#27;[39m               &amp#27;[90m# training.steps.Steps.user_read_and_enter_into_textbox(java.lang.String)&amp#27;[39m
  &amp#27;[32m✔&amp#27;[39m &amp#27;[32m&amp#27;[1mAnd &amp#27;[22mUser read and enter into textbox &amp#27;[1m"optyaccname"&amp#27;[22m&amp#27;[39m             &amp#27;[90m# training.steps.Steps.user_read_and_enter_into_textbox(java.lang.String)&amp#27;[39m
  &amp#27;[32m✔&amp#27;[39m &amp#27;[32m&amp#27;[1mAnd &amp#27;[22mUser read and enter into textbox &amp#27;[1m"leadsource"&amp#27;[22m&amp#27;[39m              &amp#27;[90m# training.steps.Steps.user_read_and_enter_into_textbox(java.lang.String)&amp#27;[39m
  &amp#27;[32m✔&amp#27;[39m &amp#27;[32m&amp#27;[1mAnd &amp#27;[22mUser click on button &amp#27;[1m"closedate"&amp#27;[22m&amp#27;[39m                           &amp#27;[90m# training.steps.Steps.user_click_on_button(java.lang.String)&amp#27;[39m
  &amp#27;[32m✔&amp#27;[39m &amp#27;[32m&amp#27;[1mAnd &amp#27;[22mUser click on button &amp#27;[1m"calToday"&amp#27;[22m&amp#27;[39m                            &amp#27;[90m# training.steps.Steps.user_click_on_button(java.lang.String)&amp#27;[39m
  &amp#27;[32m✔&amp#27;[39m &amp#27;[32m&amp#27;[1mAnd &amp#27;[22mUser read and select from dropdown &amp#27;[1m"stagedropdown"&amp#27;[22m &amp#27;[1m"stage"&amp#27;[22m&amp#27;[39m &amp#27;[90m# training.steps.Steps.user_read_and_select_from_dropdown(java.lang.String,java.lang.String)&amp#27;[39m
  &amp#27;[32m✔&amp#27;[39m &amp#27;[32m&amp#27;[1mAnd &amp#27;[22mUser clear the textbox &amp#27;[1m"probability"&amp#27;[22m&amp#27;[39m                       &amp#27;[90m# training.steps.Steps.user_clear_the_textbox(java.lang.String)&amp#27;[39m
  &amp#27;[32m✔&amp#27;[39m &amp#27;[32m&amp#27;[1mAnd &amp#27;[22mUser read and enter into textbox &amp#27;[1m"probability"&amp#27;[22m&amp#27;[39m             &amp#27;[90m# training.steps.Steps.user_read_and_enter_into_textbox(java.lang.String)&amp#27;[39m
  &amp#27;[32m✔&amp#27;[39m &amp#27;[32m&amp#27;[1mAnd &amp#27;[22mUser read and enter into textbox &amp#27;[1m"campaignsrc"&amp#27;[22m&amp#27;[39m             &amp#27;[90m# training.steps.Steps.user_read_and_enter_into_textbox(java.lang.String)&amp#27;[39m
  &amp#27;[32m✔&amp#27;[39m &amp#27;[32m&amp#27;[1mAnd &amp#27;[22mUser click on button &amp#27;[1m"save"&amp#27;[22m&amp#27;[39m                                &amp#27;[90m# training.steps.Steps.user_click_on_button(java.lang.String)&amp#27;[39m
  &amp#27;[32m✔&amp#27;[39m &amp#27;[32m&amp#27;[1mAnd &amp#27;[22mUser is on &amp#27;[1m"OptyDetailsPage"&amp#27;[22m&amp#27;[39m                               &amp#27;[90m# training.steps.Steps.user_is_on(java.lang.String)&amp#27;[39m
  &amp#27;[32m✔&amp#27;[39m &amp#27;[32m&amp#27;[1mThen &amp#27;[22mUser verify the data &amp#27;[1m"updatedoptyname"&amp#27;[22m &amp#27;[1m"optyname"&amp#27;[22m&amp#27;[39m         &amp#27;[90m# training.steps.Steps.user_verify_the_data(java.lang.String,java.lang.String)&amp#27;[39m
  &amp#27;[32m✔&amp#27;[39m &amp#27;[32m&amp#27;[1mThen &amp#27;[22mUser verify the data &amp#27;[1m"updatedoptyaccname"&amp#27;[22m &amp#27;[1m"optyaccname"&amp#27;[22m&amp#27;[39m   &amp#27;[90m# training.steps.Steps.user_verify_the_data(java.lang.String,java.lang.String)&amp#27;[39m
]]></system-out>
    <system-err><![CDATA[Starting ChromeDriver 142.0.7444.175 (302067f14a4ea3f42001580e6101fa25ed343445-refs/branch-heads/7444@{#2749}) on port 6943
Only local connections are allowed.
Please see https://chromedriver.chromium.org/security-considerations for suggestions on keeping ChromeDriver safe.
ChromeDriver was started successfully on port 6943.
Dec 06, 2025 5:51:25 PM org.openqa.selenium.remote.ProtocolHandshake createSession
INFO: Detected dialect: W3C
]]></system-err>
  </testcase>
  <testcase name="TC17 Create Opportunity Pipeline Report" classname="Opportunity all testcases" time="17.604">
    <system-out><![CDATA[
@Opty
&amp#27;[1mScenario:&amp#27;[22m TC17 Create Opportunity Pipeline Report               &amp#27;[90m# features/Oppurtunity.feature:47&amp#27;[39m
  &amp#27;[32m✔&amp#27;[39m &amp#27;[32m&amp#27;[1mGiven &amp#27;[22mUser secure launch the application&amp#27;[39m                    &amp#27;[90m# training.steps.Steps.user_secure_launch_the_application()&amp#27;[39m
  &amp#27;[32m✔&amp#27;[39m &amp#27;[32m&amp#27;[1mGiven &amp#27;[22mUser is on &amp#27;[1m"HomePage"&amp#27;[22m&amp#27;[39m                                 &amp#27;[90m# training.steps.Steps.user_is_on(java.lang.String)&amp#27;[39m
  &amp#27;[32m✔&amp#27;[39m &amp#27;[32m&amp#27;[1mWhen &amp#27;[22mUser click on link &amp#27;[1m"opportunities"&amp#27;[22m&amp#27;[39m                     &amp#27;[90m# training.steps.Steps.user_click_on_link(java.lang.String)&amp#27;[39m
  &amp#27;[32m✔&amp#27;[39m &amp#27;[32m&amp#27;[1mAnd &amp#27;[22mUser is on &amp#27;[1m"OptyHomePage"&amp#27;[22m&amp#27;[39m                               &amp#27;[90m# training.steps.Steps.user_is_on(java.lang.String)&amp#27;[39m
  &amp#27;[32m✔&amp#27;[39m &amp#27;[32m&amp#27;[1mAnd &amp#27;[22mUser click on link &amp#27;[1m"optypipeline"&amp#27;[22m&amp#27;[39m                       &amp#27;[90m# training.steps.Steps.user_click_on_link(java.lang.String)&amp#27;[39m
  &amp#27;[32m✔&amp#27;[39m &amp#27;[32m&amp#27;[1mAnd &amp#27;[22mUser is on &amp#27;[1m"OptyPipelineReportPage"&amp#27;[22m&amp#27;[39m                     &amp#27;[90m# training.steps.Steps.user_is_on(java.lang.String)&amp#27;[39m
  &amp#27;[32m✔&amp#27;[39m &amp#27;[32m&amp#27;[1mThen &amp#27;[22mUser verify the text &amp#27;[1m"pagetype"&amp#27;[22m &amp#27;[1m"Opportunity Pipeline"&amp#27;[22m&amp#27;[39m &amp#27;[90m# training.steps.Steps.user_verify_the_text(java.lang.String,java.lang.String)&amp#27;[39m
]]></system-out>
    <system-err><![CDATA[Starting ChromeDriver 142.0.7444.175 (302067f14a4ea3f42001580e6101fa25ed343445-refs/branch-heads/7444@{#2749}) on port 19577
Only local connections are allowed.
Please see https://chromedriver.chromium.org/security-considerations for suggestions on keeping ChromeDriver safe.
ChromeDriver was started successfully on port 19577.
Dec 06, 2025 5:51:49 PM org.openqa.selenium.remote.ProtocolHandshake createSession
INFO: Detected dialect: W3C
]]></system-err>
  </testcase>
  <testcase name="TC18 Create Stuck Opportunity Report" classname="Opportunity all testcases" time="17.852">
    <system-out><![CDATA[
@Opty
&amp#27;[1mScenario:&amp#27;[22m TC18 Create Stuck Opportunity Report                 &amp#27;[90m# features/Oppurtunity.feature:57&amp#27;[39m
  &amp#27;[32m✔&amp#27;[39m &amp#27;[32m&amp#27;[1mGiven &amp#27;[22mUser secure launch the application&amp#27;[39m                   &amp#27;[90m# training.steps.Steps.user_secure_launch_the_application()&amp#27;[39m
  &amp#27;[32m✔&amp#27;[39m &amp#27;[32m&amp#27;[1mGiven &amp#27;[22mUser is on &amp#27;[1m"HomePage"&amp#27;[22m&amp#27;[39m                                &amp#27;[90m# training.steps.Steps.user_is_on(java.lang.String)&amp#27;[39m
  &amp#27;[32m✔&amp#27;[39m &amp#27;[32m&amp#27;[1mWhen &amp#27;[22mUser click on link &amp#27;[1m"opportunities"&amp#27;[22m&amp#27;[39m                    &amp#27;[90m# training.steps.Steps.user_click_on_link(java.lang.String)&amp#27;[39m
  &amp#27;[32m✔&amp#27;[39m &amp#27;[32m&amp#27;[1mAnd &amp#27;[22mUser is on &amp#27;[1m"OptyHomePage"&amp#27;[22m&amp#27;[39m                              &amp#27;[90m# training.steps.Steps.user_is_on(java.lang.String)&amp#27;[39m
  &amp#27;[32m✔&amp#27;[39m &amp#27;[32m&amp#27;[1mAnd &amp#27;[22mUser click on link &amp#27;[1m"stuckopportunities"&amp#27;[22m&amp#27;[39m                &amp#27;[90m# training.steps.Steps.user_click_on_link(java.lang.String)&amp#27;[39m
  &amp#27;[32m✔&amp#27;[39m &amp#27;[32m&amp#27;[1mAnd &amp#27;[22mUser is on &amp#27;[1m"OptyStuckReportPage"&amp#27;[22m&amp#27;[39m                       &amp#27;[90m# training.steps.Steps.user_is_on(java.lang.String)&amp#27;[39m
  &amp#27;[32m✔&amp#27;[39m &amp#27;[32m&amp#27;[1mThen &amp#27;[22mUser verify the text &amp#27;[1m"pagetype"&amp#27;[22m &amp#27;[1m"Stuck Opportunities"&amp#27;[22m&amp#27;[39m &amp#27;[90m# training.steps.Steps.user_verify_the_text(java.lang.String,java.lang.String)&amp#27;[39m
]]></system-out>
    <system-err><![CDATA[Starting ChromeDriver 142.0.7444.175 (302067f14a4ea3f42001580e6101fa25ed343445-refs/branch-heads/7444@{#2749}) on port 16164
Only local connections are allowed.
Please see https://chromedriver.chromium.org/security-considerations for suggestions on keeping ChromeDriver safe.
ChromeDriver was started successfully on port 16164.
Dec 06, 2025 5:52:06 PM org.openqa.selenium.remote.ProtocolHandshake createSession
INFO: Detected dialect: W3C
]]></system-err>
  </testcase>
  <testcase name="TC19 Create Oppurtunity Quarterly Summary Report" classname="Opportunity all testcases" time="18.975">
    <system-out><![CDATA[
@Opty
&amp#27;[1mScenario:&amp#27;[22m TC19 Create Oppurtunity Quarterly Summary Report                              &amp#27;[90m# features/Oppurtunity.feature:66&amp#27;[39m
  &amp#27;[32m✔&amp#27;[39m &amp#27;[32m&amp#27;[1mGiven &amp#27;[22mUser secure launch the application&amp#27;[39m                                            &amp#27;[90m# training.steps.Steps.user_secure_launch_the_application()&amp#27;[39m
  &amp#27;[32m✔&amp#27;[39m &amp#27;[32m&amp#27;[1mGiven &amp#27;[22mUser is on &amp#27;[1m"HomePage"&amp#27;[22m&amp#27;[39m                                                         &amp#27;[90m# training.steps.Steps.user_is_on(java.lang.String)&amp#27;[39m
  &amp#27;[32m✔&amp#27;[39m &amp#27;[32m&amp#27;[1mWhen &amp#27;[22mUser click on link &amp#27;[1m"opportunities"&amp#27;[22m&amp#27;[39m                                             &amp#27;[90m# training.steps.Steps.user_click_on_link(java.lang.String)&amp#27;[39m
  &amp#27;[32m✔&amp#27;[39m &amp#27;[32m&amp#27;[1mAnd &amp#27;[22mUser is on &amp#27;[1m"OptyHomePage"&amp#27;[22m&amp#27;[39m                                                       &amp#27;[90m# training.steps.Steps.user_is_on(java.lang.String)&amp#27;[39m
  &amp#27;[32m✔&amp#27;[39m &amp#27;[32m&amp#27;[1mAnd &amp#27;[22mUser read and select from dropdown &amp#27;[1m"intervaldropdown"&amp#27;[22m &amp#27;[1m"interval"&amp#27;[22m&amp#27;[39m                &amp#27;[90m# training.steps.Steps.user_read_and_select_from_dropdown(java.lang.String,java.lang.String)&amp#27;[39m
  &amp#27;[32m✔&amp#27;[39m &amp#27;[32m&amp#27;[1mAnd &amp#27;[22mUser read and select from dropdown by value &amp#27;[1m"includedropdown"&amp#27;[22m &amp#27;[1m"include"&amp#27;[22m&amp#27;[39m         &amp#27;[90m# training.steps.Steps.user_read_and_select_from_dropdown_by_value(java.lang.String,java.lang.String)&amp#27;[39m
  &amp#27;[32m✔&amp#27;[39m &amp#27;[32m&amp#27;[1mAnd &amp#27;[22mUser click on link &amp#27;[1m"run"&amp#27;[22m&amp#27;[39m                                                        &amp#27;[90m# training.steps.Steps.user_click_on_link(java.lang.String)&amp#27;[39m
  &amp#27;[32m✔&amp#27;[39m &amp#27;[32m&amp#27;[1mAnd &amp#27;[22mUser is on &amp#27;[1m"OptyQuarterlySummaryPage"&amp#27;[22m&amp#27;[39m                                           &amp#27;[90m# training.steps.Steps.user_is_on(java.lang.String)&amp#27;[39m
  &amp#27;[32m✔&amp#27;[39m &amp#27;[32m&amp#27;[1mThen &amp#27;[22mUser verify the text &amp#27;[1m"pagetype"&amp#27;[22m &amp#27;[1m"Opportunity Report"&amp#27;[22m&amp#27;[39m                           &amp#27;[90m# training.steps.Steps.user_verify_the_text(java.lang.String,java.lang.String)&amp#27;[39m
  &amp#27;[32m✔&amp#27;[39m &amp#27;[32m&amp#27;[1mAnd &amp#27;[22mUser verify first selected item in dropdown &amp#27;[1m"rangedropdown"&amp#27;[22m &amp#27;[1m"interval"&amp#27;[22m&amp#27;[39m          &amp#27;[90m# training.steps.Steps.user_verify_first_selected_item_in_dropdown(java.lang.String,java.lang.String)&amp#27;[39m
  &amp#27;[32m✔&amp#27;[39m &amp#27;[32m&amp#27;[1mAnd &amp#27;[22mUser verify first selected item in dropdown by value &amp#27;[1m"statusdropdown"&amp#27;[22m &amp#27;[1m"include"&amp#27;[22m&amp#27;[39m &amp#27;[90m# training.steps.Steps.user_verify_first_selected_item_in_dropdown_by_value(java.lang.String,java.lang.String)&amp#27;[39m
]]></system-out>
    <system-err><![CDATA[Starting ChromeDriver 142.0.7444.175 (302067f14a4ea3f42001580e6101fa25ed343445-refs/branch-heads/7444@{#2749}) on port 12702
Only local connections are allowed.
Please see https://chromedriver.chromium.org/security-considerations for suggestions on keeping ChromeDriver safe.
ChromeDriver was started successfully on port 12702.
Dec 06, 2025 5:52:24 PM org.openqa.selenium.remote.ProtocolHandshake createSession
INFO: Detected dialect: W3C
]]></system-err>
  </testcase>
  <testcase name="TC33 Verify Logged in User" classname="scenarios related to UserProfile and Calender all testcases" time="15.652">
    <system-out><![CDATA[
@Other
&amp#27;[1mScenario:&amp#27;[22m TC33 Verify Logged in User                 &amp#27;[90m# features/RandomScenarios.feature:8&amp#27;[39m
  &amp#27;[32m✔&amp#27;[39m &amp#27;[32m&amp#27;[1mGiven &amp#27;[22mUser secure launch the application&amp#27;[39m         &amp#27;[90m# training.steps.Steps.user_secure_launch_the_application()&amp#27;[39m
  &amp#27;[32m✔&amp#27;[39m &amp#27;[32m&amp#27;[1mGiven &amp#27;[22mUser is on &amp#27;[1m"HomePage"&amp#27;[22m&amp#27;[39m                      &amp#27;[90m# training.steps.Steps.user_is_on(java.lang.String)&amp#27;[39m
  &amp#27;[32m✔&amp#27;[39m &amp#27;[32m&amp#27;[1mWhen &amp#27;[22mUser click on link &amp#27;[1m"currentusername"&amp#27;[22m&amp#27;[39m        &amp#27;[90m# training.steps.Steps.user_click_on_link(java.lang.String)&amp#27;[39m
  &amp#27;[32m✔&amp#27;[39m &amp#27;[32m&amp#27;[1mAnd &amp#27;[22mUser is on &amp#27;[1m"UserProfilePage"&amp#27;[22m&amp#27;[39m                 &amp#27;[90m# training.steps.Steps.user_is_on(java.lang.String)&amp#27;[39m
  &amp#27;[32m✔&amp#27;[39m &amp#27;[32m&amp#27;[1mThen &amp#27;[22mUser verify the text &amp#27;[1m"userprofile"&amp#27;[22m &amp#27;[1m"People"&amp#27;[22m&amp#27;[39m &amp#27;[90m# training.steps.Steps.user_verify_the_text(java.lang.String,java.lang.String)&amp#27;[39m
]]></system-out>
    <system-err><![CDATA[Starting ChromeDriver 142.0.7444.175 (302067f14a4ea3f42001580e6101fa25ed343445-refs/branch-heads/7444@{#2749}) on port 43777
Only local connections are allowed.
Please see https://chromedriver.chromium.org/security-considerations for suggestions on keeping ChromeDriver safe.
ChromeDriver was started successfully on port 43777.
Dec 06, 2025 5:52:43 PM org.openqa.selenium.remote.ProtocolHandshake createSession
INFO: Detected dialect: W3C
]]></system-err>
  </testcase>
  <testcase name="TC34 Select UserMenu MyProfile and Post" classname="scenarios related to UserProfile and Calender all testcases" time="22.284">
    <system-out><![CDATA[
@Other
&amp#27;[1mScenario:&amp#27;[22m TC34 Select UserMenu MyProfile and Post           &amp#27;[90m# features/RandomScenarios.feature:15&amp#27;[39m
  &amp#27;[32m✔&amp#27;[39m &amp#27;[32m&amp#27;[1mGiven &amp#27;[22mUser secure launch the application&amp#27;[39m                &amp#27;[90m# training.steps.Steps.user_secure_launch_the_application()&amp#27;[39m
  &amp#27;[32m✔&amp#27;[39m &amp#27;[32m&amp#27;[1mGiven &amp#27;[22mUser is on &amp#27;[1m"HomePage"&amp#27;[22m&amp#27;[39m                             &amp#27;[90m# training.steps.Steps.user_is_on(java.lang.String)&amp#27;[39m
  &amp#27;[32m✔&amp#27;[39m &amp#27;[32m&amp#27;[1mWhen &amp#27;[22mUser click on link &amp#27;[1m"currentusername"&amp#27;[22m&amp#27;[39m               &amp#27;[90m# training.steps.Steps.user_click_on_link(java.lang.String)&amp#27;[39m
  &amp#27;[32m✔&amp#27;[39m &amp#27;[32m&amp#27;[1mAnd &amp#27;[22mUser is on &amp#27;[1m"UserProfilePage"&amp#27;[22m&amp#27;[39m                        &amp#27;[90m# training.steps.Steps.user_is_on(java.lang.String)&amp#27;[39m
  &amp#27;[32m✔&amp#27;[39m &amp#27;[32m&amp#27;[1mAnd &amp#27;[22mUser click on link &amp#27;[1m"editProfileicon"&amp#27;[22m&amp#27;[39m                &amp#27;[90m# training.steps.Steps.user_click_on_link(java.lang.String)&amp#27;[39m
  &amp#27;[32m✔&amp#27;[39m &amp#27;[32m&amp#27;[1mAnd &amp#27;[22mUser switch to iframe &amp#27;[1m"aboutcontactframe"&amp#27;[22m&amp#27;[39m           &amp#27;[90m# training.steps.Steps.user_switch_to_iframe(java.lang.String)&amp#27;[39m
  &amp#27;[32m✔&amp#27;[39m &amp#27;[32m&amp#27;[1mAnd &amp#27;[22mUser click on button &amp#27;[1m"abouttab"&amp#27;[22m&amp#27;[39m                     &amp#27;[90m# training.steps.Steps.user_click_on_button(java.lang.String)&amp#27;[39m
  &amp#27;[32m✔&amp#27;[39m &amp#27;[32m&amp#27;[1mAnd &amp#27;[22mUser clear the textbox &amp#27;[1m"lastname"&amp#27;[22m&amp#27;[39m                   &amp#27;[90m# training.steps.Steps.user_clear_the_textbox(java.lang.String)&amp#27;[39m
  &amp#27;[32m✔&amp#27;[39m &amp#27;[32m&amp#27;[1mAnd &amp#27;[22mUser enter into textbox &amp#27;[1m"lastname"&amp#27;[22m &amp#27;[1m"ABCD"&amp#27;[22m&amp#27;[39m           &amp#27;[90m# training.steps.Steps.user_enter_into_textbox(java.lang.String,java.lang.String)&amp#27;[39m
  &amp#27;[32m✔&amp#27;[39m &amp#27;[32m&amp#27;[1mAnd &amp#27;[22mUser click on button &amp#27;[1m"saveall"&amp#27;[22m&amp#27;[39m                      &amp#27;[90m# training.steps.Steps.user_click_on_button(java.lang.String)&amp#27;[39m
  &amp#27;[32m✔&amp#27;[39m &amp#27;[32m&amp#27;[1mAnd &amp#27;[22mUser switch to default content&amp#27;[39m                      &amp#27;[90m# training.steps.Steps.user_switch_to_default_content()&amp#27;[39m
  &amp#27;[32m✔&amp#27;[39m &amp#27;[32m&amp#27;[1mThen &amp#27;[22mUser verify the text contains &amp#27;[1m"profilename"&amp#27;[22m &amp#27;[1m"ABCD"&amp#27;[22m&amp#27;[39m &amp#27;[90m# training.steps.Steps.user_verify_the_text_contains(java.lang.String,java.lang.String)&amp#27;[39m
]]></system-out>
    <system-err><![CDATA[Starting ChromeDriver 142.0.7444.175 (302067f14a4ea3f42001580e6101fa25ed343445-refs/branch-heads/7444@{#2749}) on port 31583
Only local connections are allowed.
Please see https://chromedriver.chromium.org/security-considerations for suggestions on keeping ChromeDriver safe.
ChromeDriver was started successfully on port 31583.
Dec 06, 2025 5:52:59 PM org.openqa.selenium.remote.ProtocolHandshake createSession
INFO: Detected dialect: W3C
]]></system-err>
  </testcase>
  <testcase name="TC35 Customize Tab Removal" classname="scenarios related to UserProfile and Calender all testcases" time="25.159">
    <system-out><![CDATA[
@Other
&amp#27;[1mScenario:&amp#27;[22m TC35 Customize Tab Removal                                           &amp#27;[90m# features/RandomScenarios.feature:29&amp#27;[39m
  &amp#27;[32m✔&amp#27;[39m &amp#27;[32m&amp#27;[1mGiven &amp#27;[22mUser secure launch the application&amp#27;[39m                                   &amp#27;[90m# training.steps.Steps.user_secure_launch_the_application()&amp#27;[39m
  &amp#27;[32m✔&amp#27;[39m &amp#27;[32m&amp#27;[1mGiven &amp#27;[22mUser is on &amp#27;[1m"HomePage"&amp#27;[22m&amp#27;[39m                                                &amp#27;[90m# training.steps.Steps.user_is_on(java.lang.String)&amp#27;[39m
  &amp#27;[32m✔&amp#27;[39m &amp#27;[32m&amp#27;[1mWhen &amp#27;[22mUser click on link &amp#27;[1m"plusicon"&amp#27;[22m&amp#27;[39m                                         &amp#27;[90m# training.steps.Steps.user_click_on_link(java.lang.String)&amp#27;[39m
  &amp#27;[32m✔&amp#27;[39m &amp#27;[32m&amp#27;[1mThen &amp#27;[22mUser is on &amp#27;[1m"ShowAllTabsPage"&amp#27;[22m&amp#27;[39m                                          &amp#27;[90m# training.steps.Steps.user_is_on(java.lang.String)&amp#27;[39m
  &amp#27;[32m✔&amp#27;[39m &amp#27;[32m&amp#27;[1mWhen &amp#27;[22mUser click on button &amp#27;[1m"customizemytabs"&amp#27;[22m&amp#27;[39m                                &amp#27;[90m# training.steps.Steps.user_click_on_button(java.lang.String)&amp#27;[39m
  &amp#27;[32m✔&amp#27;[39m &amp#27;[32m&amp#27;[1mThen &amp#27;[22mUser is on &amp#27;[1m"UserSettingsPage"&amp#27;[22m&amp#27;[39m                                         &amp#27;[90m# training.steps.Steps.user_is_on(java.lang.String)&amp#27;[39m
  &amp#27;[32m✔&amp#27;[39m &amp#27;[32m&amp#27;[1mAnd &amp#27;[22mUser click on dropdown &amp#27;[1m"customappdropdown"&amp#27;[22m&amp#27;[39m                             &amp#27;[90m# training.steps.Steps.user_click_on_dropdown(java.lang.String)&amp#27;[39m
  &amp#27;[32m✔&amp#27;[39m &amp#27;[32m&amp#27;[1mAnd &amp#27;[22mUser read and select from dropdown &amp#27;[1m"customappdropdown"&amp#27;[22m &amp#27;[1m"customapp"&amp#27;[22m&amp#27;[39m     &amp#27;[90m# training.steps.Steps.user_read_and_select_from_dropdown(java.lang.String,java.lang.String)&amp#27;[39m
  &amp#27;[32m✔&amp#27;[39m &amp#27;[32m&amp#27;[1mAnd &amp#27;[22mUser read and select from dropdown &amp#27;[1m"selectedtabdropdown"&amp#27;[22m &amp#27;[1m"tabtoremove"&amp#27;[22m&amp#27;[39m &amp#27;[90m# training.steps.Steps.user_read_and_select_from_dropdown(java.lang.String,java.lang.String)&amp#27;[39m
  &amp#27;[32m✔&amp#27;[39m &amp#27;[32m&amp#27;[1mAnd &amp#27;[22mUser click on button &amp#27;[1m"remove"&amp#27;[22m&amp#27;[39m                                          &amp#27;[90m# training.steps.Steps.user_click_on_button(java.lang.String)&amp#27;[39m
  &amp#27;[32m✔&amp#27;[39m &amp#27;[32m&amp#27;[1mThen &amp#27;[22mUser verify the item in dropdown &amp#27;[1m"availabletabdropdown"&amp#27;[22m &amp#27;[1m"tabtoremove"&amp#27;[22m&amp#27;[39m &amp#27;[90m# training.steps.Steps.user_verify_the_item_in_dropdown(java.lang.String,java.lang.String)&amp#27;[39m
  &amp#27;[32m✔&amp#27;[39m &amp#27;[32m&amp#27;[1mWhen &amp#27;[22mUser click on button &amp#27;[1m"save"&amp#27;[22m&amp#27;[39m                                           &amp#27;[90m# training.steps.Steps.user_click_on_button(java.lang.String)&amp#27;[39m
  &amp#27;[32m✔&amp#27;[39m &amp#27;[32m&amp#27;[1mAnd &amp#27;[22mUser is on &amp#27;[1m"HomePage"&amp#27;[22m&amp#27;[39m                                                  &amp#27;[90m# training.steps.Steps.user_is_on(java.lang.String)&amp#27;[39m
  &amp#27;[32m✔&amp#27;[39m &amp#27;[32m&amp#27;[1mAnd &amp#27;[22mUser click on dropdown &amp#27;[1m"appmenu"&amp#27;[22m&amp#27;[39m                                       &amp#27;[90m# training.steps.Steps.user_click_on_dropdown(java.lang.String)&amp#27;[39m
  &amp#27;[32m✔&amp#27;[39m &amp#27;[32m&amp#27;[1mAnd &amp#27;[22mUser click on link &amp#27;[1m"salesforcechatter"&amp#27;[22m&amp#27;[39m                                 &amp#27;[90m# training.steps.Steps.user_click_on_link(java.lang.String)&amp#27;[39m
  &amp#27;[32m✔&amp#27;[39m &amp#27;[32m&amp#27;[1mThen &amp#27;[22mUser verify the item is not in list &amp#27;[1m"tabbarmenulist"&amp#27;[22m &amp#27;[1m"tabtoremove"&amp#27;[22m&amp#27;[39m    &amp#27;[90m# training.steps.Steps.user_verify_the_item_is_not_in_list(java.lang.String,java.lang.String)&amp#27;[39m
  &amp#27;[32m✔&amp#27;[39m &amp#27;[32m&amp#27;[1mAnd &amp#27;[22mUser click on dropdown &amp#27;[1m"appmenu"&amp#27;[22m&amp#27;[39m                                       &amp#27;[90m# training.steps.Steps.user_click_on_dropdown(java.lang.String)&amp#27;[39m
  &amp#27;[32m✔&amp#27;[39m &amp#27;[32m&amp#27;[1mAnd &amp#27;[22mUser click on link &amp#27;[1m"Content"&amp#27;[22m&amp#27;[39m                                           &amp#27;[90m# training.steps.Steps.user_click_on_link(java.lang.String)&amp#27;[39m
]]></system-out>
    <system-err><![CDATA[Starting ChromeDriver 142.0.7444.175 (302067f14a4ea3f42001580e6101fa25ed343445-refs/branch-heads/7444@{#2749}) on port 24580
Only local connections are allowed.
Please see https://chromedriver.chromium.org/security-considerations for suggestions on keeping ChromeDriver safe.
ChromeDriver was started successfully on port 24580.
Dec 06, 2025 5:53:21 PM org.openqa.selenium.remote.ProtocolHandshake createSession
INFO: Detected dialect: W3C
]]></system-err>
  </testcase>
  <testcase name="TC05 Select UserMenu Dropdown" classname="Usermenu dropdown all testcases" time="13.593">
    <system-out><![CDATA[
@Smoke @UserMenu
&amp#27;[1mScenario:&amp#27;[22m TC05 Select UserMenu Dropdown                         &amp#27;[90m# features/UserMenu.feature:8&amp#27;[39m
  &amp#27;[32m✔&amp#27;[39m &amp#27;[32m&amp#27;[1mGiven &amp#27;[22mUser secure launch the application&amp#27;[39m                    &amp#27;[90m# training.steps.Steps.user_secure_launch_the_application()&amp#27;[39m
  &amp#27;[32m✔&amp#27;[39m &amp#27;[32m&amp#27;[1mGiven &amp#27;[22mUser is on &amp#27;[1m"HomePage"&amp#27;[22m&amp#27;[39m                                 &amp#27;[90m# training.steps.Steps.user_is_on(java.lang.String)&amp#27;[39m
  &amp#27;[32m✔&amp#27;[39m &amp#27;[32m&amp#27;[1mWhen &amp#27;[22mUser click on link &amp#27;[1m"usermenu"&amp#27;[22m&amp#27;[39m                          &amp#27;[90m# training.steps.Steps.user_click_on_link(java.lang.String)&amp#27;[39m
  &amp#27;[32m✔&amp#27;[39m &amp#27;[32m&amp#27;[1mThen &amp#27;[22mUser verify the following items in list &amp#27;[1m"usermenulist"&amp#27;[22m&amp#27;[39m &amp#27;[90m# training.steps.Steps.user_verify_the_following_items_in_list(java.lang.String,io.cucumber.datatable.DataTable)&amp#27;[39m
      | My Profile                     |
      | My Settings                    |
      | Developer Console              |
      | Switch to Lightning Experience |
      | Logout                         |
]]></system-out>
    <system-err><![CDATA[Starting ChromeDriver 142.0.7444.175 (302067f14a4ea3f42001580e6101fa25ed343445-refs/branch-heads/7444@{#2749}) on port 13404
Only local connections are allowed.
Please see https://chromedriver.chromium.org/security-considerations for suggestions on keeping ChromeDriver safe.
ChromeDriver was started successfully on port 13404.
Dec 06, 2025 5:53:47 PM org.openqa.selenium.remote.ProtocolHandshake createSession
INFO: Detected dialect: W3C
]]></system-err>
  </testcase>
  <testcase name="TC06A Select UserMenu MyProfile and Edit" classname="Usermenu dropdown all testcases" time="23.912">
    <system-out><![CDATA[
@UserMenu @UserProfile
&amp#27;[1mScenario:&amp#27;[22m TC06A Select UserMenu MyProfile and Edit              &amp#27;[90m# features/UserMenu.feature:20&amp#27;[39m
  &amp#27;[32m✔&amp#27;[39m &amp#27;[32m&amp#27;[1mGiven &amp#27;[22mUser secure launch the application&amp#27;[39m                    &amp#27;[90m# training.steps.Steps.user_secure_launch_the_application()&amp#27;[39m
  &amp#27;[32m✔&amp#27;[39m &amp#27;[32m&amp#27;[1mGiven &amp#27;[22mUser is on &amp#27;[1m"HomePage"&amp#27;[22m&amp#27;[39m                                 &amp#27;[90m# training.steps.Steps.user_is_on(java.lang.String)&amp#27;[39m
  &amp#27;[32m✔&amp#27;[39m &amp#27;[32m&amp#27;[1mWhen &amp#27;[22mUser click on link &amp#27;[1m"usermenu"&amp#27;[22m&amp#27;[39m                          &amp#27;[90m# training.steps.Steps.user_click_on_link(java.lang.String)&amp#27;[39m
  &amp#27;[32m✔&amp#27;[39m &amp#27;[32m&amp#27;[1mAnd &amp#27;[22mUser click on link &amp#27;[1m"myprofile"&amp#27;[22m&amp#27;[39m                          &amp#27;[90m# training.steps.Steps.user_click_on_link(java.lang.String)&amp#27;[39m
  &amp#27;[32m✔&amp#27;[39m &amp#27;[32m&amp#27;[1mAnd &amp#27;[22mUser is on &amp#27;[1m"UserProfilePage"&amp#27;[22m&amp#27;[39m                            &amp#27;[90m# training.steps.Steps.user_is_on(java.lang.String)&amp#27;[39m
  &amp#27;[32m✔&amp#27;[39m &amp#27;[32m&amp#27;[1mAnd &amp#27;[22mUser wait for page to load&amp#27;[39m                              &amp#27;[90m# training.steps.Steps.user_wait_for_page_to_load()&amp#27;[39m
  &amp#27;[32m✔&amp#27;[39m &amp#27;[32m&amp#27;[1mThen &amp#27;[22mUser verify the text &amp#27;[1m"userprofile"&amp#27;[22m &amp#27;[1m"People"&amp#27;[22m&amp#27;[39m            &amp#27;[90m# training.steps.Steps.user_verify_the_text(java.lang.String,java.lang.String)&amp#27;[39m
  &amp#27;[32m✔&amp#27;[39m &amp#27;[32m&amp#27;[1mWhen &amp#27;[22mUser click on link &amp#27;[1m"editProfileicon"&amp#27;[22m&amp#27;[39m                   &amp#27;[90m# training.steps.Steps.user_click_on_link(java.lang.String)&amp#27;[39m
  &amp#27;[32m✔&amp#27;[39m &amp#27;[32m&amp#27;[1mAnd &amp#27;[22mUser switch to iframe &amp#27;[1m"aboutcontactframe"&amp#27;[22m&amp#27;[39m               &amp#27;[90m# training.steps.Steps.user_switch_to_iframe(java.lang.String)&amp#27;[39m
  &amp#27;[32m✔&amp#27;[39m &amp#27;[32m&amp#27;[1mAnd &amp#27;[22mUser click on button &amp#27;[1m"abouttab"&amp#27;[22m&amp#27;[39m                         &amp#27;[90m# training.steps.Steps.user_click_on_button(java.lang.String)&amp#27;[39m
  &amp#27;[32m✔&amp#27;[39m &amp#27;[32m&amp#27;[1mAnd &amp#27;[22mUser clear the textbox &amp#27;[1m"lastname"&amp#27;[22m&amp#27;[39m                       &amp#27;[90m# training.steps.Steps.user_clear_the_textbox(java.lang.String)&amp#27;[39m
  &amp#27;[32m✔&amp#27;[39m &amp#27;[32m&amp#27;[1mAnd &amp#27;[22mUser read and enter into textbox &amp#27;[1m"lastname"&amp#27;[22m&amp#27;[39m             &amp#27;[90m# training.steps.Steps.user_read_and_enter_into_textbox(java.lang.String)&amp#27;[39m
  &amp#27;[32m✔&amp#27;[39m &amp#27;[32m&amp#27;[1mAnd &amp#27;[22mUser click on button &amp#27;[1m"saveall"&amp#27;[22m&amp#27;[39m                          &amp#27;[90m# training.steps.Steps.user_click_on_button(java.lang.String)&amp#27;[39m
  &amp#27;[32m✔&amp#27;[39m &amp#27;[32m&amp#27;[1mAnd &amp#27;[22mUser switch to default content&amp#27;[39m                          &amp#27;[90m# training.steps.Steps.user_switch_to_default_content()&amp#27;[39m
  &amp#27;[32m✔&amp#27;[39m &amp#27;[32m&amp#27;[1mThen &amp#27;[22mUser verify the data contains &amp#27;[1m"profilename"&amp#27;[22m &amp#27;[1m"lastname"&amp#27;[22m&amp#27;[39m &amp#27;[90m# training.steps.Steps.user_verify_the_data_contains(java.lang.String,java.lang.String)&amp#27;[39m
]]></system-out>
    <system-err><![CDATA[Starting ChromeDriver 142.0.7444.175 (302067f14a4ea3f42001580e6101fa25ed343445-refs/branch-heads/7444@{#2749}) on port 18157
Only local connections are allowed.
Please see https://chromedriver.chromium.org/security-considerations for suggestions on keeping ChromeDriver safe.
ChromeDriver was started successfully on port 18157.
Dec 06, 2025 5:54:00 PM org.openqa.selenium.remote.ProtocolHandshake createSession
INFO: Detected dialect: W3C
]]></system-err>
  </testcase>
  <testcase name="TC06B Select UserMenu MyProfile and Post" classname="Usermenu dropdown all testcases" time="27.992">
    <system-out><![CDATA[
@UserMenu @UserProfile
&amp#27;[1mScenario:&amp#27;[22m TC06B Select UserMenu MyProfile and Post                            &amp#27;[90m# features/UserMenu.feature:38&amp#27;[39m
  &amp#27;[32m✔&amp#27;[39m &amp#27;[32m&amp#27;[1mGiven &amp#27;[22mUser secure launch the application&amp#27;[39m                                  &amp#27;[90m# training.steps.Steps.user_secure_launch_the_application()&amp#27;[39m
  &amp#27;[32m✔&amp#27;[39m &amp#27;[32m&amp#27;[1mGiven &amp#27;[22mUser is on &amp#27;[1m"HomePage"&amp#27;[22m&amp#27;[39m                                               &amp#27;[90m# training.steps.Steps.user_is_on(java.lang.String)&amp#27;[39m
  &amp#27;[32m✔&amp#27;[39m &amp#27;[32m&amp#27;[1mWhen &amp#27;[22mUser click on link &amp#27;[1m"usermenu"&amp#27;[22m&amp#27;[39m                                        &amp#27;[90m# training.steps.Steps.user_click_on_link(java.lang.String)&amp#27;[39m
  &amp#27;[32m✔&amp#27;[39m &amp#27;[32m&amp#27;[1mAnd &amp#27;[22mUser click on link &amp#27;[1m"myprofile"&amp#27;[22m&amp#27;[39m                                        &amp#27;[90m# training.steps.Steps.user_click_on_link(java.lang.String)&amp#27;[39m
  &amp#27;[32m✔&amp#27;[39m &amp#27;[32m&amp#27;[1mThen &amp#27;[22mUser is on &amp#27;[1m"UserProfilePage"&amp#27;[22m&amp#27;[39m                                         &amp#27;[90m# training.steps.Steps.user_is_on(java.lang.String)&amp#27;[39m
  &amp#27;[32m✔&amp#27;[39m &amp#27;[32m&amp#27;[1mAnd &amp#27;[22mUser wait for page to load&amp#27;[39m                                            &amp#27;[90m# training.steps.Steps.user_wait_for_page_to_load()&amp#27;[39m
  &amp#27;[32m✔&amp#27;[39m &amp#27;[32m&amp#27;[1mWhen &amp#27;[22mUser click on link &amp#27;[1m"post"&amp#27;[22m&amp#27;[39m                                            &amp#27;[90m# training.steps.Steps.user_click_on_link(java.lang.String)&amp#27;[39m
  &amp#27;[32m✔&amp#27;[39m &amp#27;[32m&amp#27;[1mAnd &amp#27;[22mUser switch to iframe &amp#27;[1m"postframe"&amp#27;[22m&amp#27;[39m                                     &amp#27;[90m# training.steps.Steps.user_switch_to_iframe(java.lang.String)&amp#27;[39m
  &amp#27;[32m✔&amp#27;[39m &amp#27;[32m&amp#27;[1mAnd &amp#27;[22mUser read and enter into textbox &amp#27;[1m"postcontent"&amp#27;[22m&amp#27;[39m                        &amp#27;[90m# training.steps.Steps.user_read_and_enter_into_textbox(java.lang.String)&amp#27;[39m
  &amp#27;[32m✔&amp#27;[39m &amp#27;[32m&amp#27;[1mAnd &amp#27;[22mUser switch to default content&amp#27;[39m                                        &amp#27;[90m# training.steps.Steps.user_switch_to_default_content()&amp#27;[39m
  &amp#27;[32m✔&amp#27;[39m &amp#27;[32m&amp#27;[1mAnd &amp#27;[22mUser click on button &amp#27;[1m"share"&amp#27;[22m&amp#27;[39m                                          &amp#27;[90m# training.steps.Steps.user_click_on_button(java.lang.String)&amp#27;[39m
  &amp#27;[32m✔&amp#27;[39m &amp#27;[32m&amp#27;[1mThen &amp#27;[22mUser verify the text contains &amp#27;[1m"feeditemtopic"&amp#27;[22m &amp#27;[1m"Click to add topics:"&amp#27;[22m&amp#27;[39m &amp#27;[90m# training.steps.Steps.user_verify_the_text_contains(java.lang.String,java.lang.String)&amp#27;[39m
  &amp#27;[32m✔&amp#27;[39m &amp#27;[32m&amp#27;[1mAnd &amp#27;[22mUser verify the data &amp#27;[1m"postedfeed"&amp#27;[22m &amp#27;[1m"postcontent"&amp#27;[22m&amp#27;[39m                       &amp#27;[90m# training.steps.Steps.user_verify_the_data(java.lang.String,java.lang.String)&amp#27;[39m
]]></system-out>
    <system-err><![CDATA[Starting ChromeDriver 142.0.7444.175 (302067f14a4ea3f42001580e6101fa25ed343445-refs/branch-heads/7444@{#2749}) on port 49099
Only local connections are allowed.
Please see https://chromedriver.chromium.org/security-considerations for suggestions on keeping ChromeDriver safe.
ChromeDriver was started successfully on port 49099.
Dec 06, 2025 5:54:24 PM org.openqa.selenium.remote.ProtocolHandshake createSession
INFO: Detected dialect: W3C
]]></system-err>
  </testcase>
  <testcase name="TC06C Select UserMenu MyProfile and Upload File" classname="Usermenu dropdown all testcases" time="21.936">
    <system-out><![CDATA[
@UserMenu @UserProfile
&amp#27;[1mScenario:&amp#27;[22m TC06C Select UserMenu MyProfile and Upload File                     &amp#27;[90m# features/UserMenu.feature:53&amp#27;[39m
  &amp#27;[32m✔&amp#27;[39m &amp#27;[32m&amp#27;[1mGiven &amp#27;[22mUser secure launch the application&amp#27;[39m                                  &amp#27;[90m# training.steps.Steps.user_secure_launch_the_application()&amp#27;[39m
  &amp#27;[32m✔&amp#27;[39m &amp#27;[32m&amp#27;[1mGiven &amp#27;[22mUser is on &amp#27;[1m"HomePage"&amp#27;[22m&amp#27;[39m                                               &amp#27;[90m# training.steps.Steps.user_is_on(java.lang.String)&amp#27;[39m
  &amp#27;[32m✔&amp#27;[39m &amp#27;[32m&amp#27;[1mWhen &amp#27;[22mUser click on link &amp#27;[1m"usermenu"&amp#27;[22m&amp#27;[39m                                        &amp#27;[90m# training.steps.Steps.user_click_on_link(java.lang.String)&amp#27;[39m
  &amp#27;[32m✔&amp#27;[39m &amp#27;[32m&amp#27;[1mAnd &amp#27;[22mUser click on link &amp#27;[1m"myprofile"&amp#27;[22m&amp#27;[39m                                        &amp#27;[90m# training.steps.Steps.user_click_on_link(java.lang.String)&amp#27;[39m
  &amp#27;[32m✔&amp#27;[39m &amp#27;[32m&amp#27;[1mThen &amp#27;[22mUser is on &amp#27;[1m"UserProfilePage"&amp#27;[22m&amp#27;[39m                                         &amp#27;[90m# training.steps.Steps.user_is_on(java.lang.String)&amp#27;[39m
  &amp#27;[32m✔&amp#27;[39m &amp#27;[32m&amp#27;[1mAnd &amp#27;[22mUser wait for page to load&amp#27;[39m                                            &amp#27;[90m# training.steps.Steps.user_wait_for_page_to_load()&amp#27;[39m
  &amp#27;[32m✔&amp#27;[39m &amp#27;[32m&amp#27;[1mWhen &amp#27;[22mUser click on link &amp#27;[1m"file"&amp#27;[22m&amp#27;[39m                                            &amp#27;[90m# training.steps.Steps.user_click_on_link(java.lang.String)&amp#27;[39m
  &amp#27;[32m✔&amp#27;[39m &amp#27;[32m&amp#27;[1mAnd &amp#27;[22mUser click on button &amp#27;[1m"uploadfile"&amp#27;[22m&amp#27;[39m                                     &amp#27;[90m# training.steps.Steps.user_click_on_button(java.lang.String)&amp#27;[39m
  &amp#27;[32m✔&amp#27;[39m &amp#27;[32m&amp#27;[1mAnd &amp#27;[22mUser read and upload the file &amp#27;[1m"choosefilepath"&amp#27;[22m&amp#27;[39m                        &amp#27;[90m# training.steps.Steps.user_read_and_upload_the_file(java.lang.String)&amp#27;[39m
  &amp#27;[32m✔&amp#27;[39m &amp#27;[32m&amp#27;[1mAnd &amp#27;[22mUser click on button &amp#27;[1m"share"&amp#27;[22m&amp#27;[39m                                          &amp#27;[90m# training.steps.Steps.user_click_on_button(java.lang.String)&amp#27;[39m
  &amp#27;[32m✔&amp#27;[39m &amp#27;[32m&amp#27;[1mThen &amp#27;[22mUser verify the text contains &amp#27;[1m"feeditemtopic"&amp#27;[22m &amp#27;[1m"Click to add topics:"&amp#27;[22m&amp#27;[39m &amp#27;[90m# training.steps.Steps.user_verify_the_text_contains(java.lang.String,java.lang.String)&amp#27;[39m
  &amp#27;[32m✔&amp#27;[39m &amp#27;[32m&amp#27;[1mAnd &amp#27;[22mUser verify the data &amp#27;[1m"uploadedfile"&amp#27;[22m &amp#27;[1m"filebasename"&amp#27;[22m&amp#27;[39m                    &amp#27;[90m# training.steps.Steps.user_verify_the_data(java.lang.String,java.lang.String)&amp#27;[39m
]]></system-out>
    <system-err><![CDATA[Starting ChromeDriver 142.0.7444.175 (302067f14a4ea3f42001580e6101fa25ed343445-refs/branch-heads/7444@{#2749}) on port 29243
Only local connections are allowed.
Please see https://chromedriver.chromium.org/security-considerations for suggestions on keeping ChromeDriver safe.
ChromeDriver was started successfully on port 29243.
Dec 06, 2025 5:54:52 PM org.openqa.selenium.remote.ProtocolHandshake createSession
INFO: Detected dialect: W3C
]]></system-err>
  </testcase>
  <testcase name="TC06D Select UserMenu MyProfile and Upload ProfilePhoto" classname="Usermenu dropdown all testcases" time="30.188">
    <system-out><![CDATA[
@UserMenu @UserProfile
&amp#27;[1mScenario:&amp#27;[22m TC06D Select UserMenu MyProfile and Upload ProfilePhoto        &amp#27;[90m# features/UserMenu.feature:67&amp#27;[39m
  &amp#27;[32m✔&amp#27;[39m &amp#27;[32m&amp#27;[1mGiven &amp#27;[22mUser secure launch the application&amp#27;[39m                             &amp#27;[90m# training.steps.Steps.user_secure_launch_the_application()&amp#27;[39m
  &amp#27;[32m✔&amp#27;[39m &amp#27;[32m&amp#27;[1mGiven &amp#27;[22mUser is on &amp#27;[1m"HomePage"&amp#27;[22m&amp#27;[39m                                          &amp#27;[90m# training.steps.Steps.user_is_on(java.lang.String)&amp#27;[39m
  &amp#27;[32m✔&amp#27;[39m &amp#27;[32m&amp#27;[1mWhen &amp#27;[22mUser click on link &amp#27;[1m"usermenu"&amp#27;[22m&amp#27;[39m                                   &amp#27;[90m# training.steps.Steps.user_click_on_link(java.lang.String)&amp#27;[39m
  &amp#27;[32m✔&amp#27;[39m &amp#27;[32m&amp#27;[1mAnd &amp#27;[22mUser click on link &amp#27;[1m"myprofile"&amp#27;[22m&amp#27;[39m                                   &amp#27;[90m# training.steps.Steps.user_click_on_link(java.lang.String)&amp#27;[39m
  &amp#27;[32m✔&amp#27;[39m &amp#27;[32m&amp#27;[1mThen &amp#27;[22mUser is on &amp#27;[1m"UserProfilePage"&amp#27;[22m&amp#27;[39m                                    &amp#27;[90m# training.steps.Steps.user_is_on(java.lang.String)&amp#27;[39m
  &amp#27;[32m✔&amp#27;[39m &amp#27;[32m&amp#27;[1mAnd &amp#27;[22mUser wait for page to load&amp#27;[39m                                       &amp#27;[90m# training.steps.Steps.user_wait_for_page_to_load()&amp#27;[39m
  &amp#27;[32m✔&amp#27;[39m &amp#27;[32m&amp#27;[1mWhen &amp#27;[22mUser hover on &amp#27;[1m"profilephoto"&amp#27;[22m&amp#27;[39m                                    &amp#27;[90m# training.steps.Steps.user_hover_on(java.lang.String)&amp#27;[39m
  &amp#27;[32m✔&amp#27;[39m &amp#27;[32m&amp#27;[1mAnd &amp#27;[22mUser click on link &amp#27;[1m"addphoto"&amp#27;[22m&amp#27;[39m                                    &amp#27;[90m# training.steps.Steps.user_click_on_link(java.lang.String)&amp#27;[39m
  &amp#27;[32m✔&amp#27;[39m &amp#27;[32m&amp#27;[1mAnd &amp#27;[22mUser switch to iframe &amp#27;[1m"photocontentframe"&amp#27;[22m&amp#27;[39m                        &amp#27;[90m# training.steps.Steps.user_switch_to_iframe(java.lang.String)&amp#27;[39m
  &amp#27;[32m✔&amp#27;[39m &amp#27;[32m&amp#27;[1mAnd &amp#27;[22mUser read and upload the file &amp#27;[1m"profilephotopath"&amp#27;[22m&amp#27;[39m                 &amp#27;[90m# training.steps.Steps.user_read_and_upload_the_file(java.lang.String)&amp#27;[39m
  &amp#27;[32m✔&amp#27;[39m &amp#27;[32m&amp#27;[1mAnd &amp#27;[22mUser click on button &amp#27;[1m"save"&amp#27;[22m&amp#27;[39m                                      &amp#27;[90m# training.steps.Steps.user_click_on_button(java.lang.String)&amp#27;[39m
  &amp#27;[32m✔&amp#27;[39m &amp#27;[32m&amp#27;[1mAnd &amp#27;[22mUser hold and move &amp#27;[1m"photocroparea"&amp#27;[22m &amp#27;[1m"imageXoffset"&amp#27;[22m &amp#27;[1m"imageYoffset"&amp#27;[22m&amp#27;[39m &amp#27;[90m# training.steps.Steps.user_hold_and_move(java.lang.String,java.lang.String,java.lang.String)&amp#27;[39m
  &amp#27;[32m✔&amp#27;[39m &amp#27;[32m&amp#27;[1mAnd &amp#27;[22mUser click on button &amp#27;[1m"saveimage"&amp#27;[22m&amp#27;[39m                                 &amp#27;[90m# training.steps.Steps.user_click_on_button(java.lang.String)&amp#27;[39m
  &amp#27;[32m✔&amp#27;[39m &amp#27;[32m&amp#27;[1mAnd &amp#27;[22mUser switch to default content&amp#27;[39m                                   &amp#27;[90m# training.steps.Steps.user_switch_to_default_content()&amp#27;[39m
  &amp#27;[32m✔&amp#27;[39m &amp#27;[32m&amp#27;[1mThen &amp#27;[22mUser verify the text &amp#27;[1m"addphoto"&amp#27;[22m &amp#27;[1m"Update"&amp#27;[22m&amp#27;[39m                        &amp#27;[90m# training.steps.Steps.user_verify_the_text(java.lang.String,java.lang.String)&amp#27;[39m
]]></system-out>
    <system-err><![CDATA[Starting ChromeDriver 142.0.7444.175 (302067f14a4ea3f42001580e6101fa25ed343445-refs/branch-heads/7444@{#2749}) on port 22804
Only local connections are allowed.
Please see https://chromedriver.chromium.org/security-considerations for suggestions on keeping ChromeDriver safe.
ChromeDriver was started successfully on port 22804.
Dec 06, 2025 5:55:14 PM org.openqa.selenium.remote.ProtocolHandshake createSession
INFO: Detected dialect: W3C
]]></system-err>
  </testcase>
  <testcase name="TC07A Select UserMenu MySettings and Download Login History" classname="Usermenu dropdown all testcases" time="17.538">
    <system-out><![CDATA[
@UserMenu @UserSetting
&amp#27;[1mScenario:&amp#27;[22m TC07A Select UserMenu MySettings and Download Login History &amp#27;[90m# features/UserMenu.feature:85&amp#27;[39m
  &amp#27;[32m✔&amp#27;[39m &amp#27;[32m&amp#27;[1mGiven &amp#27;[22mUser secure launch the application&amp#27;[39m                          &amp#27;[90m# training.steps.Steps.user_secure_launch_the_application()&amp#27;[39m
  &amp#27;[32m✔&amp#27;[39m &amp#27;[32m&amp#27;[1mGiven &amp#27;[22mUser is on &amp#27;[1m"HomePage"&amp#27;[22m&amp#27;[39m                                       &amp#27;[90m# training.steps.Steps.user_is_on(java.lang.String)&amp#27;[39m
  &amp#27;[32m✔&amp#27;[39m &amp#27;[32m&amp#27;[1mWhen &amp#27;[22mUser click on link &amp#27;[1m"usermenu"&amp#27;[22m&amp#27;[39m                                &amp#27;[90m# training.steps.Steps.user_click_on_link(java.lang.String)&amp#27;[39m
  &amp#27;[32m✔&amp#27;[39m &amp#27;[32m&amp#27;[1mAnd &amp#27;[22mUser click on link &amp#27;[1m"mysettings"&amp#27;[22m&amp#27;[39m                               &amp#27;[90m# training.steps.Steps.user_click_on_link(java.lang.String)&amp#27;[39m
  &amp#27;[32m✔&amp#27;[39m &amp#27;[32m&amp#27;[1mAnd &amp#27;[22mUser is on &amp#27;[1m"UserSettingsPage"&amp#27;[22m&amp#27;[39m                                 &amp#27;[90m# training.steps.Steps.user_is_on(java.lang.String)&amp#27;[39m
  &amp#27;[32m✔&amp#27;[39m &amp#27;[32m&amp#27;[1mThen &amp#27;[22mUser verify the text &amp#27;[1m"pagename"&amp#27;[22m &amp#27;[1m"My Settings"&amp#27;[22m&amp#27;[39m                &amp#27;[90m# training.steps.Steps.user_verify_the_text(java.lang.String,java.lang.String)&amp#27;[39m
  &amp#27;[32m✔&amp#27;[39m &amp#27;[32m&amp#27;[1mWhen &amp#27;[22mUser click on button &amp#27;[1m"personal"&amp#27;[22m&amp#27;[39m                              &amp#27;[90m# training.steps.Steps.user_click_on_button(java.lang.String)&amp#27;[39m
  &amp#27;[32m✔&amp#27;[39m &amp#27;[32m&amp#27;[1mAnd &amp#27;[22mUser click on button &amp#27;[1m"loginhistory"&amp#27;[22m&amp#27;[39m                           &amp#27;[90m# training.steps.Steps.user_click_on_button(java.lang.String)&amp#27;[39m
  &amp#27;[32m✔&amp#27;[39m &amp#27;[32m&amp#27;[1mAnd &amp#27;[22mUser click on link &amp#27;[1m"downloadhistory"&amp#27;[22m&amp#27;[39m                          &amp#27;[90m# training.steps.Steps.user_click_on_link(java.lang.String)&amp#27;[39m
  &amp#27;[32m✔&amp#27;[39m &amp#27;[32m&amp#27;[1mThen &amp#27;[22mUser verify the text &amp#27;[1m"pagetype"&amp#27;[22m &amp#27;[1m"Login History"&amp#27;[22m&amp#27;[39m              &amp#27;[90m# training.steps.Steps.user_verify_the_text(java.lang.String,java.lang.String)&amp#27;[39m
]]></system-out>
    <system-err><![CDATA[Starting ChromeDriver 142.0.7444.175 (302067f14a4ea3f42001580e6101fa25ed343445-refs/branch-heads/7444@{#2749}) on port 21575
Only local connections are allowed.
Please see https://chromedriver.chromium.org/security-considerations for suggestions on keeping ChromeDriver safe.
ChromeDriver was started successfully on port 21575.
Dec 06, 2025 5:55:44 PM org.openqa.selenium.remote.ProtocolHandshake createSession
INFO: Detected dialect: W3C
]]></system-err>
  </testcase>
  <testcase name="TC07B Select UserMenu MySettings and Update Display and Layout" classname="Usermenu dropdown all testcases" time="25.687">
    <system-out><![CDATA[
@UserMenu @UserSetting
&amp#27;[1mScenario:&amp#27;[22m TC07B Select UserMenu MySettings and Update Display and Layout     &amp#27;[90m# features/UserMenu.feature:97&amp#27;[39m
  &amp#27;[32m✔&amp#27;[39m &amp#27;[32m&amp#27;[1mGiven &amp#27;[22mUser secure launch the application&amp#27;[39m                                 &amp#27;[90m# training.steps.Steps.user_secure_launch_the_application()&amp#27;[39m
  &amp#27;[32m✔&amp#27;[39m &amp#27;[32m&amp#27;[1mGiven &amp#27;[22mUser is on &amp#27;[1m"HomePage"&amp#27;[22m&amp#27;[39m                                              &amp#27;[90m# training.steps.Steps.user_is_on(java.lang.String)&amp#27;[39m
  &amp#27;[32m✔&amp#27;[39m &amp#27;[32m&amp#27;[1mWhen &amp#27;[22mUser click on link &amp#27;[1m"usermenu"&amp#27;[22m&amp#27;[39m                                       &amp#27;[90m# training.steps.Steps.user_click_on_link(java.lang.String)&amp#27;[39m
  &amp#27;[32m✔&amp#27;[39m &amp#27;[32m&amp#27;[1mAnd &amp#27;[22mUser click on link &amp#27;[1m"mysettings"&amp#27;[22m&amp#27;[39m                                      &amp#27;[90m# training.steps.Steps.user_click_on_link(java.lang.String)&amp#27;[39m
  &amp#27;[32m✔&amp#27;[39m &amp#27;[32m&amp#27;[1mThen &amp#27;[22mUser is on &amp#27;[1m"UserSettingsPage"&amp#27;[22m&amp#27;[39m                                       &amp#27;[90m# training.steps.Steps.user_is_on(java.lang.String)&amp#27;[39m
  &amp#27;[32m✔&amp#27;[39m &amp#27;[32m&amp#27;[1mWhen &amp#27;[22mUser click on button &amp#27;[1m"displayandlayout"&amp#27;[22m&amp#27;[39m                             &amp#27;[90m# training.steps.Steps.user_click_on_button(java.lang.String)&amp#27;[39m
  &amp#27;[32m✔&amp#27;[39m &amp#27;[32m&amp#27;[1mAnd &amp#27;[22mUser click on button &amp#27;[1m"customizemytabs"&amp#27;[22m&amp#27;[39m                               &amp#27;[90m# training.steps.Steps.user_click_on_button(java.lang.String)&amp#27;[39m
  &amp#27;[32m✔&amp#27;[39m &amp#27;[32m&amp#27;[1mAnd &amp#27;[22mUser click on dropdown &amp#27;[1m"customappdropdown"&amp#27;[22m&amp#27;[39m                           &amp#27;[90m# training.steps.Steps.user_click_on_dropdown(java.lang.String)&amp#27;[39m
  &amp#27;[32m✔&amp#27;[39m &amp#27;[32m&amp#27;[1mAnd &amp#27;[22mUser read and select from dropdown &amp#27;[1m"customappdropdown"&amp#27;[22m &amp#27;[1m"customapp"&amp#27;[22m&amp#27;[39m   &amp#27;[90m# training.steps.Steps.user_read_and_select_from_dropdown(java.lang.String,java.lang.String)&amp#27;[39m
  &amp#27;[32m✔&amp#27;[39m &amp#27;[32m&amp#27;[1mAnd &amp#27;[22mUser read and select from dropdown &amp#27;[1m"availabletabdropdown"&amp#27;[22m &amp#27;[1m"tabtoadd"&amp#27;[22m&amp#27;[39m &amp#27;[90m# training.steps.Steps.user_read_and_select_from_dropdown(java.lang.String,java.lang.String)&amp#27;[39m
  &amp#27;[32m✔&amp#27;[39m &amp#27;[32m&amp#27;[1mAnd &amp#27;[22mUser click on button &amp#27;[1m"add"&amp#27;[22m&amp#27;[39m                                           &amp#27;[90m# training.steps.Steps.user_click_on_button(java.lang.String)&amp#27;[39m
  &amp#27;[32m✔&amp#27;[39m &amp#27;[32m&amp#27;[1mThen &amp#27;[22mUser verify the item in dropdown &amp#27;[1m"selectedtabdropdown"&amp#27;[22m &amp#27;[1m"tabtoadd"&amp#27;[22m&amp#27;[39m   &amp#27;[90m# training.steps.Steps.user_verify_the_item_in_dropdown(java.lang.String,java.lang.String)&amp#27;[39m
  &amp#27;[32m✔&amp#27;[39m &amp#27;[32m&amp#27;[1mWhen &amp#27;[22mUser click on button &amp#27;[1m"save"&amp#27;[22m&amp#27;[39m                                         &amp#27;[90m# training.steps.Steps.user_click_on_button(java.lang.String)&amp#27;[39m
  &amp#27;[32m✔&amp#27;[39m &amp#27;[32m&amp#27;[1mAnd &amp#27;[22mUser is on &amp#27;[1m"HomePage"&amp#27;[22m&amp#27;[39m                                                &amp#27;[90m# training.steps.Steps.user_is_on(java.lang.String)&amp#27;[39m
  &amp#27;[32m✔&amp#27;[39m &amp#27;[32m&amp#27;[1mAnd &amp#27;[22mUser click on dropdown &amp#27;[1m"appmenu"&amp#27;[22m&amp#27;[39m                                     &amp#27;[90m# training.steps.Steps.user_click_on_dropdown(java.lang.String)&amp#27;[39m
  &amp#27;[32m✔&amp#27;[39m &amp#27;[32m&amp#27;[1mAnd &amp#27;[22mUser click on link &amp#27;[1m"salesforcechatter"&amp#27;[22m&amp#27;[39m                               &amp#27;[90m# training.steps.Steps.user_click_on_link(java.lang.String)&amp#27;[39m
  &amp#27;[32m✔&amp#27;[39m &amp#27;[32m&amp#27;[1mThen &amp#27;[22mUser verify the item in list &amp#27;[1m"tabbarmenulist"&amp#27;[22m &amp#27;[1m"tabtoadd"&amp#27;[22m&amp#27;[39m            &amp#27;[90m# training.steps.Steps.user_verify_the_item_in_list(java.lang.String,java.lang.String)&amp#27;[39m
  &amp#27;[32m✔&amp#27;[39m &amp#27;[32m&amp#27;[1mAnd &amp#27;[22mUser click on dropdown &amp#27;[1m"appmenu"&amp#27;[22m&amp#27;[39m                                     &amp#27;[90m# training.steps.Steps.user_click_on_dropdown(java.lang.String)&amp#27;[39m
  &amp#27;[32m✔&amp#27;[39m &amp#27;[32m&amp#27;[1mAnd &amp#27;[22mUser click on link &amp#27;[1m"Content"&amp#27;[22m&amp#27;[39m                                         &amp#27;[90m# training.steps.Steps.user_click_on_link(java.lang.String)&amp#27;[39m
]]></system-out>
    <system-err><![CDATA[Starting ChromeDriver 142.0.7444.175 (302067f14a4ea3f42001580e6101fa25ed343445-refs/branch-heads/7444@{#2749}) on port 40584
Only local connections are allowed.
Please see https://chromedriver.chromium.org/security-considerations for suggestions on keeping ChromeDriver safe.
ChromeDriver was started successfully on port 40584.
Dec 06, 2025 5:56:02 PM org.openqa.selenium.remote.ProtocolHandshake createSession
INFO: Detected dialect: W3C
]]></system-err>
  </testcase>
  <testcase name="TC08 Select UserMenu Deleoper Console" classname="Usermenu dropdown all testcases" time="21.718">
    <system-out><![CDATA[
@UserMenu @DeveloperConsole
&amp#27;[1mScenario:&amp#27;[22m TC08 Select UserMenu Deleoper Console         &amp#27;[90m# features/UserMenu.feature:118&amp#27;[39m
  &amp#27;[32m✔&amp#27;[39m &amp#27;[32m&amp#27;[1mGiven &amp#27;[22mUser secure launch the application&amp#27;[39m            &amp#27;[90m# training.steps.Steps.user_secure_launch_the_application()&amp#27;[39m
  &amp#27;[32m✔&amp#27;[39m &amp#27;[32m&amp#27;[1mGiven &amp#27;[22mUser is on &amp#27;[1m"HomePage"&amp#27;[22m&amp#27;[39m                         &amp#27;[90m# training.steps.Steps.user_is_on(java.lang.String)&amp#27;[39m
  &amp#27;[32m✔&amp#27;[39m &amp#27;[32m&amp#27;[1mWhen &amp#27;[22mUser click on link &amp#27;[1m"usermenu"&amp#27;[22m&amp#27;[39m                  &amp#27;[90m# training.steps.Steps.user_click_on_link(java.lang.String)&amp#27;[39m
  &amp#27;[32m✔&amp#27;[39m &amp#27;[32m&amp#27;[1mAnd &amp#27;[22mUser click on link &amp#27;[1m"developerconsole"&amp#27;[22m&amp#27;[39m           &amp#27;[90m# training.steps.Steps.user_click_on_link(java.lang.String)&amp#27;[39m
  &amp#27;[32m✔&amp#27;[39m &amp#27;[32m&amp#27;[1mThen &amp#27;[22mUser verify the new window &amp#27;[1m"Developer Console"&amp#27;[22m&amp#27;[39m &amp#27;[90m# training.steps.Steps.user_verify_the_new_window(java.lang.String)&amp#27;[39m
  &amp#27;[32m✔&amp#27;[39m &amp#27;[32m&amp#27;[1mWhen &amp#27;[22mUser Close new window&amp#27;[39m                          &amp#27;[90m# training.steps.Steps.user_close_new_window()&amp#27;[39m
  &amp#27;[32m✔&amp#27;[39m &amp#27;[32m&amp#27;[1mAnd &amp#27;[22mUser is on &amp#27;[1m"HomePage"&amp#27;[22m&amp#27;[39m                           &amp#27;[90m# training.steps.Steps.user_is_on(java.lang.String)&amp#27;[39m
  &amp#27;[32m✔&amp#27;[39m &amp#27;[32m&amp#27;[1mThen &amp#27;[22mUser verify the text &amp#27;[1m"pagename"&amp#27;[22m &amp#27;[1m"Home"&amp#27;[22m&amp#27;[39m         &amp#27;[90m# training.steps.Steps.user_verify_the_text(java.lang.String,java.lang.String)&amp#27;[39m
]]></system-out>
    <system-err><![CDATA[Starting ChromeDriver 142.0.7444.175 (302067f14a4ea3f42001580e6101fa25ed343445-refs/branch-heads/7444@{#2749}) on port 25322
Only local connections are allowed.
Please see https://chromedriver.chromium.org/security-considerations for suggestions on keeping ChromeDriver safe.
ChromeDriver was started successfully on port 25322.
Dec 06, 2025 5:56:27 PM org.openqa.selenium.remote.ProtocolHandshake createSession
INFO: Detected dialect: W3C
]]></system-err>
  </testcase>
  <testcase name="TC09 Select UserMenu Logout" classname="Usermenu dropdown all testcases" time="17.651">
    <system-out><![CDATA[
@UserMenu @Logout
&amp#27;[1mScenario:&amp#27;[22m TC09 Select UserMenu Logout                  &amp#27;[90m# features/UserMenu.feature:129&amp#27;[39m
  &amp#27;[32m✔&amp#27;[39m &amp#27;[32m&amp#27;[1mGiven &amp#27;[22mUser secure launch the application&amp#27;[39m           &amp#27;[90m# training.steps.Steps.user_secure_launch_the_application()&amp#27;[39m
  &amp#27;[32m✔&amp#27;[39m &amp#27;[32m&amp#27;[1mGiven &amp#27;[22mUser is on &amp#27;[1m"HomePage"&amp#27;[22m&amp#27;[39m                        &amp#27;[90m# training.steps.Steps.user_is_on(java.lang.String)&amp#27;[39m
  &amp#27;[32m✔&amp#27;[39m &amp#27;[32m&amp#27;[1mWhen &amp#27;[22mUser click on link &amp#27;[1m"usermenu"&amp#27;[22m&amp#27;[39m                 &amp#27;[90m# training.steps.Steps.user_click_on_link(java.lang.String)&amp#27;[39m
  &amp#27;[32m✔&amp#27;[39m &amp#27;[32m&amp#27;[1mAnd &amp#27;[22mUser click on link &amp#27;[1m"logout"&amp#27;[22m&amp#27;[39m                    &amp#27;[90m# training.steps.Steps.user_click_on_link(java.lang.String)&amp#27;[39m
  &amp#27;[32m✔&amp#27;[39m &amp#27;[32m&amp#27;[1mAnd &amp#27;[22mUser is on &amp#27;[1m"LoginPage"&amp#27;[22m&amp#27;[39m                         &amp#27;[90m# training.steps.Steps.user_is_on(java.lang.String)&amp#27;[39m
  &amp#27;[32m✔&amp#27;[39m &amp#27;[32m&amp#27;[1mThen &amp#27;[22mUser verify the data is displayed &amp#27;[1m"loginform"&amp#27;[22m&amp#27;[39m &amp#27;[90m# training.steps.Steps.user_verify_the_data_is_displayed(java.lang.String)&amp#27;[39m
]]></system-out>
    <system-err><![CDATA[Starting ChromeDriver 142.0.7444.175 (302067f14a4ea3f42001580e6101fa25ed343445-refs/branch-heads/7444@{#2749}) on port 15593
Only local connections are allowed.
Please see https://chromedriver.chromium.org/security-considerations for suggestions on keeping ChromeDriver safe.
ChromeDriver was started successfully on port 15593.
Dec 06, 2025 5:56:49 PM org.openqa.selenium.remote.ProtocolHandshake createSession
INFO: Detected dialect: W3C
]]></system-err>
  </testcase>
</testsuite>